Copyright 1986-2019 Xilinx, Inc. All Rights Reserved.
--------------------------------------------------------------------------------------------
| Tool Version : Vivado v.2019.1 (win64) Build 2552052 Fri May 24 14:49:42 MDT 2019
| Date         : Thu Sep 23 17:39:56 2021
| Host         : B51-314-TS-W1 running 64-bit major release  (build 9200)
| Command      : report_control_sets -verbose -file GeopticCam_main_control_sets_placed.rpt
| Design       : GeopticCam_main
| Device       : xc7a35t
--------------------------------------------------------------------------------------------

Control Set Information

Table of Contents
-----------------
1. Summary
2. Histogram
3. Flip-Flop Distribution
4. Detailed Control Set Information

1. Summary
----------

+----------------------------------------------------------+-------+
|                          Status                          | Count |
+----------------------------------------------------------+-------+
| Total control sets                                       |     7 |
|    Minimum number of control sets                        |     7 |
|    Addition due to synthesis replication                 |     0 |
|    Addition due to physical synthesis replication        |     0 |
| Unused register locations in slices containing registers |    15 |
+----------------------------------------------------------+-------+
* Control sets can be merged at opt_design using control_set_merge or merge_equivalent_drivers
** Run report_qor_suggestions for automated merging and remapping suggestions


2. Histogram
------------

+--------------------+-------+
|       Fanout       | Count |
+--------------------+-------+
| Total control sets |     7 |
| >= 0 to < 4        |     0 |
| >= 4 to < 6        |     3 |
| >= 6 to < 8        |     1 |
| >= 8 to < 10       |     2 |
| >= 10 to < 12      |     0 |
| >= 12 to < 14      |     0 |
| >= 14 to < 16      |     0 |
| >= 16              |     1 |
+--------------------+-------+
* Control sets can be remapped at either synth_design or opt_design


3. Flip-Flop Distribution
-------------------------

+--------------+-----------------------+------------------------+-----------------+--------------+
| Clock Enable | Synchronous Set/Reset | Asynchronous Set/Reset | Total Registers | Total Slices |
+--------------+-----------------------+------------------------+-----------------+--------------+
| No           | No                    | No                     |              22 |           14 |
| No           | No                    | Yes                    |               0 |            0 |
| No           | Yes                   | No                     |               0 |            0 |
| Yes          | No                    | No                     |              30 |           14 |
| Yes          | No                    | Yes                    |               0 |            0 |
| Yes          | Yes                   | No                     |               5 |            2 |
+--------------+-----------------------+------------------------+-----------------+--------------+


4. Detailed Control Set Information
-----------------------------------

+--------------------+----------------------------------------------------------------------------------------+------------------------------------------------------------------------------------+------------------+----------------+
|    Clock Signal    |                                      Enable Signal                                     |                                  Set/Reset Signal                                  | Slice Load Count | Bel Load Count |
+--------------------+----------------------------------------------------------------------------------------+------------------------------------------------------------------------------------+------------------+----------------+
|  SYS_CLK_IBUF_BUFG | sensor_controller/camera_interface_config/i2c_master/core/clock/byte_counter_reg[0][0] |                                                                                    |                2 |              4 |
|  SYS_CLK_IBUF_BUFG | sensor_controller/camera_interface_config/i2c_master/core/clock/counter_reg[3]_0[0]    |                                                                                    |                2 |              4 |
|  SYS_CLK_IBUF_BUFG | sensor_controller/camera_interface_config/i2c_master/core/clock/counter[6]_i_2_n_0     | sensor_controller/camera_interface_config/i2c_master/core/clock/counter[6]_i_1_n_0 |                2 |              5 |
|  SYS_CLK_IBUF_BUFG | sensor_controller/camera_interface_config/i2c_master/core/clock/transfer_start_reg[0]  |                                                                                    |                3 |              6 |
|  SYS_CLK_IBUF_BUFG | sensor_controller/camera_interface_config/i2c_master/core/clock/E[0]                   |                                                                                    |                3 |              8 |
|  SYS_CLK_IBUF_BUFG | sensor_controller/camera_interface_config/i2c_master/core/sensor_state_reg[2]_0[0]     |                                                                                    |                4 |              8 |
|  SYS_CLK_IBUF_BUFG |                                                                                        |                                                                                    |               14 |             22 |
+--------------------+----------------------------------------------------------------------------------------+------------------------------------------------------------------------------------+------------------+----------------+


