#-----------------------------------------------------------
# Vivado v2012.4 (64-bit)
# Build 222254 by xbuild on Tue Dec 18 05:21:09 MST 2012
# Start of session at: Thu Sep 02 17:26:12 2021
# Process ID: 11072
# Log file: D:/Library_Projects_FPGA/GeopticCam/vivado.log
# Journal file: D:/Library_Projects_FPGA/GeopticCam\vivado.jou
#-----------------------------------------------------------
INFO: [Common 17-81] Feature available: Implementation
INFO: [Common 17-81] Feature available: Rodin_SystemBuilder
INFO: [Common 17-81] Feature available: Synthesis
INFO: [Device 21-36] Loading parts and site information from D:/Program/Xilinx/14.4/14.4/ISE_DS/PlanAhead/data/parts/arch.xml
Parsing RTL primitives file [D:/Program/Xilinx/14.4/14.4/ISE_DS/PlanAhead/data/parts/xilinx/rtl/prims/rtl_prims.xml]
Finished parsing RTL primitives file [D:/Program/Xilinx/14.4/14.4/ISE_DS/PlanAhead/data/parts/xilinx/rtl/prims/rtl_prims.xml]
start_gui
open_project {D:\Library_Projects_FPGA\GeopticCam\GeopticCam.xpr}
WARNING: [Common 17-119] Forward Compatibility: results may vary with future version of Project XML in file: D:/Library_Projects_FPGA/GeopticCam/GeopticCam.xpr
CRITICAL WARNING: [Project 1-222] Invalid project part 'xc7a35tftg256-2' was replaced with default part 'xc7vx485tffg1157-1'
WARNING: [Project 1-231] Project 'GeopticCam.xpr' was created with a future version and may or may not perform reliably with this version of Vivado. It has been opened in read-only mode for the protection of unrecognized data. Use 'File | Save Project As...' if you wish to alter a copy of the project.
WARNING: [Project 1-264] Active simulation fileset with name 'sim_1' not found.
exit
INFO: [Common 17-206] Exiting Vivado at Thu Sep 02 17:26:31 2021...
