#-----------------------------------------------------------
# Vivado v2019.1 (64-bit)
# SW Build 2552052 on Fri May 24 14:49:42 MDT 2019
# IP Build 2548770 on Fri May 24 18:01:18 MDT 2019
# Start of session at: Mon Sep  6 22:11:29 2021
# Process ID: 31484
# Current directory: C:/ForDreams/Xilinx/Projects/GeopticCam
# Command line: vivado.exe -gui_launcher_event rodinguilauncherevent92804 C:\ForDreams\Xilinx\Projects\GeopticCam\GeopticCam.xpr
# Log file: C:/ForDreams/Xilinx/Projects/GeopticCam/vivado.log
# Journal file: C:/ForDreams/Xilinx/Projects/GeopticCam\vivado.jou
#-----------------------------------------------------------
start_gui
open_project C:/ForDreams/Xilinx/Projects/GeopticCam/GeopticCam.xpr
Scanning sources...
Finished scanning sources
INFO: [IP_Flow 19-234] Refreshing IP repositories
INFO: [IP_Flow 19-1704] No user IP repositories specified
INFO: [IP_Flow 19-2313] Loaded Vivado IP repository 'C:/ForDreams/Xilinx/Vivado2019/Vivado/2019.1/data/ip'.
open_project: Time (s): cpu = 00:00:16 ; elapsed = 00:00:09 . Memory (MB): peak = 804.621 ; gain = 147.504
update_compile_order -fileset sources_1
reset_run synth_1
launch_runs impl_1 -to_step write_bitstream -jobs 2
[Mon Sep  6 22:12:45 2021] Launched synth_1...
Run output will be captured here: C:/ForDreams/Xilinx/Projects/GeopticCam/GeopticCam.runs/synth_1/runme.log
[Mon Sep  6 22:12:46 2021] Launched impl_1...
Run output will be captured here: C:/ForDreams/Xilinx/Projects/GeopticCam/GeopticCam.runs/impl_1/runme.log
update_compile_order -fileset sources_1
reset_run synth_1
launch_runs impl_1 -to_step write_bitstream -jobs 2
[Mon Sep  6 22:20:40 2021] Launched synth_1...
Run output will be captured here: C:/ForDreams/Xilinx/Projects/GeopticCam/GeopticCam.runs/synth_1/runme.log
[Mon Sep  6 22:20:40 2021] Launched impl_1...
Run output will be captured here: C:/ForDreams/Xilinx/Projects/GeopticCam/GeopticCam.runs/impl_1/runme.log
reset_run synth_1
launch_runs impl_1 -to_step write_bitstream -jobs 4
[Mon Sep  6 22:27:10 2021] Launched synth_1...
Run output will be captured here: C:/ForDreams/Xilinx/Projects/GeopticCam/GeopticCam.runs/synth_1/runme.log
[Mon Sep  6 22:27:10 2021] Launched impl_1...
Run output will be captured here: C:/ForDreams/Xilinx/Projects/GeopticCam/GeopticCam.runs/impl_1/runme.log
reset_run synth_1
launch_runs impl_1 -to_step write_bitstream -jobs 4
[Mon Sep  6 22:30:21 2021] Launched synth_1...
Run output will be captured here: C:/ForDreams/Xilinx/Projects/GeopticCam/GeopticCam.runs/synth_1/runme.log
[Mon Sep  6 22:30:21 2021] Launched impl_1...
Run output will be captured here: C:/ForDreams/Xilinx/Projects/GeopticCam/GeopticCam.runs/impl_1/runme.log
WARNING: [IP_Flow 19-4067] Ignoring invalid widget type specified checkbox.Providing a default widget
open_hw
connect_hw_server
INFO: [Labtools 27-2285] Connecting to hw_server url TCP:localhost:3121
INFO: [Labtools 27-2222] Launching hw_server...
INFO: [Labtools 27-2221] Launch Output:

****** Xilinx hw_server v2019.1
  **** Build date : May 24 2019 at 15:13:31
    ** Copyright 1986-2019 Xilinx, Inc. All Rights Reserved.


connect_hw_server: Time (s): cpu = 00:00:02 ; elapsed = 00:00:13 . Memory (MB): peak = 1185.313 ; gain = 0.000
open_hw_target
INFO: [Labtoolstcl 44-466] Opening hw_target localhost:3121/xilinx_tcf/Xilinx/13724327082a01
open_hw_target: Time (s): cpu = 00:00:06 ; elapsed = 00:00:06 . Memory (MB): peak = 2149.531 ; gain = 964.219
set_property PROGRAM.FILE {C:/ForDreams/Xilinx/Projects/GeopticCam/GeopticCam.runs/impl_1/IMX477_wrapper.bit} [get_hw_devices xc7a35t_0]
current_hw_device [get_hw_devices xc7a35t_0]
refresh_hw_device -update_hw_probes false [lindex [get_hw_devices xc7a35t_0] 0]
INFO: [Labtools 27-2302] Device xc7a35t (JTAG device index = 0) is programmed with a design that has 2 ILA core(s).
refresh_hw_device: Time (s): cpu = 00:00:10 ; elapsed = 00:00:06 . Memory (MB): peak = 2199.203 ; gain = 47.648
set_property PROBES.FILE {} [get_hw_devices xc7a35t_0]
set_property FULL_PROBES.FILE {} [get_hw_devices xc7a35t_0]
set_property PROGRAM.FILE {C:/ForDreams/Xilinx/Projects/GeopticCam/GeopticCam.runs/impl_1/IMX477_wrapper.bit} [get_hw_devices xc7a35t_0]
program_hw_devices [get_hw_devices xc7a35t_0]
INFO: [Labtools 27-3164] End of startup status: HIGH
program_hw_devices: Time (s): cpu = 00:00:06 ; elapsed = 00:00:07 . Memory (MB): peak = 2199.203 ; gain = 0.000
refresh_hw_device [lindex [get_hw_devices xc7a35t_0] 0]
INFO: [Labtools 27-1434] Device xc7a35t (JTAG device index = 0) is programmed with a design that has no supported debug core(s) in it.
WARNING: [IP_Flow 19-4067] Ignoring invalid widget type specified checkbox.Providing a default widget
create_ip -name ila -vendor xilinx.com -library ip -version 6.2 -module_name ila_0 -dir c:/ForDreams/Xilinx/Projects/GeopticCam/GeopticCam.srcs/sources_1/ip
set_property -dict [list CONFIG.C_NUM_OF_PROBES {2}] [get_ips ila_0]
generate_target {instantiation_template} [get_files c:/ForDreams/Xilinx/Projects/GeopticCam/GeopticCam.srcs/sources_1/ip/ila_0/ila_0.xci]
INFO: [IP_Flow 19-1686] Generating 'Instantiation Template' target for IP 'ila_0'...
update_compile_order -fileset sources_1
generate_target all [get_files  c:/ForDreams/Xilinx/Projects/GeopticCam/GeopticCam.srcs/sources_1/ip/ila_0/ila_0.xci]
INFO: [IP_Flow 19-1686] Generating 'Synthesis' target for IP 'ila_0'...
WARNING: [IP_Flow 19-4994] Overwriting existing constraint file 'c:/ForDreams/Xilinx/Projects/GeopticCam/GeopticCam.srcs/sources_1/ip/ila_0/ila_0_ooc.xdc'
INFO: [IP_Flow 19-1686] Generating 'Simulation' target for IP 'ila_0'...
INFO: [IP_Flow 19-1686] Generating 'Implementation' target for IP 'ila_0'...
INFO: [IP_Flow 19-1686] Generating 'Change Log' target for IP 'ila_0'...
catch { config_ip_cache -export [get_ips -all ila_0] }
export_ip_user_files -of_objects [get_files c:/ForDreams/Xilinx/Projects/GeopticCam/GeopticCam.srcs/sources_1/ip/ila_0/ila_0.xci] -no_script -sync -force -quiet
create_ip_run [get_files -of_objects [get_fileset sources_1] c:/ForDreams/Xilinx/Projects/GeopticCam/GeopticCam.srcs/sources_1/ip/ila_0/ila_0.xci]
launch_runs -jobs 4 ila_0_synth_1
[Mon Sep  6 22:36:30 2021] Launched ila_0_synth_1...
Run output will be captured here: C:/ForDreams/Xilinx/Projects/GeopticCam/GeopticCam.runs/ila_0_synth_1/runme.log
export_simulation -of_objects [get_files c:/ForDreams/Xilinx/Projects/GeopticCam/GeopticCam.srcs/sources_1/ip/ila_0/ila_0.xci] -directory C:/ForDreams/Xilinx/Projects/GeopticCam/GeopticCam.ip_user_files/sim_scripts -ip_user_files_dir C:/ForDreams/Xilinx/Projects/GeopticCam/GeopticCam.ip_user_files -ipstatic_source_dir C:/ForDreams/Xilinx/Projects/GeopticCam/GeopticCam.ip_user_files/ipstatic -lib_map_path [list {modelsim=C:/ForDreams/Xilinx/Projects/GeopticCam/GeopticCam.cache/compile_simlib/modelsim} {questa=C:/ForDreams/Xilinx/Projects/GeopticCam/GeopticCam.cache/compile_simlib/questa} {riviera=C:/ForDreams/Xilinx/Projects/GeopticCam/GeopticCam.cache/compile_simlib/riviera} {activehdl=C:/ForDreams/Xilinx/Projects/GeopticCam/GeopticCam.cache/compile_simlib/activehdl}] -use_ip_compiled_libs -force -quiet
reset_run synth_1
WARNING: [Vivado 12-1017] Problems encountered:
1. Failed to delete one or more files in run directory C:/ForDreams/Xilinx/Projects/GeopticCam/GeopticCam.runs/synth_1

launch_runs impl_1 -to_step write_bitstream -jobs 4
[Mon Sep  6 22:41:03 2021] Launched synth_1...
Run output will be captured here: C:/ForDreams/Xilinx/Projects/GeopticCam/GeopticCam.runs/synth_1/runme.log
[Mon Sep  6 22:41:03 2021] Launched impl_1...
Run output will be captured here: C:/ForDreams/Xilinx/Projects/GeopticCam/GeopticCam.runs/impl_1/runme.log
launch_runs: Time (s): cpu = 00:00:02 ; elapsed = 00:00:58 . Memory (MB): peak = 2293.730 ; gain = 1.344
reset_run synth_1
WARNING: [Vivado 12-1017] Problems encountered:
1. Failed to delete one or more files in run directory C:/ForDreams/Xilinx/Projects/GeopticCam/GeopticCam.runs/synth_1

launch_runs impl_1 -to_step write_bitstream -jobs 4
[Mon Sep  6 22:43:08 2021] Launched synth_1...
Run output will be captured here: C:/ForDreams/Xilinx/Projects/GeopticCam/GeopticCam.runs/synth_1/runme.log
[Mon Sep  6 22:43:08 2021] Launched impl_1...
Run output will be captured here: C:/ForDreams/Xilinx/Projects/GeopticCam/GeopticCam.runs/impl_1/runme.log
reset_run synth_1
WARNING: [Vivado 12-1017] Problems encountered:
1. Failed to delete one or more files in run directory C:/ForDreams/Xilinx/Projects/GeopticCam/GeopticCam.runs/synth_1

launch_runs impl_1 -to_step write_bitstream -jobs 4
[Mon Sep  6 22:49:19 2021] Launched synth_1...
Run output will be captured here: C:/ForDreams/Xilinx/Projects/GeopticCam/GeopticCam.runs/synth_1/runme.log
[Mon Sep  6 22:49:19 2021] Launched impl_1...
Run output will be captured here: C:/ForDreams/Xilinx/Projects/GeopticCam/GeopticCam.runs/impl_1/runme.log
launch_runs: Time (s): cpu = 00:00:00 ; elapsed = 00:00:28 . Memory (MB): peak = 2311.980 ; gain = 0.000
reset_run impl_1
reset_run synth_1
WARNING: [Vivado 12-1017] Problems encountered:
1. Failed to delete one or more files in run directory C:/ForDreams/Xilinx/Projects/GeopticCam/GeopticCam.runs/synth_1

launch_runs impl_1 -to_step write_bitstream -jobs 4
[Mon Sep  6 22:59:34 2021] Launched synth_1...
Run output will be captured here: C:/ForDreams/Xilinx/Projects/GeopticCam/GeopticCam.runs/synth_1/runme.log
[Mon Sep  6 22:59:34 2021] Launched impl_1...
Run output will be captured here: C:/ForDreams/Xilinx/Projects/GeopticCam/GeopticCam.runs/impl_1/runme.log
set_property PROBES.FILE {C:/ForDreams/Xilinx/Projects/GeopticCam/GeopticCam.runs/impl_1/IMX477_wrapper.ltx} [get_hw_devices xc7a35t_0]
set_property FULL_PROBES.FILE {C:/ForDreams/Xilinx/Projects/GeopticCam/GeopticCam.runs/impl_1/IMX477_wrapper.ltx} [get_hw_devices xc7a35t_0]
set_property PROGRAM.FILE {C:/ForDreams/Xilinx/Projects/GeopticCam/GeopticCam.runs/impl_1/IMX477_wrapper.bit} [get_hw_devices xc7a35t_0]
program_hw_devices [get_hw_devices xc7a35t_0]
INFO: [Labtools 27-3164] End of startup status: HIGH
program_hw_devices: Time (s): cpu = 00:00:07 ; elapsed = 00:00:06 . Memory (MB): peak = 2311.980 ; gain = 0.000
refresh_hw_device [lindex [get_hw_devices xc7a35t_0] 0]
WARNING: [Xicom 50-38] xicom: No CseXsdb register file specified for CseXsdb slave type: 0, cse driver version: 0. Slave initialization skipped.
INFO: [Labtools 27-1434] Device xc7a35t (JTAG device index = 0) is programmed with a design that has no supported debug core(s) in it.
WARNING: [Labtools 27-3361] The debug hub core was not detected.
Resolution: 
1. Make sure the clock connected to the debug hub (dbg_hub) core is a free running clock and is active.
2. Make sure the BSCAN_SWITCH_USER_MASK device property in Vivado Hardware Manager reflects the user scan chain setting in the design and refresh the device.  To determine the user scan chain setting in the design, open the implemented design and use 'get_property C_USER_SCAN_CHAIN [get_debug_cores dbg_hub]'.
For more details on setting the scan chain property, consult the Vivado Debug and Programming User Guide (UG908).
WARNING: [Labtools 27-3413] Dropping logic core with cellname:'test_ila' at location 'uuid_2ABAE396678654A882191756A3B83B02' from probes file, since it cannot be found on the programmed device.
ERROR: [Labtoolstcl 44-513] HW Target shutdown. Closing target: localhost:3121/xilinx_tcf/Xilinx/13724327082a01
INFO: [Labtoolstcl 44-466] Opening hw_target localhost:3121/xilinx_tcf/Xilinx/13724327082a01
INFO: [Labtools 27-1435] Device xc7a35t (JTAG device index = 0) is not programmed (DONE status = 0).
WARNING: [Labtoolstcl 44-129] No matching hw_ila_data was found.
set_property PROBES.FILE {C:/ForDreams/Xilinx/Projects/GeopticCam/GeopticCam.runs/impl_1/IMX477_wrapper.ltx} [get_hw_devices xc7a35t_0]
set_property FULL_PROBES.FILE {C:/ForDreams/Xilinx/Projects/GeopticCam/GeopticCam.runs/impl_1/IMX477_wrapper.ltx} [get_hw_devices xc7a35t_0]
set_property PROGRAM.FILE {C:/ForDreams/Xilinx/Projects/GeopticCam/GeopticCam.runs/impl_1/IMX477_wrapper.bit} [get_hw_devices xc7a35t_0]
program_hw_devices [get_hw_devices xc7a35t_0]
INFO: [Labtools 27-3164] End of startup status: HIGH
program_hw_devices: Time (s): cpu = 00:00:06 ; elapsed = 00:00:06 . Memory (MB): peak = 2332.738 ; gain = 0.000
refresh_hw_device [lindex [get_hw_devices xc7a35t_0] 0]
WARNING: [Xicom 50-38] xicom: No CseXsdb register file specified for CseXsdb slave type: 0, cse driver version: 0. Slave initialization skipped.
INFO: [Labtools 27-1434] Device xc7a35t (JTAG device index = 0) is programmed with a design that has no supported debug core(s) in it.
WARNING: [Labtools 27-3361] The debug hub core was not detected.
Resolution: 
1. Make sure the clock connected to the debug hub (dbg_hub) core is a free running clock and is active.
2. Make sure the BSCAN_SWITCH_USER_MASK device property in Vivado Hardware Manager reflects the user scan chain setting in the design and refresh the device.  To determine the user scan chain setting in the design, open the implemented design and use 'get_property C_USER_SCAN_CHAIN [get_debug_cores dbg_hub]'.
For more details on setting the scan chain property, consult the Vivado Debug and Programming User Guide (UG908).
WARNING: [Labtools 27-3413] Dropping logic core with cellname:'test_ila' at location 'uuid_2ABAE396678654A882191756A3B83B02' from probes file, since it cannot be found on the programmed device.
refresh_hw_device [lindex [get_hw_devices xc7a35t_0] 0]
INFO: [Labtools 27-1434] Device xc7a35t (JTAG device index = 0) is programmed with a design that has no supported debug core(s) in it.
WARNING: [Labtools 27-3361] The debug hub core was not detected.
Resolution: 
1. Make sure the clock connected to the debug hub (dbg_hub) core is a free running clock and is active.
2. Make sure the BSCAN_SWITCH_USER_MASK device property in Vivado Hardware Manager reflects the user scan chain setting in the design and refresh the device.  To determine the user scan chain setting in the design, open the implemented design and use 'get_property C_USER_SCAN_CHAIN [get_debug_cores dbg_hub]'.
For more details on setting the scan chain property, consult the Vivado Debug and Programming User Guide (UG908).
WARNING: [Labtools 27-3413] Dropping logic core with cellname:'test_ila' at location 'uuid_2ABAE396678654A882191756A3B83B02' from probes file, since it cannot be found on the programmed device.
refresh_hw_device [lindex [get_hw_devices xc7a35t_0] 0]
INFO: [Labtools 27-1434] Device xc7a35t (JTAG device index = 0) is programmed with a design that has no supported debug core(s) in it.
WARNING: [Labtools 27-3361] The debug hub core was not detected.
Resolution: 
1. Make sure the clock connected to the debug hub (dbg_hub) core is a free running clock and is active.
2. Make sure the BSCAN_SWITCH_USER_MASK device property in Vivado Hardware Manager reflects the user scan chain setting in the design and refresh the device.  To determine the user scan chain setting in the design, open the implemented design and use 'get_property C_USER_SCAN_CHAIN [get_debug_cores dbg_hub]'.
For more details on setting the scan chain property, consult the Vivado Debug and Programming User Guide (UG908).
WARNING: [Labtools 27-3413] Dropping logic core with cellname:'test_ila' at location 'uuid_2ABAE396678654A882191756A3B83B02' from probes file, since it cannot be found on the programmed device.
refresh_hw_sysmon  [get_hw_sysmons localhost:3121/xilinx_tcf/Xilinx/13724327082a01/xc7a35t_0/SYSMON]
refresh_hw_device [lindex [get_hw_devices xc7a35t_0] 0]
INFO: [Labtools 27-1434] Device xc7a35t (JTAG device index = 0) is programmed with a design that has no supported debug core(s) in it.
WARNING: [Labtools 27-3361] The debug hub core was not detected.
Resolution: 
1. Make sure the clock connected to the debug hub (dbg_hub) core is a free running clock and is active.
2. Make sure the BSCAN_SWITCH_USER_MASK device property in Vivado Hardware Manager reflects the user scan chain setting in the design and refresh the device.  To determine the user scan chain setting in the design, open the implemented design and use 'get_property C_USER_SCAN_CHAIN [get_debug_cores dbg_hub]'.
For more details on setting the scan chain property, consult the Vivado Debug and Programming User Guide (UG908).
WARNING: [Labtools 27-3413] Dropping logic core with cellname:'test_ila' at location 'uuid_2ABAE396678654A882191756A3B83B02' from probes file, since it cannot be found on the programmed device.
set_property PROBES.FILE {C:/ForDreams/Xilinx/Projects/GeopticCam/GeopticCam.runs/impl_1/IMX477_wrapper.ltx} [get_hw_devices xc7a35t_0]
set_property FULL_PROBES.FILE {C:/ForDreams/Xilinx/Projects/GeopticCam/GeopticCam.runs/impl_1/IMX477_wrapper.ltx} [get_hw_devices xc7a35t_0]
set_property PROGRAM.FILE {C:/ForDreams/Xilinx/Projects/GeopticCam/GeopticCam.runs/impl_1/IMX477_wrapper.bit} [get_hw_devices xc7a35t_0]
program_hw_devices [get_hw_devices xc7a35t_0]
INFO: [Labtools 27-3164] End of startup status: HIGH
program_hw_devices: Time (s): cpu = 00:00:06 ; elapsed = 00:00:06 . Memory (MB): peak = 2332.738 ; gain = 0.000
refresh_hw_device [lindex [get_hw_devices xc7a35t_0] 0]
WARNING: [Xicom 50-38] xicom: No CseXsdb register file specified for CseXsdb slave type: 0, cse driver version: 0. Slave initialization skipped.
INFO: [Labtools 27-1434] Device xc7a35t (JTAG device index = 0) is programmed with a design that has no supported debug core(s) in it.
WARNING: [Labtools 27-3361] The debug hub core was not detected.
Resolution: 
1. Make sure the clock connected to the debug hub (dbg_hub) core is a free running clock and is active.
2. Make sure the BSCAN_SWITCH_USER_MASK device property in Vivado Hardware Manager reflects the user scan chain setting in the design and refresh the device.  To determine the user scan chain setting in the design, open the implemented design and use 'get_property C_USER_SCAN_CHAIN [get_debug_cores dbg_hub]'.
For more details on setting the scan chain property, consult the Vivado Debug and Programming User Guide (UG908).
WARNING: [Labtools 27-3413] Dropping logic core with cellname:'test_ila' at location 'uuid_2ABAE396678654A882191756A3B83B02' from probes file, since it cannot be found on the programmed device.
exit
INFO: [Common 17-206] Exiting Vivado at Mon Sep  6 23:13:16 2021...
