#
# A fatal error has been detected by the Java Runtime Environment:
#
#  EXCEPTION_ACCESS_VIOLATION (0xc0000005) at pc=0x00007ffa2f28a1a5, pid=10004, tid=2316
#
# JRE version: Java(TM) SE Runtime Environment (9.0+11) (build 9.0.4+11)
# Java VM: Java HotSpot(TM) 64-Bit Server VM (9.0.4+11, mixed mode, tiered, compressed oops, g1 gc, windows-amd64)
# Problematic frame:
# C  [librdi_common.dll+0x17a1a5]
#
# No core dump will be written. Minidumps are not enabled by default on client versions of Windows
#
# If you would like to submit a bug report, please visit:
#   http://bugreport.java.com/bugreport/crash.jsp
# The crash happened outside the Java Virtual Machine in native code.
# See problematic frame for where to report the bug.
#

---------------  S U M M A R Y ------------

Command Line: -Dsun.java2d.pmoffscreen=false -Dsun.java2d.xrender=false -Dsun.java2d.d3d=false -Dsun.awt.nopixfmt=true -Dsun.java2d.dpiaware=true -Dsun.java2d.uiScale.enabled=false -Xverify:none -Dswing.aatext=true -XX:-UsePerfData -Djdk.map.althashing.threshold=512 -XX:StringTableSize=4072 --add-opens=java.base/java.nio=ALL-UNNAMED --add-opens=java.desktop/sun.swing=ALL-UNNAMED --add-opens=java.desktop/javax.swing=ALL-UNNAMED --add-opens=java.desktop/javax.swing.tree=ALL-UNNAMED --add-opens=java.desktop/javax.swing.plaf.basic=ALL-UNNAMED --add-opens=java.desktop/javax.swing.plaf.synth=ALL-UNNAMED --add-opens=java.desktop/com.sun.awt=ALL-UNNAMED -XX:NewSize=60m -XX:MaxNewSize=60m -Xms128m -Xmx3072m -Xss5m 

Host: Intel(R) Core(TM) i7-7700K CPU @ 4.20GHz, 8 cores, 31G,  Windows 10 , 64 bit Build 18362 (10.0.18362.959)
Time: Tue Sep 14 14:15:06 2021 RTZ 2 (ceia) elapsed time: 17627 seconds (0d 4h 53m 47s)

---------------  T H R E A D  ---------------

Current thread (0x000002851b412800):  JavaThread "AWT-EventQueue-1" [_thread_in_native, id=2316, stack(0x000000efa5f00000,0x000000efa6400000)]

Stack: [0x000000efa5f00000,0x000000efa6400000],  sp=0x000000efa63fb2a0,  free space=5100k
Native frames: (J=compiled Java code, j=interpreted, Vv=VM code, C=native code)
C  [librdi_common.dll+0x17a1a5]
C  [librdi_common.dll+0x16ee15]
C  [librdi_common.dll+0x1386da]
C  0x00007ff9fc1d1eff
C  0x00007ff9fc2521df
C  0x00007ff9fc259e19
C  0x00007ff9fc22a4cb
C  0x00007ff9fc266de7
C  0x000002852dc9c23a

Java frames: (J=compiled Java code, j=interpreted, Vv=VM code)
J 24804  ui.views.waveform.waveformi.WVExecutive_getTooltipTextDelayed(J)Ljava/lang/String; (0 bytes) @ 0x000002852dc9c1a1 [0x000002852dc9c160+0x0000000000000041]
J 26535 c2 ui.views.waveform.b.a.mouseMoved(Ljava/awt/event/MouseEvent;)V (32 bytes) @ 0x000002852d0033e0 [0x000002852d003220+0x00000000000001c0]
J 17854 c2 java.awt.AWTEventMulticaster.mouseMoved(Ljava/awt/event/MouseEvent;)V java.desktop@9.0.4 (27 bytes) @ 0x000002852c6f0774 [0x000002852c6f06c0+0x00000000000000b4]
J 26534 c2 ui.frmwork.c.i.processMouseMotionEvent(Ljava/awt/event/MouseEvent;)V (131 bytes) @ 0x000002852d043204 [0x000002852d042e80+0x0000000000000384]
J 14003 c2 java.awt.Container.processEvent(Ljava/awt/AWTEvent;)V java.desktop@9.0.4 (22 bytes) @ 0x000002852cea2e98 [0x000002852cea2d20+0x0000000000000178]
J 24198 c2 java.awt.Component.dispatchEventImpl(Ljava/awt/AWTEvent;)V java.desktop@9.0.4 (739 bytes) @ 0x000002852dbdea50 [0x000002852dbddc20+0x0000000000000e30]
J 24213 c2 java.awt.Container.dispatchEventImpl(Ljava/awt/AWTEvent;)V java.desktop@9.0.4 (129 bytes) @ 0x000002852dbe6f38 [0x000002852dbe6ee0+0x0000000000000058]
J 24702 c2 java.awt.LightweightDispatcher.retargetMouseEvent(Ljava/awt/Component;ILjava/awt/event/MouseEvent;)V java.desktop@9.0.4 (350 bytes) @ 0x000002852dc737d4 [0x000002852dc73220+0x00000000000005b4]
J 17883 c2 java.awt.LightweightDispatcher.processMouseEvent(Ljava/awt/event/MouseEvent;)Z java.desktop@9.0.4 (265 bytes) @ 0x000002852cab7360 [0x000002852cab6ba0+0x00000000000007c0]
J 24213 c2 java.awt.Container.dispatchEventImpl(Ljava/awt/AWTEvent;)V java.desktop@9.0.4 (129 bytes) @ 0x000002852dbe73f0 [0x000002852dbe6ee0+0x0000000000000510]
J 17855 c2 java.awt.Window.dispatchEventImpl(Ljava/awt/AWTEvent;)V java.desktop@9.0.4 (23 bytes) @ 0x000002852c7e528c [0x000002852c7e5240+0x000000000000004c]
J 15084 c2 java.awt.EventQueue$3.run()Ljava/lang/Object; java.desktop@9.0.4 (5 bytes) @ 0x000002852d067968 [0x000002852d0677c0+0x00000000000001a8]
v  ~StubRoutines::call_stub
J 4293  java.security.AccessController.doPrivileged(Ljava/security/PrivilegedAction;Ljava/security/AccessControlContext;)Ljava/lang/Object; java.base@9.0.4 (0 bytes) @ 0x000002852c6104c6 [0x000002852c610460+0x0000000000000066]
J 17053 c2 java.awt.EventQueue$4.run()Ljava/lang/Object; java.desktop@9.0.4 (5 bytes) @ 0x000002852caf7f40 [0x000002852caf7ce0+0x0000000000000260]
v  ~StubRoutines::call_stub
J 4293  java.security.AccessController.doPrivileged(Ljava/security/PrivilegedAction;Ljava/security/AccessControlContext;)Ljava/lang/Object; java.base@9.0.4 (0 bytes) @ 0x000002852c6104c6 [0x000002852c610460+0x0000000000000066]
J 14941 c2 ui.frmwork.b.d.dispatchEvent(Ljava/awt/AWTEvent;)V (34 bytes) @ 0x000002852d0395cc [0x000002852d039180+0x000000000000044c]
J 24885 c2 java.awt.EventDispatchThread.pumpOneEventForFilters(I)V java.desktop@9.0.4 (218 bytes) @ 0x000002852dcd3b64 [0x000002852dcd3800+0x0000000000000364]
J 20164% c2 java.awt.EventDispatchThread.pumpEventsForFilter(ILjava/awt/Conditional;Ljava/awt/EventFilter;)V java.desktop@9.0.4 (47 bytes) @ 0x000002852cd870d8 [0x000002852cd86fc0+0x0000000000000118]
j  java.awt.EventDispatchThread.pumpEventsForHierarchy(ILjava/awt/Conditional;Ljava/awt/Component;)V+11 java.desktop@9.0.4
j  java.awt.EventDispatchThread.pumpEvents(ILjava/awt/Conditional;)V+4 java.desktop@9.0.4
j  java.awt.EventDispatchThread.pumpEvents(Ljava/awt/Conditional;)V+3 java.desktop@9.0.4
j  java.awt.EventDispatchThread.run()V+9 java.desktop@9.0.4
v  ~StubRoutines::call_stub

siginfo: EXCEPTION_ACCESS_VIOLATION (0xc0000005), reading address 0xffffffffffffffff


Register to memory mapping:

RIP=0x00007ffa2f28a1a5 librdi_common.dll
RAX=0x00000285106fb301 is an unknown value
RBX=0x900326003c33aa37 is an unknown value
RCX=0x00000285106fb320 is an unknown value
RDX=0x900326003c33aa37 is an unknown value
RSP=0x000000efa63fb2a0 is pointing into the stack for thread: 0x000002851b412800
RBP=0x000000efa63fb3d0 is pointing into the stack for thread: 0x000002851b412800
RSI=0x0000028589308650 is an unknown value
RDI=0x000000efa63fb4b8 is pointing into the stack for thread: 0x000002851b412800
R8 =0x000000efa63fb4b8 is pointing into the stack for thread: 0x000002851b412800
R9 =0x0000000000000000 is an unknown value
R10=0x000002854ab2b788 is an unknown value
R11=0x000002853deea5b8 is an unknown value
R12=0x000000efa63fb4b8 is pointing into the stack for thread: 0x000002851b412800
R13=0x0000000000000000 is an unknown value
R14=0x000002850eb9ab60 is an unknown value
R15=0x900326003c33aa37 is an unknown value


Registers:
RAX=0x00000285106fb301, RBX=0x900326003c33aa37, RCX=0x00000285106fb320, RDX=0x900326003c33aa37
RSP=0x000000efa63fb2a0, RBP=0x000000efa63fb3d0, RSI=0x0000028589308650, RDI=0x000000efa63fb4b8
R8 =0x000000efa63fb4b8, R9 =0x0000000000000000, R10=0x000002854ab2b788, R11=0x000002853deea5b8
R12=0x000000efa63fb4b8, R13=0x0000000000000000, R14=0x000002850eb9ab60, R15=0x900326003c33aa37
RIP=0x00007ffa2f28a1a5, EFLAGS=0x0000000000010202

Top of Stack: (sp=0x000000efa63fb2a0)
0x000000efa63fb2a0:   000000efa63fb650 00007ffa64f22f07
0x000000efa63fb2b0:   000000ef00000000 900326003c33aa37
0x000000efa63fb2c0:   900326003c33aa37 00007ffa2f27ee15
0x000000efa63fb2d0:   000000efa63fb500 00007ffa64f2319f
0x000000efa63fb2e0:   00003faace7dc5bf 000002854d2466e0
0x000000efa63fb2f0:   000002854d2466e0 000002853deea590
0x000000efa63fb300:   0000000000000002 00007ffa2f2e8985
0x000000efa63fb310:   0000028543a0ace0 000002853deea598
0x000000efa63fb320:   000002853deea5d8 000002853deea590
0x000000efa63fb330:   fffffffffffffffe 00007ffa2f856a6d
0x000000efa63fb340:   fffffffffffffffe 00007ffa2ff43fe0
0x000000efa63fb350:   000002853deea590 000002850ebd2458
0x000000efa63fb360:   000000efa63fb4b8 00007ffa2f2e7c76
0x000000efa63fb370:   000002853deea590 000000efa63fb4b8
0x000000efa63fb380:   0000028500000002 0000000000000000
0x000000efa63fb390:   fffffffffffffffe 000000000000000f 

Instructions: (pc=0x00007ffa2f28a1a5)
0x00007ffa2f28a185:   20 48 8b d9 e8 22 c4 04 00 48 8b c8 48 8b d3 e8
0x00007ffa2f28a195:   27 0d 05 00 84 c0 75 08 33 c0 48 83 c4 20 5b c3
0x00007ffa2f28a1a5:   48 8b 4b 50 48 85 c9 74 0a 48 83 c4 20 5b e9 68
0x00007ffa2f28a1b5:   e2 04 00 48 8b d3 48 8d 0d 26 fc 73 00 e8 59 b7 



---------------  P R O C E S S  ---------------

Java Threads: ( => current thread )
  0x000002854ca74800 JavaThread "Relaunch Simulation" [_thread_blocked, id=7796, stack(0x000000efa9000000,0x000000efa9500000)]
  0x000002854ca6d000 JavaThread "Thread-2126" [_thread_in_native, id=1192, stack(0x000000efa9700000,0x000000efa9800000)]
  0x000002854ca6c800 JavaThread "SyntheticaAnimation 50" daemon [_thread_blocked, id=1080, stack(0x000000efaa700000,0x000000efaac00000)]
  0x000002854ca6e800 JavaThread "Image Animator 0" daemon [_thread_blocked, id=2996, stack(0x000000efaac00000,0x000000efab100000)]
  0x000002854ca71000 JavaThread "SyntheticaAnimation 50" daemon [_thread_blocked, id=6044, stack(0x000000efa5000000,0x000000efa5500000)]
  0x000002854ca6f800 JavaThread "Update Runs Swing Worker" [_thread_blocked, id=5664, stack(0x000000efa9900000,0x000000efa9e00000)]
  0x000002854ca70000 JavaThread "hw_ila_monitor" [_thread_blocked, id=924, stack(0x000000efa8a00000,0x000000efa8f00000)]
  0x0000028518954000 JavaThread "Refresh Filesets Swing Worker" [_thread_blocked, id=5144, stack(0x000000efa8500000,0x000000efa8a00000)]
  0x000002851894f800 JavaThread "SyntheticaAnimation 70" daemon [_thread_blocked, id=6292, stack(0x000000efa8000000,0x000000efa8500000)]
  0x0000028518953000 JavaThread "SyntheticaAnimation 25" daemon [_thread_blocked, id=5908, stack(0x000000efa7b00000,0x000000efa8000000)]
  0x0000028518956000 JavaThread "SyntheticaAnimation 50" daemon [_thread_blocked, id=10116, stack(0x000000efa7600000,0x000000efa7b00000)]
  0x0000028518951000 JavaThread "Monitor HEventQueue" [_thread_blocked, id=7392, stack(0x000000efa7100000,0x000000efa7600000)]
  0x0000028518952800 JavaThread "SyntheticaCleanerThread" daemon [_thread_blocked, id=9420, stack(0x000000efa6900000,0x000000efa6e00000)]
  0x0000028518950000 JavaThread "Batik CleanerThread" daemon [_thread_blocked, id=6400, stack(0x000000efa5500000,0x000000efa5a00000)]
=>0x000002851b412800 JavaThread "AWT-EventQueue-1" [_thread_in_native, id=2316, stack(0x000000efa5f00000,0x000000efa6400000)]
  0x000002851b611000 JavaThread "Process Messages" [_thread_blocked, id=4256, stack(0x000000efa5a00000,0x000000efa5f00000)]
  0x000002851b6e2800 JavaThread "Thread-1" [_thread_in_native, id=5956, stack(0x000000ef9e800000,0x000000ef9fc00000)]
  0x000002851bc1f800 JavaThread "TimerQueue" daemon [_thread_blocked, id=1492, stack(0x000000efa4b00000,0x000000efa5000000)]
  0x000002851adf7800 JavaThread "AWT-Windows" daemon [_thread_in_native, id=11380, stack(0x000000efa4600000,0x000000efa4b00000)]
  0x000002851adf6800 JavaThread "AWT-Shutdown" [_thread_blocked, id=8468, stack(0x000000efa4100000,0x000000efa4600000)]
  0x000002851aca9000 JavaThread "Java2D Disposer" daemon [_thread_blocked, id=6484, stack(0x000000efa3c00000,0x000000efa4100000)]
  0x0000028517511800 JavaThread "Service Thread" daemon [_thread_blocked, id=7268, stack(0x000000efa3600000,0x000000efa3b00000)]
  0x00000285178e5800 JavaThread "Common-Cleaner" daemon [_thread_blocked, id=1120, stack(0x000000efa3100000,0x000000efa3600000)]
  0x0000028518955800 JavaThread "Sweeper thread" daemon [_thread_blocked, id=11768, stack(0x000000efa2c00000,0x000000efa3100000)]
  0x00000285178e3800 JavaThread "C1 CompilerThread3" daemon [_thread_blocked, id=9672, stack(0x000000efa2b00000,0x000000efa2c00000)]
  0x00000285178e2800 JavaThread "C2 CompilerThread2" daemon [_thread_blocked, id=7804, stack(0x000000efa2a00000,0x000000efa2b00000)]
  0x000002851a16e000 JavaThread "C2 CompilerThread1" daemon [_thread_blocked, id=8316, stack(0x000000efa2900000,0x000000efa2a00000)]
  0x000002851a16d000 JavaThread "C2 CompilerThread0" daemon [_thread_blocked, id=3372, stack(0x000000efa2800000,0x000000efa2900000)]
  0x000002851a16c800 JavaThread "Attach Listener" daemon [_thread_blocked, id=6416, stack(0x000000efa2300000,0x000000efa2800000)]
  0x000002851d1d9800 JavaThread "Signal Dispatcher" daemon [_thread_blocked, id=3152, stack(0x000000efa1e00000,0x000000efa2300000)]
  0x000002851cfd9000 JavaThread "Finalizer" daemon [_thread_blocked, id=4840, stack(0x000000efa1900000,0x000000efa1e00000)]
  0x000002851cfd8800 JavaThread "Reference Handler" daemon [_thread_blocked, id=7468, stack(0x000000efa1400000,0x000000efa1900000)]
  0x000002851d4dc800 JavaThread "main" [_thread_blocked, id=800, stack(0x000000ef9e700000,0x000000ef9e800000)]

Other Threads:
  0x000002851a813800 VMThread "VM Thread" [stack: 0x000000efa1300000,0x000000efa1400000] [id=2844]
  0x0000028517631800 WatcherThread [stack: 0x000000efa3b00000,0x000000efa3c00000] [id=1888]
  0x000002851d8cd800 GCTaskThread "GC Thread#0" [stack: 0x000000ef9ff00000,0x000000efa0000000] [id=6700]
  0x000002851d8a0000 GCTaskThread "GC Thread#1" [stack: 0x000000efa0000000,0x000000efa0100000] [id=7208]
  0x000002851d89e800 GCTaskThread "GC Thread#2" [stack: 0x000000efa0100000,0x000000efa0200000] [id=792]
  0x000002851d8a3800 GCTaskThread "GC Thread#3" [stack: 0x000000efa0200000,0x000000efa0300000] [id=4436]
  0x000002851d89f000 GCTaskThread "GC Thread#4" [stack: 0x000000efa0300000,0x000000efa0400000] [id=12108]
  0x000002851d8a4800 GCTaskThread "GC Thread#5" [stack: 0x000000efa0400000,0x000000efa0500000] [id=10140]
  0x000002851d8a1000 GCTaskThread "GC Thread#6" [stack: 0x000000efa0500000,0x000000efa0600000] [id=9804]
  0x000002851d89f800 GCTaskThread "GC Thread#7" [stack: 0x000000efa0600000,0x000000efa0700000] [id=10080]
  0x0000028517804000 ConcurrentGCThread "G1 Main Marker" [stack: 0x000000efa1000000,0x000000efa1100000] [id=8560]
  0x000002851d8a1800 ConcurrentGCThread "G1 Marker#0" [stack: 0x000000efa1100000,0x000000efa1200000] [id=9096]
  0x000002851d8a2000 ConcurrentGCThread "G1 Marker#1" [stack: 0x000000efa1200000,0x000000efa1300000] [id=2792]
  0x000002851d1e3000 ConcurrentGCThread "G1 Refine#0" [stack: 0x000000efa0e00000,0x000000efa0f00000] [id=8212]
  0x000002851d1e2800 ConcurrentGCThread "G1 Refine#1" [stack: 0x000000efa0d00000,0x000000efa0e00000] [id=1236]
  0x000002851642b000 ConcurrentGCThread "G1 Refine#2" [stack: 0x000000efa0c00000,0x000000efa0d00000] [id=9500]
  0x000002851642a800 ConcurrentGCThread "G1 Refine#3" [stack: 0x000000efa0b00000,0x000000efa0c00000] [id=9340]
  0x000002851a487800 ConcurrentGCThread "G1 Refine#4" [stack: 0x000000efa0a00000,0x000000efa0b00000] [id=3332]
  0x0000028518d52000 ConcurrentGCThread "G1 Refine#5" [stack: 0x000000efa0900000,0x000000efa0a00000] [id=6212]
  0x0000028518d51800 ConcurrentGCThread "G1 Refine#6" [stack: 0x000000efa0800000,0x000000efa0900000] [id=5108]
  0x000002851a210800 ConcurrentGCThread "G1 Refine#7" [stack: 0x000000efa0700000,0x000000efa0800000] [id=7304]
  0x000002851841e800 ConcurrentGCThread "G1 Young RemSet Sampling" [stack: 0x000000efa0f00000,0x000000efa1000000] [id=10124]

Threads with active compile tasks:

VM state:not at safepoint (normal execution)

VM Mutex/Monitor currently owned by a thread: None

Heap address: 0x0000000700000000, size: 3072 MB, Compressed Oops mode: Zero based, Oop shift amount: 3
Narrow klass base: 0x0000000000000000, Narrow klass shift: 3
Compressed class space size: 1073741824 Address: 0x00000007c0000000

Heap:
 garbage-first heap   total 254976K, used 123009K [0x0000000700000000, 0x00000007001007c8, 0x00000007c0000000)
  region size 1024K, 42 young (43008K), 1 survivors (1024K)
 Metaspace       used 88651K, capacity 90425K, committed 97096K, reserved 1132544K
  class space    used 11563K, capacity 11965K, committed 13384K, reserved 1048576K
Heap Regions: E=young(eden), S=young(survivor), O=old, HS=humongous(starts), HC=humongous(continues), CS=collection set, F=free, A=archive, TS=gc time stamp, AC=allocation context, TAMS=top-at-mark-start (previous, next)
|   0|0x0000000700000000, 0x00000007000fe480, 0x0000000700100000| 99%| O|  |TS  0|AC  0|TAMS 0x00000007000fe480, 0x00000007000fe480|
|   1|0x0000000700100000, 0x0000000700200000, 0x0000000700200000|100%|HS|  |TS  0|AC  0|TAMS 0x0000000700200000, 0x0000000700200000|
|   2|0x0000000700200000, 0x0000000700300000, 0x0000000700300000|100%|HC|  |TS  0|AC  0|TAMS 0x0000000700300000, 0x0000000700300000|
|   3|0x0000000700300000, 0x0000000700400000, 0x0000000700400000|100%|HS|  |TS  0|AC  0|TAMS 0x0000000700400000, 0x0000000700400000|
|   4|0x0000000700400000, 0x00000007004e62a8, 0x0000000700500000| 89%| O|  |TS  0|AC  0|TAMS 0x00000007004e62a8, 0x00000007004e62a8|
|   5|0x0000000700500000, 0x00000007005f0370, 0x0000000700600000| 93%| O|  |TS  0|AC  0|TAMS 0x00000007005f0370, 0x00000007005f0370|
|   6|0x0000000700600000, 0x00000007006fffc0, 0x0000000700700000| 99%| O|  |TS  0|AC  0|TAMS 0x00000007006fffc0, 0x00000007006fffc0|
|   7|0x0000000700700000, 0x0000000700800000, 0x0000000700800000|100%| O|  |TS  0|AC  0|TAMS 0x0000000700800000, 0x0000000700800000|
|   8|0x0000000700800000, 0x0000000700900000, 0x0000000700900000|100%| O|  |TS  0|AC  0|TAMS 0x0000000700900000, 0x0000000700900000|
|   9|0x0000000700900000, 0x00000007009fffd8, 0x0000000700a00000| 99%| O|  |TS  0|AC  0|TAMS 0x00000007009fffd8, 0x00000007009fffd8|
|  10|0x0000000700a00000, 0x0000000700afdcb8, 0x0000000700b00000| 99%| O|  |TS  0|AC  0|TAMS 0x0000000700afdcb8, 0x0000000700afdcb8|
|  11|0x0000000700b00000, 0x0000000700bf9360, 0x0000000700c00000| 97%| O|  |TS  0|AC  0|TAMS 0x0000000700bf9360, 0x0000000700bf9360|
|  12|0x0000000700c00000, 0x0000000700cf0b98, 0x0000000700d00000| 94%| O|  |TS  0|AC  0|TAMS 0x0000000700cf0b98, 0x0000000700cf0b98|
|  13|0x0000000700d00000, 0x0000000700dcc2c8, 0x0000000700e00000| 79%| O|  |TS  0|AC  0|TAMS 0x0000000700dcc2c8, 0x0000000700dcc2c8|
|  14|0x0000000700e00000, 0x0000000700ef5060, 0x0000000700f00000| 95%| O|  |TS  0|AC  0|TAMS 0x0000000700ef5060, 0x0000000700ef5060|
|  15|0x0000000700f00000, 0x0000000700ffffe0, 0x0000000701000000| 99%| O|  |TS  0|AC  0|TAMS 0x0000000700ffffe0, 0x0000000700ffffe0|
|  16|0x0000000701000000, 0x00000007010fffe8, 0x0000000701100000| 99%| O|  |TS  0|AC  0|TAMS 0x00000007010fffe8, 0x00000007010fffe8|
|  17|0x0000000701100000, 0x00000007011ffff8, 0x0000000701200000| 99%| O|  |TS  0|AC  0|TAMS 0x00000007011ffff8, 0x00000007011ffff8|
|  18|0x0000000701200000, 0x00000007012a8e68, 0x0000000701300000| 65%| O|  |TS  0|AC  0|TAMS 0x00000007012a8e68, 0x00000007012a8e68|
|  19|0x0000000701300000, 0x0000000701400000, 0x0000000701400000|100%| O|  |TS  0|AC  0|TAMS 0x0000000701400000, 0x0000000701400000|
|  20|0x0000000701400000, 0x00000007014ffff8, 0x0000000701500000| 99%| O|  |TS  0|AC  0|TAMS 0x00000007014ffff8, 0x00000007014ffff8|
|  21|0x0000000701500000, 0x00000007015fffe8, 0x0000000701600000| 99%| O|  |TS  0|AC  0|TAMS 0x00000007015fffe8, 0x00000007015fffe8|
|  22|0x0000000701600000, 0x00000007016ffff0, 0x0000000701700000| 99%| O|  |TS  0|AC  0|TAMS 0x00000007016ffff0, 0x00000007016ffff0|
|  23|0x0000000701700000, 0x00000007017ffff0, 0x0000000701800000| 99%| O|  |TS  0|AC  0|TAMS 0x00000007017ffff0, 0x00000007017ffff0|
|  24|0x0000000701800000, 0x0000000701900000, 0x0000000701900000|100%| O|  |TS  0|AC  0|TAMS 0x0000000701900000, 0x0000000701900000|
|  25|0x0000000701900000, 0x00000007019fff78, 0x0000000701a00000| 99%| O|  |TS  0|AC  0|TAMS 0x00000007019fff78, 0x00000007019fff78|
|  26|0x0000000701a00000, 0x0000000701affe80, 0x0000000701b00000| 99%| O|  |TS  0|AC  0|TAMS 0x0000000701affe80, 0x0000000701affe80|
|  27|0x0000000701b00000, 0x0000000701c00000, 0x0000000701c00000|100%| O|  |TS  0|AC  0|TAMS 0x0000000701c00000, 0x0000000701c00000|
|  28|0x0000000701c00000, 0x0000000701cffff8, 0x0000000701d00000| 99%| O|  |TS  0|AC  0|TAMS 0x0000000701cffff8, 0x0000000701cffff8|
|  29|0x0000000701d00000, 0x0000000701dfffe8, 0x0000000701e00000| 99%| O|  |TS  0|AC  0|TAMS 0x0000000701dfffe8, 0x0000000701dfffe8|
|  30|0x0000000701e00000, 0x0000000701efffc0, 0x0000000701f00000| 99%| O|  |TS  0|AC  0|TAMS 0x0000000701efffc0, 0x0000000701efffc0|
|  31|0x0000000701f00000, 0x0000000702000000, 0x0000000702000000|100%| O|  |TS  0|AC  0|TAMS 0x0000000702000000, 0x0000000702000000|
|  32|0x0000000702000000, 0x00000007020ed740, 0x0000000702100000| 92%| O|  |TS  0|AC  0|TAMS 0x00000007020ed740, 0x00000007020ed740|
|  33|0x0000000702100000, 0x00000007021fffc8, 0x0000000702200000| 99%| O|  |TS  0|AC  0|TAMS 0x00000007021fffc8, 0x00000007021fffc8|
|  34|0x0000000702200000, 0x00000007022fff88, 0x0000000702300000| 99%| O|  |TS  0|AC  0|TAMS 0x00000007022fff88, 0x00000007022fff88|
|  35|0x0000000702300000, 0x00000007023ffff8, 0x0000000702400000| 99%| O|  |TS  0|AC  0|TAMS 0x00000007023ffff8, 0x00000007023ffff8|
|  36|0x0000000702400000, 0x00000007024fffe8, 0x0000000702500000| 99%| O|  |TS  0|AC  0|TAMS 0x00000007024fffe8, 0x00000007024fffe8|
|  37|0x0000000702500000, 0x00000007025ffff8, 0x0000000702600000| 99%| O|  |TS  0|AC  0|TAMS 0x00000007025ffff8, 0x00000007025ffff8|
|  38|0x0000000702600000, 0x00000007026ffff8, 0x0000000702700000| 99%| O|  |TS  0|AC  0|TAMS 0x00000007026ffff8, 0x00000007026ffff8|
|  39|0x0000000702700000, 0x00000007027fffe8, 0x0000000702800000| 99%| O|  |TS  0|AC  0|TAMS 0x00000007027fffe8, 0x00000007027fffe8|
|  40|0x0000000702800000, 0x00000007028ffe80, 0x0000000702900000| 99%| O|  |TS  0|AC  0|TAMS 0x00000007028ffe80, 0x00000007028ffe80|
|  41|0x0000000702900000, 0x0000000702a00000, 0x0000000702a00000|100%|HS|  |TS  0|AC  0|TAMS 0x0000000702a00000, 0x0000000702a00000|
|  42|0x0000000702a00000, 0x0000000702b00000, 0x0000000702b00000|100%|HC|  |TS  0|AC  0|TAMS 0x0000000702b00000, 0x0000000702b00000|
|  43|0x0000000702b00000, 0x0000000702c00000, 0x0000000702c00000|100%|HC|  |TS  0|AC  0|TAMS 0x0000000702c00000, 0x0000000702c00000|
|  44|0x0000000702c00000, 0x0000000702d00000, 0x0000000702d00000|100%|HC|  |TS  0|AC  0|TAMS 0x0000000702d00000, 0x0000000702d00000|
|  45|0x0000000702d00000, 0x0000000702e00000, 0x0000000702e00000|100%|HC|  |TS  0|AC  0|TAMS 0x0000000702e00000, 0x0000000702e00000|
|  46|0x0000000702e00000, 0x0000000702f00000, 0x0000000702f00000|100%|HC|  |TS  0|AC  0|TAMS 0x0000000702f00000, 0x0000000702f00000|
|  47|0x0000000702f00000, 0x0000000703000000, 0x0000000703000000|100%|HC|  |TS  0|AC  0|TAMS 0x0000000703000000, 0x0000000703000000|
|  48|0x0000000703000000, 0x0000000703100000, 0x0000000703100000|100%|HC|  |TS  0|AC  0|TAMS 0x0000000703100000, 0x0000000703100000|
|  49|0x0000000703100000, 0x00000007031fffd0, 0x0000000703200000| 99%| O|  |TS  0|AC  0|TAMS 0x00000007031fffd0, 0x00000007031fffd0|
|  50|0x0000000703200000, 0x00000007032fffe0, 0x0000000703300000| 99%| O|  |TS  0|AC  0|TAMS 0x00000007032fffe0, 0x00000007032fffe0|
|  51|0x0000000703300000, 0x00000007033ff758, 0x0000000703400000| 99%| O|  |TS  0|AC  0|TAMS 0x00000007033ff758, 0x00000007033ff758|
|  52|0x0000000703400000, 0x00000007034fffe8, 0x0000000703500000| 99%| O|  |TS  0|AC  0|TAMS 0x00000007034fffe8, 0x00000007034fffe8|
|  53|0x0000000703500000, 0x00000007035ffea8, 0x0000000703600000| 99%| O|  |TS  0|AC  0|TAMS 0x00000007035ffea8, 0x00000007035ffea8|
|  54|0x0000000703600000, 0x00000007036fff00, 0x0000000703700000| 99%| O|  |TS  0|AC  0|TAMS 0x00000007036fff00, 0x00000007036fff00|
|  55|0x0000000703700000, 0x00000007037ffff0, 0x0000000703800000| 99%| O|  |TS  0|AC  0|TAMS 0x00000007037ffff0, 0x00000007037ffff0|
|  56|0x0000000703800000, 0x00000007038fffe8, 0x0000000703900000| 99%| O|  |TS  0|AC  0|TAMS 0x00000007038fffe8, 0x00000007038fffe8|
|  57|0x0000000703900000, 0x00000007039fff78, 0x0000000703a00000| 99%| O|  |TS  0|AC  0|TAMS 0x00000007039fff78, 0x00000007039fff78|
|  58|0x0000000703a00000, 0x0000000703affff0, 0x0000000703b00000| 99%| O|  |TS  0|AC  0|TAMS 0x0000000703affff0, 0x0000000703affff0|
|  59|0x0000000703b00000, 0x0000000703bfffa0, 0x0000000703c00000| 99%| O|  |TS  0|AC  0|TAMS 0x0000000703bfffa0, 0x0000000703bfffa0|
|  60|0x0000000703c00000, 0x0000000703cffff0, 0x0000000703d00000| 99%| O|  |TS  0|AC  0|TAMS 0x0000000703cffff0, 0x0000000703cffff0|
|  61|0x0000000703d00000, 0x0000000703dffe60, 0x0000000703e00000| 99%| O|  |TS  0|AC  0|TAMS 0x0000000703dffe60, 0x0000000703dffe60|
|  62|0x0000000703e00000, 0x0000000703effe70, 0x0000000703f00000| 99%| O|  |TS  0|AC  0|TAMS 0x0000000703effe70, 0x0000000703effe70|
|  63|0x0000000703f00000, 0x0000000703fffeb8, 0x0000000704000000| 99%| O|  |TS  0|AC  0|TAMS 0x0000000703fffeb8, 0x0000000703fffeb8|
|  64|0x0000000704000000, 0x00000007040ffff0, 0x0000000704100000| 99%| O|  |TS  0|AC  0|TAMS 0x00000007040ffff0, 0x00000007040ffff0|
|  65|0x0000000704100000, 0x00000007041fffc0, 0x0000000704200000| 99%| O|  |TS  0|AC  0|TAMS 0x00000007041fffc0, 0x00000007041fffc0|
|  66|0x0000000704200000, 0x00000007042fffc8, 0x0000000704300000| 99%| O|  |TS  0|AC  0|TAMS 0x00000007042fffc8, 0x00000007042fffc8|
|  67|0x0000000704300000, 0x00000007043fffe0, 0x0000000704400000| 99%| O|  |TS  0|AC  0|TAMS 0x00000007043fffe0, 0x00000007043fffe0|
|  68|0x0000000704400000, 0x00000007044fffe8, 0x0000000704500000| 99%| O|  |TS  0|AC  0|TAMS 0x00000007044fffe8, 0x00000007044fffe8|
|  69|0x0000000704500000, 0x0000000704600000, 0x0000000704600000|100%| O|  |TS  0|AC  0|TAMS 0x0000000704600000, 0x0000000704600000|
|  70|0x0000000704600000, 0x00000007046ffea8, 0x0000000704700000| 99%| O|  |TS  0|AC  0|TAMS 0x00000007046ffea8, 0x00000007046ffea8|
|  71|0x0000000704700000, 0x00000007047fffe8, 0x0000000704800000| 99%| O|  |TS  0|AC  0|TAMS 0x00000007047fffe8, 0x00000007047fffe8|
|  72|0x0000000704800000, 0x00000007048ff4c8, 0x0000000704900000| 99%| O|  |TS  0|AC  0|TAMS 0x00000007048ff4c8, 0x00000007048ff4c8|
|  73|0x0000000704900000, 0x00000007049ffff0, 0x0000000704a00000| 99%| O|  |TS  0|AC  0|TAMS 0x00000007049ffff0, 0x00000007049ffff0|
|  74|0x0000000704a00000, 0x0000000704b00000, 0x0000000704b00000|100%| O|  |TS  0|AC  0|TAMS 0x0000000704b00000, 0x0000000704b00000|
|  75|0x0000000704b00000, 0x0000000704c00000, 0x0000000704c00000|100%| O|  |TS  0|AC  0|TAMS 0x0000000704c00000, 0x0000000704c00000|
|  76|0x0000000704c00000, 0x0000000704c74b98, 0x0000000704d00000| 45%| O|  |TS  0|AC  0|TAMS 0x0000000704c74b98, 0x0000000704c74b98|
|  77|0x0000000704d00000, 0x0000000704e00000, 0x0000000704e00000|100%|HS|  |TS  0|AC  0|TAMS 0x0000000704e00000, 0x0000000704e00000|
|  78|0x0000000704e00000, 0x0000000704f00000, 0x0000000704f00000|100%|HC|  |TS  0|AC  0|TAMS 0x0000000704f00000, 0x0000000704f00000|
|  79|0x0000000704f00000, 0x0000000705000000, 0x0000000705000000|100%|HC|  |TS  0|AC  0|TAMS 0x0000000705000000, 0x0000000705000000|
|  80|0x0000000705000000, 0x0000000705100000, 0x0000000705100000|100%|HC|  |TS  0|AC  0|TAMS 0x0000000705100000, 0x0000000705100000|
|  81|0x0000000705100000, 0x0000000705100000, 0x0000000705200000|  0%| F|  |TS  0|AC  0|TAMS 0x0000000705100000, 0x0000000705100000|
|  82|0x0000000705200000, 0x0000000705200000, 0x0000000705300000|  0%| F|  |TS  0|AC  0|TAMS 0x0000000705200000, 0x0000000705200000|
|  83|0x0000000705300000, 0x0000000705300000, 0x0000000705400000|  0%| F|  |TS  0|AC  0|TAMS 0x0000000705300000, 0x0000000705300000|
|  84|0x0000000705400000, 0x0000000705400000, 0x0000000705500000|  0%| F|  |TS  0|AC  0|TAMS 0x0000000705400000, 0x0000000705400000|
|  85|0x0000000705500000, 0x0000000705500000, 0x0000000705600000|  0%| F|  |TS  0|AC  0|TAMS 0x0000000705500000, 0x0000000705500000|
|  86|0x0000000705600000, 0x0000000705600000, 0x0000000705700000|  0%| F|  |TS  0|AC  0|TAMS 0x0000000705600000, 0x0000000705600000|
|  87|0x0000000705700000, 0x0000000705700000, 0x0000000705800000|  0%| F|  |TS  0|AC  0|TAMS 0x0000000705700000, 0x0000000705700000|
|  88|0x0000000705800000, 0x0000000705800000, 0x0000000705900000|  0%| F|  |TS  0|AC  0|TAMS 0x0000000705800000, 0x0000000705800000|
|  89|0x0000000705900000, 0x0000000705900000, 0x0000000705a00000|  0%| F|  |TS  0|AC  0|TAMS 0x0000000705900000, 0x0000000705900000|
|  90|0x0000000705a00000, 0x0000000705a00000, 0x0000000705b00000|  0%| F|  |TS  0|AC  0|TAMS 0x0000000705a00000, 0x0000000705a00000|
|  91|0x0000000705b00000, 0x0000000705b00000, 0x0000000705c00000|  0%| F|  |TS  0|AC  0|TAMS 0x0000000705b00000, 0x0000000705b00000|
|  92|0x0000000705c00000, 0x0000000705c00000, 0x0000000705d00000|  0%| F|  |TS  0|AC  0|TAMS 0x0000000705c00000, 0x0000000705c00000|
|  93|0x0000000705d00000, 0x0000000705d00000, 0x0000000705e00000|  0%| F|  |TS  0|AC  0|TAMS 0x0000000705d00000, 0x0000000705d00000|
|  94|0x0000000705e00000, 0x0000000705e00000, 0x0000000705f00000|  0%| F|  |TS  0|AC  0|TAMS 0x0000000705e00000, 0x0000000705e00000|
|  95|0x0000000705f00000, 0x0000000705f00000, 0x0000000706000000|  0%| F|  |TS  0|AC  0|TAMS 0x0000000705f00000, 0x0000000705f00000|
|  96|0x0000000706000000, 0x0000000706000000, 0x0000000706100000|  0%| F|  |TS  0|AC  0|TAMS 0x0000000706000000, 0x0000000706000000|
|  97|0x0000000706100000, 0x0000000706100000, 0x0000000706200000|  0%| F|  |TS  0|AC  0|TAMS 0x0000000706100000, 0x0000000706100000|
|  98|0x0000000706200000, 0x0000000706200000, 0x0000000706300000|  0%| F|  |TS  0|AC  0|TAMS 0x0000000706200000, 0x0000000706200000|
|  99|0x0000000706300000, 0x0000000706300000, 0x0000000706400000|  0%| F|  |TS  0|AC  0|TAMS 0x0000000706300000, 0x0000000706300000|
| 100|0x0000000706400000, 0x0000000706400000, 0x0000000706500000|  0%| F|  |TS  0|AC  0|TAMS 0x0000000706400000, 0x0000000706400000|
| 101|0x0000000706500000, 0x0000000706500000, 0x0000000706600000|  0%| F|  |TS  0|AC  0|TAMS 0x0000000706500000, 0x0000000706500000|
| 102|0x0000000706600000, 0x0000000706600000, 0x0000000706700000|  0%| F|  |TS  0|AC  0|TAMS 0x0000000706600000, 0x0000000706600000|
| 103|0x0000000706700000, 0x0000000706700000, 0x0000000706800000|  0%| F|  |TS  0|AC  0|TAMS 0x0000000706700000, 0x0000000706700000|
| 104|0x0000000706800000, 0x0000000706800000, 0x0000000706900000|  0%| F|  |TS  0|AC  0|TAMS 0x0000000706800000, 0x0000000706800000|
| 105|0x0000000706900000, 0x0000000706900000, 0x0000000706a00000|  0%| F|  |TS  0|AC  0|TAMS 0x0000000706900000, 0x0000000706900000|
| 106|0x0000000706a00000, 0x0000000706a00000, 0x0000000706b00000|  0%| F|  |TS  0|AC  0|TAMS 0x0000000706a00000, 0x0000000706a00000|
| 107|0x0000000706b00000, 0x0000000706b00000, 0x0000000706c00000|  0%| F|  |TS  0|AC  0|TAMS 0x0000000706b00000, 0x0000000706b00000|
| 108|0x0000000706c00000, 0x0000000706c00000, 0x0000000706d00000|  0%| F|  |TS  0|AC  0|TAMS 0x0000000706c00000, 0x0000000706c00000|
| 109|0x0000000706d00000, 0x0000000706d00000, 0x0000000706e00000|  0%| F|  |TS  0|AC  0|TAMS 0x0000000706d00000, 0x0000000706d00000|
| 110|0x0000000706e00000, 0x0000000706e00000, 0x0000000706f00000|  0%| F|  |TS  0|AC  0|TAMS 0x0000000706e00000, 0x0000000706e00000|
| 111|0x0000000706f00000, 0x0000000706f00000, 0x0000000707000000|  0%| F|  |TS  0|AC  0|TAMS 0x0000000706f00000, 0x0000000706f00000|
| 112|0x0000000707000000, 0x0000000707000000, 0x0000000707100000|  0%| F|  |TS  0|AC  0|TAMS 0x0000000707000000, 0x0000000707000000|
| 113|0x0000000707100000, 0x0000000707100000, 0x0000000707200000|  0%| F|  |TS  0|AC  0|TAMS 0x0000000707100000, 0x0000000707100000|
| 114|0x0000000707200000, 0x0000000707200000, 0x0000000707300000|  0%| F|  |TS  0|AC  0|TAMS 0x0000000707200000, 0x0000000707200000|
| 115|0x0000000707300000, 0x0000000707300000, 0x0000000707400000|  0%| F|  |TS  0|AC  0|TAMS 0x0000000707300000, 0x0000000707300000|
| 116|0x0000000707400000, 0x0000000707400000, 0x0000000707500000|  0%| F|  |TS  0|AC  0|TAMS 0x0000000707400000, 0x0000000707400000|
| 117|0x0000000707500000, 0x0000000707500000, 0x0000000707600000|  0%| F|  |TS  0|AC  0|TAMS 0x0000000707500000, 0x0000000707500000|
| 118|0x0000000707600000, 0x0000000707600000, 0x0000000707700000|  0%| F|  |TS  0|AC  0|TAMS 0x0000000707600000, 0x0000000707600000|
| 119|0x0000000707700000, 0x0000000707700000, 0x0000000707800000|  0%| F|  |TS  0|AC  0|TAMS 0x0000000707700000, 0x0000000707700000|
| 120|0x0000000707800000, 0x0000000707800000, 0x0000000707900000|  0%| F|  |TS  0|AC  0|TAMS 0x0000000707800000, 0x0000000707800000|
| 121|0x0000000707900000, 0x0000000707900000, 0x0000000707a00000|  0%| F|  |TS  0|AC  0|TAMS 0x0000000707900000, 0x0000000707900000|
| 122|0x0000000707a00000, 0x0000000707a00000, 0x0000000707b00000|  0%| F|  |TS  0|AC  0|TAMS 0x0000000707a00000, 0x0000000707a00000|
| 123|0x0000000707b00000, 0x0000000707b00000, 0x0000000707c00000|  0%| F|  |TS  0|AC  0|TAMS 0x0000000707b00000, 0x0000000707b00000|
| 124|0x0000000707c00000, 0x0000000707c00000, 0x0000000707d00000|  0%| F|  |TS  0|AC  0|TAMS 0x0000000707c00000, 0x0000000707c00000|
| 125|0x0000000707d00000, 0x0000000707d00000, 0x0000000707e00000|  0%| F|  |TS  0|AC  0|TAMS 0x0000000707d00000, 0x0000000707d00000|
| 126|0x0000000707e00000, 0x0000000707e00000, 0x0000000707f00000|  0%| F|  |TS  0|AC  0|TAMS 0x0000000707e00000, 0x0000000707e00000|
| 127|0x0000000707f00000, 0x0000000707f00000, 0x0000000708000000|  0%| F|  |TS  0|AC  0|TAMS 0x0000000707f00000, 0x0000000707f00000|
| 128|0x0000000708000000, 0x0000000708000000, 0x0000000708100000|  0%| F|  |TS  0|AC  0|TAMS 0x0000000708000000, 0x0000000708000000|
| 129|0x0000000708100000, 0x0000000708100000, 0x0000000708200000|  0%| F|  |TS  0|AC  0|TAMS 0x0000000708100000, 0x0000000708100000|
| 130|0x0000000708200000, 0x0000000708200000, 0x0000000708300000|  0%| F|  |TS  0|AC  0|TAMS 0x0000000708200000, 0x0000000708200000|
| 131|0x0000000708300000, 0x0000000708300000, 0x0000000708400000|  0%| F|  |TS  0|AC  0|TAMS 0x0000000708300000, 0x0000000708300000|
| 132|0x0000000708400000, 0x0000000708400000, 0x0000000708500000|  0%| F|  |TS  0|AC  0|TAMS 0x0000000708400000, 0x0000000708400000|
| 133|0x0000000708500000, 0x0000000708500000, 0x0000000708600000|  0%| F|  |TS  0|AC  0|TAMS 0x0000000708500000, 0x0000000708500000|
| 134|0x0000000708600000, 0x0000000708600000, 0x0000000708700000|  0%| F|  |TS  0|AC  0|TAMS 0x0000000708600000, 0x0000000708600000|
| 135|0x0000000708700000, 0x0000000708700000, 0x0000000708800000|  0%| F|  |TS  0|AC  0|TAMS 0x0000000708700000, 0x0000000708700000|
| 136|0x0000000708800000, 0x0000000708800000, 0x0000000708900000|  0%| F|  |TS  0|AC  0|TAMS 0x0000000708800000, 0x0000000708800000|
| 137|0x0000000708900000, 0x0000000708900000, 0x0000000708a00000|  0%| F|  |TS  0|AC  0|TAMS 0x0000000708900000, 0x0000000708900000|
| 138|0x0000000708a00000, 0x0000000708a00000, 0x0000000708b00000|  0%| F|  |TS  0|AC  0|TAMS 0x0000000708a00000, 0x0000000708a00000|
| 139|0x0000000708b00000, 0x0000000708b00000, 0x0000000708c00000|  0%| F|  |TS  0|AC  0|TAMS 0x0000000708b00000, 0x0000000708b00000|
| 140|0x0000000708c00000, 0x0000000708c00000, 0x0000000708d00000|  0%| F|  |TS  0|AC  0|TAMS 0x0000000708c00000, 0x0000000708c00000|
| 141|0x0000000708d00000, 0x0000000708d00000, 0x0000000708e00000|  0%| F|  |TS  0|AC  0|TAMS 0x0000000708d00000, 0x0000000708d00000|
| 142|0x0000000708e00000, 0x0000000708e00000, 0x0000000708f00000|  0%| F|  |TS  0|AC  0|TAMS 0x0000000708e00000, 0x0000000708e00000|
| 143|0x0000000708f00000, 0x0000000708f00000, 0x0000000709000000|  0%| F|  |TS  0|AC  0|TAMS 0x0000000708f00000, 0x0000000708f00000|
| 144|0x0000000709000000, 0x0000000709000000, 0x0000000709100000|  0%| F|  |TS  0|AC  0|TAMS 0x0000000709000000, 0x0000000709000000|
| 145|0x0000000709100000, 0x0000000709100000, 0x0000000709200000|  0%| F|  |TS  0|AC  0|TAMS 0x0000000709100000, 0x0000000709100000|
| 146|0x0000000709200000, 0x0000000709200000, 0x0000000709300000|  0%| F|  |TS  0|AC  0|TAMS 0x0000000709200000, 0x0000000709200000|
| 147|0x0000000709300000, 0x0000000709300000, 0x0000000709400000|  0%| F|  |TS  0|AC  0|TAMS 0x0000000709300000, 0x0000000709300000|
| 148|0x0000000709400000, 0x0000000709400000, 0x0000000709500000|  0%| F|  |TS  0|AC  0|TAMS 0x0000000709400000, 0x0000000709400000|
| 149|0x0000000709500000, 0x0000000709500000, 0x0000000709600000|  0%| F|  |TS  0|AC  0|TAMS 0x0000000709500000, 0x0000000709500000|
| 150|0x0000000709600000, 0x0000000709600000, 0x0000000709700000|  0%| F|  |TS  0|AC  0|TAMS 0x0000000709600000, 0x0000000709600000|
| 151|0x0000000709700000, 0x0000000709700000, 0x0000000709800000|  0%| F|  |TS  0|AC  0|TAMS 0x0000000709700000, 0x0000000709700000|
| 152|0x0000000709800000, 0x0000000709800000, 0x0000000709900000|  0%| F|  |TS  0|AC  0|TAMS 0x0000000709800000, 0x0000000709800000|
| 153|0x0000000709900000, 0x0000000709900000, 0x0000000709a00000|  0%| F|  |TS  0|AC  0|TAMS 0x0000000709900000, 0x0000000709900000|
| 154|0x0000000709a00000, 0x0000000709a00000, 0x0000000709b00000|  0%| F|  |TS  0|AC  0|TAMS 0x0000000709a00000, 0x0000000709a00000|
| 155|0x0000000709b00000, 0x0000000709b00000, 0x0000000709c00000|  0%| F|  |TS  0|AC  0|TAMS 0x0000000709b00000, 0x0000000709b00000|
| 156|0x0000000709c00000, 0x0000000709c00000, 0x0000000709d00000|  0%| F|  |TS  0|AC  0|TAMS 0x0000000709c00000, 0x0000000709c00000|
| 157|0x0000000709d00000, 0x0000000709d00000, 0x0000000709e00000|  0%| F|  |TS  0|AC  0|TAMS 0x0000000709d00000, 0x0000000709d00000|
| 158|0x0000000709e00000, 0x0000000709e00000, 0x0000000709f00000|  0%| F|  |TS  0|AC  0|TAMS 0x0000000709e00000, 0x0000000709e00000|
| 159|0x0000000709f00000, 0x0000000709f00000, 0x000000070a000000|  0%| F|  |TS  0|AC  0|TAMS 0x0000000709f00000, 0x0000000709f00000|
| 160|0x000000070a000000, 0x000000070a000000, 0x000000070a100000|  0%| F|  |TS  0|AC  0|TAMS 0x000000070a000000, 0x000000070a000000|
| 161|0x000000070a100000, 0x000000070a100000, 0x000000070a200000|  0%| F|  |TS  0|AC  0|TAMS 0x000000070a100000, 0x000000070a100000|
| 162|0x000000070a200000, 0x000000070a200000, 0x000000070a300000|  0%| F|  |TS  0|AC  0|TAMS 0x000000070a200000, 0x000000070a200000|
| 163|0x000000070a300000, 0x000000070a300000, 0x000000070a400000|  0%| F|  |TS  0|AC  0|TAMS 0x000000070a300000, 0x000000070a300000|
| 164|0x000000070a400000, 0x000000070a400000, 0x000000070a500000|  0%| F|  |TS  0|AC  0|TAMS 0x000000070a400000, 0x000000070a400000|
| 165|0x000000070a500000, 0x000000070a500000, 0x000000070a600000|  0%| F|  |TS  0|AC  0|TAMS 0x000000070a500000, 0x000000070a500000|
| 166|0x000000070a600000, 0x000000070a600000, 0x000000070a700000|  0%| F|  |TS  0|AC  0|TAMS 0x000000070a600000, 0x000000070a600000|
| 167|0x000000070a700000, 0x000000070a700000, 0x000000070a800000|  0%| F|  |TS  0|AC  0|TAMS 0x000000070a700000, 0x000000070a700000|
| 168|0x000000070a800000, 0x000000070a800000, 0x000000070a900000|  0%| F|  |TS  0|AC  0|TAMS 0x000000070a800000, 0x000000070a800000|
| 169|0x000000070a900000, 0x000000070a900000, 0x000000070aa00000|  0%| F|  |TS  0|AC  0|TAMS 0x000000070a900000, 0x000000070a900000|
| 170|0x000000070aa00000, 0x000000070aa00000, 0x000000070ab00000|  0%| F|  |TS  0|AC  0|TAMS 0x000000070aa00000, 0x000000070aa00000|
| 171|0x000000070ab00000, 0x000000070ab00000, 0x000000070ac00000|  0%| F|  |TS  0|AC  0|TAMS 0x000000070ab00000, 0x000000070ab00000|
| 172|0x000000070ac00000, 0x000000070ac00000, 0x000000070ad00000|  0%| F|  |TS  0|AC  0|TAMS 0x000000070ac00000, 0x000000070ac00000|
| 173|0x000000070ad00000, 0x000000070ad00000, 0x000000070ae00000|  0%| F|  |TS  0|AC  0|TAMS 0x000000070ad00000, 0x000000070ad00000|
| 174|0x000000070ae00000, 0x000000070ae00000, 0x000000070af00000|  0%| F|  |TS  0|AC  0|TAMS 0x000000070ae00000, 0x000000070ae00000|
| 175|0x000000070af00000, 0x000000070af00000, 0x000000070b000000|  0%| F|  |TS  0|AC  0|TAMS 0x000000070af00000, 0x000000070af00000|
| 176|0x000000070b000000, 0x000000070b000000, 0x000000070b100000|  0%| F|  |TS  0|AC  0|TAMS 0x000000070b000000, 0x000000070b000000|
| 177|0x000000070b100000, 0x000000070b100000, 0x000000070b200000|  0%| F|  |TS  0|AC  0|TAMS 0x000000070b100000, 0x000000070b100000|
| 178|0x000000070b200000, 0x000000070b200000, 0x000000070b300000|  0%| F|  |TS  0|AC  0|TAMS 0x000000070b200000, 0x000000070b200000|
| 179|0x000000070b300000, 0x000000070b300000, 0x000000070b400000|  0%| F|  |TS  0|AC  0|TAMS 0x000000070b300000, 0x000000070b300000|
| 180|0x000000070b400000, 0x000000070b400000, 0x000000070b500000|  0%| F|  |TS  0|AC  0|TAMS 0x000000070b400000, 0x000000070b400000|
| 181|0x000000070b500000, 0x000000070b500000, 0x000000070b600000|  0%| F|  |TS  0|AC  0|TAMS 0x000000070b500000, 0x000000070b500000|
| 182|0x000000070b600000, 0x000000070b600000, 0x000000070b700000|  0%| F|  |TS  0|AC  0|TAMS 0x000000070b600000, 0x000000070b600000|
| 183|0x000000070b700000, 0x000000070b700000, 0x000000070b800000|  0%| F|  |TS  0|AC  0|TAMS 0x000000070b700000, 0x000000070b700000|
| 184|0x000000070b800000, 0x000000070b800000, 0x000000070b900000|  0%| F|  |TS  0|AC  0|TAMS 0x000000070b800000, 0x000000070b800000|
| 185|0x000000070b900000, 0x000000070b900000, 0x000000070ba00000|  0%| F|  |TS  0|AC  0|TAMS 0x000000070b900000, 0x000000070b900000|
| 186|0x000000070ba00000, 0x000000070ba00000, 0x000000070bb00000|  0%| F|  |TS  0|AC  0|TAMS 0x000000070ba00000, 0x000000070ba00000|
| 187|0x000000070bb00000, 0x000000070bb00000, 0x000000070bc00000|  0%| F|  |TS  0|AC  0|TAMS 0x000000070bb00000, 0x000000070bb00000|
| 188|0x000000070bc00000, 0x000000070bc99dc8, 0x000000070bd00000| 60%| S|CS|TS  0|AC  0|TAMS 0x000000070bc00000, 0x000000070bc00000|
| 189|0x000000070bd00000, 0x000000070bd00000, 0x000000070be00000|  0%| F|  |TS  0|AC  0|TAMS 0x000000070bd00000, 0x000000070bd00000|
| 190|0x000000070be00000, 0x000000070be00000, 0x000000070bf00000|  0%| F|  |TS  0|AC  0|TAMS 0x000000070be00000, 0x000000070be00000|
| 191|0x000000070bf00000, 0x000000070bf00000, 0x000000070c000000|  0%| F|  |TS  0|AC  0|TAMS 0x000000070bf00000, 0x000000070bf00000|
| 192|0x000000070c000000, 0x000000070c000000, 0x000000070c100000|  0%| F|  |TS  0|AC  0|TAMS 0x000000070c000000, 0x000000070c000000|
| 193|0x000000070c100000, 0x000000070c100000, 0x000000070c200000|  0%| F|  |TS  0|AC  0|TAMS 0x000000070c100000, 0x000000070c100000|
| 194|0x000000070c200000, 0x000000070c200000, 0x000000070c300000|  0%| F|  |TS  0|AC  0|TAMS 0x000000070c200000, 0x000000070c200000|
| 195|0x000000070c300000, 0x000000070c300000, 0x000000070c400000|  0%| F|  |TS  0|AC  0|TAMS 0x000000070c300000, 0x000000070c300000|
| 196|0x000000070c400000, 0x000000070c400000, 0x000000070c500000|  0%| F|  |TS  0|AC  0|TAMS 0x000000070c400000, 0x000000070c400000|
| 197|0x000000070c500000, 0x000000070c500000, 0x000000070c600000|  0%| F|  |TS  0|AC  0|TAMS 0x000000070c500000, 0x000000070c500000|
| 198|0x000000070c600000, 0x000000070c600000, 0x000000070c700000|  0%| F|  |TS  0|AC  0|TAMS 0x000000070c600000, 0x000000070c600000|
| 199|0x000000070c700000, 0x000000070c700000, 0x000000070c800000|  0%| F|  |TS  0|AC  0|TAMS 0x000000070c700000, 0x000000070c700000|
| 200|0x000000070c800000, 0x000000070c800000, 0x000000070c900000|  0%| F|  |TS  0|AC  0|TAMS 0x000000070c800000, 0x000000070c800000|
| 201|0x000000070c900000, 0x000000070c900000, 0x000000070ca00000|  0%| F|  |TS  0|AC  0|TAMS 0x000000070c900000, 0x000000070c900000|
| 202|0x000000070ca00000, 0x000000070ca00000, 0x000000070cb00000|  0%| F|  |TS  0|AC  0|TAMS 0x000000070ca00000, 0x000000070ca00000|
| 203|0x000000070cb00000, 0x000000070cb00000, 0x000000070cc00000|  0%| F|  |TS  0|AC  0|TAMS 0x000000070cb00000, 0x000000070cb00000|
| 204|0x000000070cc00000, 0x000000070cc00000, 0x000000070cd00000|  0%| F|  |TS  0|AC  0|TAMS 0x000000070cc00000, 0x000000070cc00000|
| 205|0x000000070cd00000, 0x000000070cd00000, 0x000000070ce00000|  0%| F|  |TS  0|AC  0|TAMS 0x000000070cd00000, 0x000000070cd00000|
| 206|0x000000070ce00000, 0x000000070ce00000, 0x000000070cf00000|  0%| F|  |TS  0|AC  0|TAMS 0x000000070ce00000, 0x000000070ce00000|
| 207|0x000000070cf00000, 0x000000070cf00000, 0x000000070d000000|  0%| F|  |TS  0|AC  0|TAMS 0x000000070cf00000, 0x000000070cf00000|
| 208|0x000000070d000000, 0x000000070d0a6dc0, 0x000000070d100000| 65%| E|  |TS  0|AC  0|TAMS 0x000000070d000000, 0x000000070d000000|
| 209|0x000000070d100000, 0x000000070d200000, 0x000000070d200000|100%| E|CS|TS  0|AC  0|TAMS 0x000000070d100000, 0x000000070d100000|
| 210|0x000000070d200000, 0x000000070d300000, 0x000000070d300000|100%| E|CS|TS  0|AC  0|TAMS 0x000000070d200000, 0x000000070d200000|
| 211|0x000000070d300000, 0x000000070d400000, 0x000000070d400000|100%| E|CS|TS  0|AC  0|TAMS 0x000000070d300000, 0x000000070d300000|
| 212|0x000000070d400000, 0x000000070d500000, 0x000000070d500000|100%| E|CS|TS  0|AC  0|TAMS 0x000000070d400000, 0x000000070d400000|
| 213|0x000000070d500000, 0x000000070d600000, 0x000000070d600000|100%| E|CS|TS  0|AC  0|TAMS 0x000000070d500000, 0x000000070d500000|
| 214|0x000000070d600000, 0x000000070d700000, 0x000000070d700000|100%| E|CS|TS  0|AC  0|TAMS 0x000000070d600000, 0x000000070d600000|
| 215|0x000000070d700000, 0x000000070d800000, 0x000000070d800000|100%| E|CS|TS  0|AC  0|TAMS 0x000000070d700000, 0x000000070d700000|
| 216|0x000000070d800000, 0x000000070d900000, 0x000000070d900000|100%| E|CS|TS  0|AC  0|TAMS 0x000000070d800000, 0x000000070d800000|
| 217|0x000000070d900000, 0x000000070da00000, 0x000000070da00000|100%| E|CS|TS  0|AC  0|TAMS 0x000000070d900000, 0x000000070d900000|
| 218|0x000000070da00000, 0x000000070db00000, 0x000000070db00000|100%| E|CS|TS  0|AC  0|TAMS 0x000000070da00000, 0x000000070da00000|
| 219|0x000000070db00000, 0x000000070dc00000, 0x000000070dc00000|100%| E|CS|TS  0|AC  0|TAMS 0x000000070db00000, 0x000000070db00000|
| 220|0x000000070dc00000, 0x000000070dd00000, 0x000000070dd00000|100%| E|CS|TS  0|AC  0|TAMS 0x000000070dc00000, 0x000000070dc00000|
| 221|0x000000070dd00000, 0x000000070de00000, 0x000000070de00000|100%| E|CS|TS  0|AC  0|TAMS 0x000000070dd00000, 0x000000070dd00000|
| 222|0x000000070de00000, 0x000000070df00000, 0x000000070df00000|100%| E|CS|TS  0|AC  0|TAMS 0x000000070de00000, 0x000000070de00000|
| 223|0x000000070df00000, 0x000000070e000000, 0x000000070e000000|100%| E|CS|TS  0|AC  0|TAMS 0x000000070df00000, 0x000000070df00000|
| 224|0x000000070e000000, 0x000000070e100000, 0x000000070e100000|100%| E|CS|TS  0|AC  0|TAMS 0x000000070e000000, 0x000000070e000000|
| 225|0x000000070e100000, 0x000000070e200000, 0x000000070e200000|100%| E|CS|TS  0|AC  0|TAMS 0x000000070e100000, 0x000000070e100000|
| 226|0x000000070e200000, 0x000000070e300000, 0x000000070e300000|100%| E|CS|TS  0|AC  0|TAMS 0x000000070e200000, 0x000000070e200000|
| 227|0x000000070e300000, 0x000000070e400000, 0x000000070e400000|100%| E|CS|TS  0|AC  0|TAMS 0x000000070e300000, 0x000000070e300000|
| 228|0x000000070e400000, 0x000000070e500000, 0x000000070e500000|100%| E|CS|TS  0|AC  0|TAMS 0x000000070e400000, 0x000000070e400000|
| 229|0x000000070e500000, 0x000000070e600000, 0x000000070e600000|100%| E|CS|TS  0|AC  0|TAMS 0x000000070e500000, 0x000000070e500000|
| 230|0x000000070e600000, 0x000000070e700000, 0x000000070e700000|100%| E|CS|TS  0|AC  0|TAMS 0x000000070e600000, 0x000000070e600000|
| 231|0x000000070e700000, 0x000000070e800000, 0x000000070e800000|100%| E|CS|TS  0|AC  0|TAMS 0x000000070e700000, 0x000000070e700000|
| 232|0x000000070e800000, 0x000000070e900000, 0x000000070e900000|100%| E|CS|TS  0|AC  0|TAMS 0x000000070e800000, 0x000000070e800000|
| 233|0x000000070e900000, 0x000000070ea00000, 0x000000070ea00000|100%| E|CS|TS  0|AC  0|TAMS 0x000000070e900000, 0x000000070e900000|
| 234|0x000000070ea00000, 0x000000070eb00000, 0x000000070eb00000|100%| E|CS|TS  0|AC  0|TAMS 0x000000070ea00000, 0x000000070ea00000|
| 235|0x000000070eb00000, 0x000000070ec00000, 0x000000070ec00000|100%| E|CS|TS  0|AC  0|TAMS 0x000000070eb00000, 0x000000070eb00000|
| 236|0x000000070ec00000, 0x000000070ed00000, 0x000000070ed00000|100%| E|CS|TS  0|AC  0|TAMS 0x000000070ec00000, 0x000000070ec00000|
| 237|0x000000070ed00000, 0x000000070ee00000, 0x000000070ee00000|100%| E|CS|TS  0|AC  0|TAMS 0x000000070ed00000, 0x000000070ed00000|
| 238|0x000000070ee00000, 0x000000070ef00000, 0x000000070ef00000|100%| E|CS|TS  0|AC  0|TAMS 0x000000070ee00000, 0x000000070ee00000|
| 239|0x000000070ef00000, 0x000000070f000000, 0x000000070f000000|100%| E|CS|TS  0|AC  0|TAMS 0x000000070ef00000, 0x000000070ef00000|
| 240|0x000000070f000000, 0x000000070f100000, 0x000000070f100000|100%| E|CS|TS  0|AC  0|TAMS 0x000000070f000000, 0x000000070f000000|
| 241|0x000000070f100000, 0x000000070f200000, 0x000000070f200000|100%| E|CS|TS  0|AC  0|TAMS 0x000000070f100000, 0x000000070f100000|
| 242|0x000000070f200000, 0x000000070f300000, 0x000000070f300000|100%| E|CS|TS  0|AC  0|TAMS 0x000000070f200000, 0x000000070f200000|
| 243|0x000000070f300000, 0x000000070f400000, 0x000000070f400000|100%| E|CS|TS  0|AC  0|TAMS 0x000000070f300000, 0x000000070f300000|
| 244|0x000000070f400000, 0x000000070f500000, 0x000000070f500000|100%| E|CS|TS  0|AC  0|TAMS 0x000000070f400000, 0x000000070f400000|
| 245|0x000000070f500000, 0x000000070f600000, 0x000000070f600000|100%| E|CS|TS  0|AC  0|TAMS 0x000000070f500000, 0x000000070f500000|
| 246|0x000000070f600000, 0x000000070f700000, 0x000000070f700000|100%| E|CS|TS  0|AC  0|TAMS 0x000000070f600000, 0x000000070f600000|
| 247|0x000000070f700000, 0x000000070f800000, 0x000000070f800000|100%| E|CS|TS  0|AC  0|TAMS 0x000000070f700000, 0x000000070f700000|
| 248|0x000000070f800000, 0x000000070f900000, 0x000000070f900000|100%| E|CS|TS  0|AC  0|TAMS 0x000000070f800000, 0x000000070f800000|

Card table byte_map: [0x000002851bc50000,0x000002851c250000] byte_map_base: 0x0000028518450000

Marking Bits (Prev, Next): (CMBitMap*) 0x000002851d1e3988, (CMBitMap*) 0x000002851d1e3950
 Prev Bits: [0x00000285368f0000, 0x00000285398f0000)
 Next Bits: [0x00000285338f0000, 0x00000285368f0000)

Polling page: 0x000002850eea0000

CodeHeap 'non-profiled nmethods': size=120000Kb used=25136Kb max_used=27846Kb free=94863Kb
 bounds [0x000002852c3c0000, 0x000002852df00000, 0x00000285338f0000]
CodeHeap 'profiled nmethods': size=120000Kb used=45464Kb max_used=49972Kb free=74536Kb
 bounds [0x0000028524e90000, 0x0000028527fb0000, 0x000002852c3c0000]
CodeHeap 'non-nmethods': size=5760Kb used=1820Kb max_used=1881Kb free=3939Kb
 bounds [0x00000285248f0000, 0x0000028524b60000, 0x0000028524e90000]
 total_blobs=39781 nmethods=19662 adapters=1172
 compilation: enabled

Compilation events (10 events):
Event: 17627.105 Thread 0x00000285178e2800 26848       4       de.javasoft.plaf.synthetica.SyntheticaLookAndFeel::findOpaqueParentOfClass (66 bytes)
Event: 17627.108 Thread 0x00000285178e2800 nmethod 26848 0x000002852d284710 code [0x000002852d2848c0, 0x000002852d284b28]
Event: 17627.132 Thread 0x00000285178e3800 26849       3       ui.views.n.q::abB (56 bytes)
Event: 17627.132 Thread 0x00000285178e3800 nmethod 26849 0x00000285263a0710 code [0x00000285263a0980, 0x00000285263a1590]
Event: 17627.132 Thread 0x00000285178e3800 26850       3       ui.views.n.l::isPaused (23 bytes)
Event: 17627.133 Thread 0x00000285178e3800 nmethod 26850 0x0000028526044490 code [0x0000028526044680, 0x0000028526044b40]
Event: 17627.133 Thread 0x00000285178e3800 26851       3       ui.data.experiment.N::isPaused (23 bytes)
Event: 17627.133 Thread 0x00000285178e3800 nmethod 26851 0x0000028525e9b910 code [0x0000028525e9bae0, 0x0000028525e9be80]
Event: 17627.140 Thread 0x00000285178e3800 26852       3       java.awt.geom.AffineTransform::rotate270 (87 bytes)
Event: 17627.140 Thread 0x00000285178e3800 nmethod 26852 0x0000028525eaaf90 code [0x0000028525eab180, 0x0000028525eab478]

GC Heap History (10 events):
Event: 17604.693 GC heap before
{Heap before GC invocations=1053 (full 114):
 garbage-first heap   total 254976K, used 142055K [0x0000000700000000, 0x00000007001007c8, 0x00000007c0000000)
  region size 1024K, 60 young (61440K), 1 survivors (1024K)
 Metaspace       used 88642K, capacity 90425K, committed 97096K, reserved 1132544K
  class space    used 11562K, capacity 11965K, committed 13384K, reserved 1048576K
}
Event: 17604.695 GC heap after
{Heap after GC invocations=1054 (full 114):
 garbage-first heap   total 254976K, used 81688K [0x0000000700000000, 0x00000007001007c8, 0x00000007c0000000)
  region size 1024K, 1 young (1024K), 1 survivors (1024K)
 Metaspace       used 88642K, capacity 90425K, committed 97096K, reserved 1132544K
  class space    used 11562K, capacity 11965K, committed 13384K, reserved 1048576K
}
Event: 17623.615 GC heap before
{Heap before GC invocations=1055 (full 114):
 garbage-first heap   total 254976K, used 142104K [0x0000000700000000, 0x00000007001007c8, 0x00000007c0000000)
  region size 1024K, 60 young (61440K), 1 survivors (1024K)
 Metaspace       used 88642K, capacity 90425K, committed 97096K, reserved 1132544K
  class space    used 11562K, capacity 11965K, committed 13384K, reserved 1048576K
}
Event: 17623.617 GC heap after
{Heap after GC invocations=1056 (full 114):
 garbage-first heap   total 254976K, used 82254K [0x0000000700000000, 0x00000007001007c8, 0x00000007c0000000)
  region size 1024K, 1 young (1024K), 1 survivors (1024K)
 Metaspace       used 88642K, capacity 90425K, committed 97096K, reserved 1132544K
  class space    used 11562K, capacity 11965K, committed 13384K, reserved 1048576K
}
Event: 17625.276 GC heap before
{Heap before GC invocations=1056 (full 114):
 garbage-first heap   total 254976K, used 142670K [0x0000000700000000, 0x00000007001007c8, 0x00000007c0000000)
  region size 1024K, 60 young (61440K), 1 survivors (1024K)
 Metaspace       used 88645K, capacity 90425K, committed 97096K, reserved 1132544K
  class space    used 11562K, capacity 11965K, committed 13384K, reserved 1048576K
}
Event: 17625.278 GC heap after
{Heap after GC invocations=1057 (full 114):
 garbage-first heap   total 254976K, used 81964K [0x0000000700000000, 0x00000007001007c8, 0x00000007c0000000)
  region size 1024K, 1 young (1024K), 1 survivors (1024K)
 Metaspace       used 88645K, capacity 90425K, committed 97096K, reserved 1132544K
  class space    used 11562K, capacity 11965K, committed 13384K, reserved 1048576K
}
Event: 17625.457 GC heap before
{Heap before GC invocations=1058 (full 114):
 garbage-first heap   total 254976K, used 142380K [0x0000000700000000, 0x00000007001007c8, 0x00000007c0000000)
  region size 1024K, 60 young (61440K), 1 survivors (1024K)
 Metaspace       used 88645K, capacity 90425K, committed 97096K, reserved 1132544K
  class space    used 11562K, capacity 11965K, committed 13384K, reserved 1048576K
}
Event: 17625.459 GC heap after
{Heap after GC invocations=1059 (full 114):
 garbage-first heap   total 254976K, used 82329K [0x0000000700000000, 0x00000007001007c8, 0x00000007c0000000)
  region size 1024K, 1 young (1024K), 1 survivors (1024K)
 Metaspace       used 88645K, capacity 90425K, committed 97096K, reserved 1132544K
  class space    used 11562K, capacity 11965K, committed 13384K, reserved 1048576K
}
Event: 17627.011 GC heap before
{Heap before GC invocations=1059 (full 114):
 garbage-first heap   total 254976K, used 142745K [0x0000000700000000, 0x00000007001007c8, 0x00000007c0000000)
  region size 1024K, 60 young (61440K), 1 survivors (1024K)
 Metaspace       used 88650K, capacity 90425K, committed 97096K, reserved 1132544K
  class space    used 11563K, capacity 11965K, committed 13384K, reserved 1048576K
}
Event: 17627.013 GC heap after
{Heap after GC invocations=1060 (full 114):
 garbage-first heap   total 254976K, used 82049K [0x0000000700000000, 0x00000007001007c8, 0x00000007c0000000)
  region size 1024K, 1 young (1024K), 1 survivors (1024K)
 Metaspace       used 88650K, capacity 90425K, committed 97096K, reserved 1132544K
  class space    used 11563K, capacity 11965K, committed 13384K, reserved 1048576K
}

Deoptimization events (10 events):
Event: 17374.672 Thread 0x000002851b412800 Uncommon trap: reason=array_check action=maybe_recompile pc=0x000002852d2b7084 method=javax.swing.SortingFocusTraversalPolicy.mergeSort([Ljava/lang/Object;[Ljava/lang/Object;IIILjava/util/Comparator;)V @ 76 c2
Event: 17378.209 Thread 0x000002851b412800 Uncommon trap: reason=null_check action=make_not_entrant pc=0x000002852d46688c method=sun.util.locale.provider.LocaleResources.getNumberPatterns()[Ljava/lang/String; @ 17 c2
Event: 17378.362 Thread 0x000002851b412800 Uncommon trap: reason=unstable_if action=reinterpret pc=0x000002852cfcaf10 method=com.jidesoft.swing.FastGradientPainter.drawGradient(Ljava/awt/Graphics2D;Ljava/awt/Shape;Ljava/awt/Color;Ljava/awt/Color;Z)V @ 76 c2
Event: 17474.805 Thread 0x000002851b412800 Uncommon trap: reason=class_check action=maybe_recompile pc=0x000002852d29f2ec method=javax.swing.KeyboardManager.fireKeyboardAction(Ljava/awt/event/KeyEvent;ZLjava/awt/Container;)Z @ 166 c2
Event: 17486.623 Thread 0x000002851b412800 Uncommon trap: reason=class_check action=maybe_recompile pc=0x000002852d29f2ec method=javax.swing.KeyboardManager.fireKeyboardAction(Ljava/awt/event/KeyEvent;ZLjava/awt/Container;)Z @ 166 c2
Event: 17487.997 Thread 0x000002851b412800 Uncommon trap: reason=class_check action=maybe_recompile pc=0x000002852d29f2ec method=javax.swing.KeyboardManager.fireKeyboardAction(Ljava/awt/event/KeyEvent;ZLjava/awt/Container;)Z @ 166 c2
Event: 17505.677 Thread 0x000002851b412800 Uncommon trap: reason=array_check action=maybe_recompile pc=0x000002852dec3470 method=java.util.TimSort.mergeLo(IIII)V @ 81 c2
Event: 17505.682 Thread 0x000002851b412800 Uncommon trap: reason=array_check action=maybe_recompile pc=0x000002852dec3470 method=java.util.TimSort.mergeLo(IIII)V @ 81 c2
Event: 17505.685 Thread 0x000002851b412800 Uncommon trap: reason=array_check action=maybe_recompile pc=0x000002852dec3470 method=java.util.TimSort.mergeLo(IIII)V @ 81 c2
Event: 17585.920 Thread 0x000002851b412800 Uncommon trap: reason=array_check action=maybe_recompile pc=0x000002852dec3470 method=java.util.TimSort.mergeLo(IIII)V @ 81 c2

Classes redefined (0 events):
No events

Internal exceptions (10 events):
Event: 6620.890 Thread 0x000002851b412800 Exception <a 'java/lang/NoSuchMethodError'{0x0000000708b1a5a8}: java.lang.invoke.DirectMethodHandle$Holder.invokeStatic(Ljava/lang/Object;Ljava/lang/Object;ILjava/lang/Object;)Ljava/lang/Object;> (0x0000000708b1a5a8) thrown at [t:/workspace/hotspot/src/sh
Event: 6622.167 Thread 0x000002851b412800 Exception <a 'java/lang/NoSuchMethodError'{0x0000000709363b18}: method resolution failed> (0x0000000709363b18) thrown at [t:/workspace/hotspot/src/share/vm/prims/methodHandles.cpp, line 1256]
Event: 6622.168 Thread 0x000002851b412800 Exception <a 'java/lang/NoSuchMethodError'{0x0000000709369cc8}: java.lang.invoke.DirectMethodHandle$Holder.invokeStatic(Ljava/lang/Object;Ljava/lang/Object;IILjava/lang/Object;)Ljava/lang/Object;> (0x0000000709369cc8) thrown at [t:/workspace/hotspot/src/s
Event: 6622.168 Thread 0x000002851b412800 Exception <a 'java/lang/NoSuchMethodError'{0x000000070936d900}: java.lang.invoke.DirectMethodHandle$Holder.invokeSpecial(Ljava/lang/Object;Ljava/lang/Object;Ljava/lang/Object;IILjava/lang/Object;)Ljava/lang/Object;> (0x000000070936d900) thrown at [t:/work
Event: 6671.882 Thread 0x000002851b412800 Exception <a 'java/lang/NoSuchMethodError'{0x00000007095f5718}: java.lang.invoke.DelegatingMethodHandle$Holder.reinvoke_L(Ljava/lang/Object;IIILjava/lang/Object;II)Ljava/lang/Object;> (0x00000007095f5718) thrown at [t:/workspace/hotspot/src/share/vm/inter
Event: 6819.237 Thread 0x000002854ca77800 Exception <a 'java/lang/InterruptedException'{0x0000000708b01a68}: sleep interrupted> (0x0000000708b01a68) thrown at [t:/workspace/hotspot/src/share/vm/prims/jvm.cpp, line 2984]
Event: 6837.213 Thread 0x000002851b412800 Implicit null exception at 0x000002852d2e240c to 0x000002852d2e247d
Event: 8439.290 Thread 0x000002854ca74800 Exception <a 'ui/frmwork/CommandFailedException'{0x000000070f706808}> (0x000000070f706808) thrown at [t:/workspace/hotspot/src/share/vm/prims/jni.cpp, line 604]
Event: 17244.765 Thread 0x000002851b412800 Implicit null exception at 0x000002852d36ead9 to 0x000002852d36eda5
Event: 17255.932 Thread 0x000002851b412800 Implicit null exception at 0x000002852db43e80 to 0x000002852db451f9

Events (10 events):
Event: 17626.219 Thread 0x000002854ca74000 Thread added: 0x000002854ca74000
Event: 17626.222 Thread 0x000002854ca74000 Thread exited: 0x000002854ca74000
Event: 17626.993 loading class ui/b/c/bC
Event: 17626.993 loading class ui/b/c/bC done
Event: 17627.011 Executing VM operation: G1IncCollectionPause
Event: 17627.013 Executing VM operation: G1IncCollectionPause done
Event: 17627.054 Executing VM operation: CGC_Operation
Event: 17627.068 Executing VM operation: CGC_Operation done
Event: 17627.076 Executing VM operation: CGC_Operation
Event: 17627.077 Executing VM operation: CGC_Operation done


Dynamic libraries:
0x00007ff609fe0000 - 0x00007ff60a010000 	D:\Program\Xilinx\Vivado2019\Vivado\2019.1\bin\unwrapped\win64.o\vivado.exe
0x00007ffa750c0000 - 0x00007ffa752b0000 	C:\WINDOWS\SYSTEM32\ntdll.dll
0x00007ffa73240000 - 0x00007ffa732f2000 	C:\WINDOWS\System32\KERNEL32.DLL
0x00007ffa72ba0000 - 0x00007ffa72e44000 	C:\WINDOWS\System32\KERNELBASE.dll
0x00007ffa72ff0000 - 0x00007ffa730ea000 	C:\WINDOWS\System32\ucrtbase.dll
0x00007ffa64f10000 - 0x00007ffa64fa1000 	C:\WINDOWS\SYSTEM32\MSVCP140.dll
0x00007ffa694f0000 - 0x00007ffa69504000 	D:\Program\Xilinx\Vivado2019\Vivado\2019.1\lib\win64.o\libboost_signals.dll
0x00007ffa67800000 - 0x00007ffa67814000 	D:\Program\Xilinx\Vivado2019\Vivado\2019.1\lib\win64.o\librdi_commonmain.dll
0x00007ffa69510000 - 0x00007ffa69529000 	C:\WINDOWS\SYSTEM32\VCRUNTIME140.dll
0x00007ffa2f110000 - 0x00007ffa2fff2000 	D:\Program\Xilinx\Vivado2019\Vivado\2019.1\lib\win64.o\librdi_common.dll
0x00007ffa6eb90000 - 0x00007ffa6eb9c000 	C:\WINDOWS\SYSTEM32\VCRUNTIME140_1.dll
0x00007ffa74670000 - 0x00007ffa74805000 	C:\WINDOWS\System32\USER32.dll
0x00007ffa730f0000 - 0x00007ffa73111000 	C:\WINDOWS\System32\win32u.dll
0x00007ffa65c20000 - 0x00007ffa65c46000 	D:\Program\Xilinx\Vivado2019\Vivado\2019.1\lib\win64.o\libboost_filesystem.dll
0x00007ffa73210000 - 0x00007ffa73236000 	C:\WINDOWS\System32\GDI32.dll
0x00007ffa6eb70000 - 0x00007ffa6eb7a000 	D:\Program\Xilinx\Vivado2019\Vivado\2019.1\lib\win64.o\librdi_commonversion.dll
0x00007ffa74fd0000 - 0x00007ffa75073000 	C:\WINDOWS\System32\ADVAPI32.dll
0x00007ffa72e50000 - 0x00007ffa72fe6000 	C:\WINDOWS\System32\gdi32full.dll
0x00007ffa73170000 - 0x00007ffa7320e000 	C:\WINDOWS\System32\msvcrt.dll
0x00007ffa72120000 - 0x00007ffa721be000 	C:\WINDOWS\System32\msvcp_win.dll
0x00007ffa626d0000 - 0x00007ffa627f1000 	D:\Program\Xilinx\Vivado2019\Vivado\2019.1\lib\win64.o\librdi_commonxillic.dll
0x00007ffa74810000 - 0x00007ffa748a7000 	C:\WINDOWS\System32\sechost.dll
0x00007ffa73600000 - 0x00007ffa73ce7000 	C:\WINDOWS\System32\SHELL32.dll
0x0000000067970000 - 0x0000000067a9b000 	D:\Program\Xilinx\Vivado2019\Vivado\2019.1\lib\win64.o\tcl85t.dll
0x00007ffa744d0000 - 0x00007ffa745f0000 	C:\WINDOWS\System32\RPCRT4.dll
0x00007ffa73120000 - 0x00007ffa7316a000 	C:\WINDOWS\System32\cfgmgr32.dll
0x00007ffa74bf0000 - 0x00007ffa74c5f000 	C:\WINDOWS\System32\WS2_32.dll
0x00007ffa73360000 - 0x00007ffa73409000 	C:\WINDOWS\System32\shcore.dll
0x00007ffa748b0000 - 0x00007ffa74be5000 	C:\WINDOWS\System32\combase.dll
0x00007ffa721c0000 - 0x00007ffa72240000 	C:\WINDOWS\System32\bcryptPrimitives.dll
0x00007ffa67120000 - 0x00007ffa67134000 	D:\Program\Xilinx\Vivado2019\Vivado\2019.1\lib\win64.o\libboost_date_time.dll
0x00007ffa723f0000 - 0x00007ffa72b72000 	C:\WINDOWS\System32\windows.storage.dll
0x00007ffa2eda0000 - 0x00007ffa2f10e000 	D:\Program\Xilinx\Vivado2019\Vivado\2019.1\lib\win64.o\libCOIN-all.dll
0x00007ffa71fa0000 - 0x00007ffa71fc3000 	C:\WINDOWS\System32\profapi.dll
0x00007ffa64e90000 - 0x00007ffa64f0f000 	D:\Program\Xilinx\Vivado2019\Vivado\2019.1\lib\win64.o\libboost_program_options.dll
0x00007ffa71fd0000 - 0x00007ffa7201a000 	C:\WINDOWS\System32\powrprof.dll
0x00007ffa71f70000 - 0x00007ffa71f80000 	C:\WINDOWS\System32\UMPDC.dll
0x00007ffa50550000 - 0x00007ffa50664000 	D:\Program\Xilinx\Vivado2019\Vivado\2019.1\lib\win64.o\libboost_regex.dll
0x00007ffa69330000 - 0x00007ffa6933b000 	D:\Program\Xilinx\Vivado2019\Vivado\2019.1\lib\win64.o\libboost_system.dll
0x00007ffa73300000 - 0x00007ffa73352000 	C:\WINDOWS\System32\shlwapi.dll
0x00007ffa72020000 - 0x00007ffa72031000 	C:\WINDOWS\System32\kernel.appcore.dll
0x00007ffa65990000 - 0x00007ffa659b1000 	D:\Program\Xilinx\Vivado2019\Vivado\2019.1\lib\win64.o\libboost_thread.dll
0x00007ffa72b80000 - 0x00007ffa72b97000 	C:\WINDOWS\System32\cryptsp.dll
0x00007ffa648d0000 - 0x00007ffa64952000 	D:\Program\Xilinx\Vivado2019\Vivado\2019.1\lib\win64.o\libhdlpsolve.dll
0x00007ffa667f0000 - 0x00007ffa667ff000 	D:\Program\Xilinx\Vivado2019\Vivado\2019.1\lib\win64.o\libboost_xilinx.dll
0x00007ffa63870000 - 0x00007ffa63915000 	D:\Program\Xilinx\Vivado2019\Vivado\2019.1\lib\win64.o\libhdxml.dll
0x00007ffa64e60000 - 0x00007ffa64e8e000 	D:\Program\Xilinx\Vivado2019\Vivado\2019.1\lib\win64.o\libisl_sysinfo.dll
0x00007ffa64860000 - 0x00007ffa648c5000 	D:\Program\Xilinx\Vivado2019\Vivado\2019.1\lib\win64.o\liblmx6.0.dll
0x00007ffa2e1f0000 - 0x00007ffa2ed9f400 	D:\Program\Xilinx\Vivado2019\Vivado\2019.1\lib\win64.o\libisl_iostreams.dll
0x00007ffa64e40000 - 0x00007ffa64e5a000 	D:\Program\Xilinx\Vivado2019\Vivado\2019.1\lib\win64.o\pthreadVC2.dll
0x00007ffa64e20000 - 0x00007ffa64e3c000 	D:\Program\Xilinx\Vivado2019\Vivado\2019.1\lib\win64.o\librdiconfig.dll
0x0000000012000000 - 0x0000000012270000 	D:\Program\Xilinx\Vivado2019\Vivado\2019.1\lib\win64.o\xerces-c_3_1.dll
0x00007ffa641c0000 - 0x00007ffa641e1000 	D:\Program\Xilinx\Vivado2019\Vivado\2019.1\lib\win64.o\librdizlib.dll
0x00007ffa57fb0000 - 0x00007ffa57fc7000 	C:\WINDOWS\SYSTEM32\NETAPI32.dll
0x00007ffa65490000 - 0x00007ffa65965000 	C:\WINDOWS\SYSTEM32\WININET.dll
0x00007ffa69d90000 - 0x00007ffa69e80000 	C:\WINDOWS\SYSTEM32\WINHTTP.dll
0x00007ffa66d00000 - 0x00007ffa66ed6000 	C:\WINDOWS\SYSTEM32\urlmon.dll
0x00007ffa48880000 - 0x00007ffa48b58000 	D:\Program\Xilinx\Vivado2019\Vivado\2019.1\lib\win64.o\libXil_lmgr11.dll
0x00007ffa74db0000 - 0x00007ffa74e80000 	C:\WINDOWS\System32\COMDLG32.dll
0x00007ffa74c60000 - 0x00007ffa74d25000 	C:\WINDOWS\System32\OLEAUT32.dll
0x00007ffa734a0000 - 0x00007ffa735f7000 	C:\WINDOWS\System32\ole32.dll
0x00007ffa65980000 - 0x00007ffa6598d000 	D:\Program\Xilinx\Vivado2019\Vivado\2019.1\lib\win64.o\libboost_chrono.dll
0x00007ffa72390000 - 0x00007ffa723ec000 	C:\WINDOWS\System32\WINTRUST.dll
0x00007ffa65bd0000 - 0x00007ffa65bd9000 	C:\WINDOWS\SYSTEM32\WSOCK32.dll
0x00007ffa71f80000 - 0x00007ffa71f92000 	C:\WINDOWS\System32\MSASN1.dll
0x00007ffa72240000 - 0x00007ffa72389000 	C:\WINDOWS\System32\CRYPT32.dll
0x00007ffa64190000 - 0x00007ffa641bd000 	C:\WINDOWS\SYSTEM32\VCOMP140.DLL
0x00007ffa2d350000 - 0x00007ffa2e1e1000 	D:\Program\Xilinx\Vivado2019\Vivado\2019.1\lib\win64.o\gurobi65.dll
0x00007ffa63840000 - 0x00007ffa63865000 	D:\Program\Xilinx\Vivado2019\Vivado\2019.1\lib\win64.o\libisl_iosutils.dll
0x00007ffa64170000 - 0x00007ffa6418b000 	D:\Program\Xilinx\Vivado2019\Vivado\2019.1\lib\win64.o\libboost_iostreams.dll
0x00007ffa66a50000 - 0x00007ffa66cf6000 	C:\WINDOWS\SYSTEM32\iertutil.dll
0x00007ffa68200000 - 0x00007ffa682a9000 	C:\WINDOWS\WinSxS\amd64_microsoft.windows.common-controls_6595b64144ccf1df_5.82.18362.1016_none_73b3274ad815f571\COMCTL32.dll
0x00007ffa6d000000 - 0x00007ffa6d01c000 	C:\WINDOWS\SYSTEM32\dhcpcsvc.DLL
0x00007ffa744c0000 - 0x00007ffa744c8000 	C:\WINDOWS\System32\NSI.dll
0x00007ffa719a0000 - 0x00007ffa719ac000 	C:\WINDOWS\SYSTEM32\CRYPTBASE.DLL
0x00007ffa715f0000 - 0x00007ffa715fc000 	C:\WINDOWS\SYSTEM32\NETUTILS.DLL
0x00007ffa73470000 - 0x00007ffa7349e000 	C:\WINDOWS\System32\IMM32.DLL
0x00007ffa2b860000 - 0x00007ffa2bd77000 	D:\Program\Xilinx\Vivado2019\Vivado\2019.1\lib\win64.o\librdi_commontasks.dll
0x00007ffa6cf80000 - 0x00007ffa6cf8a000 	C:\WINDOWS\SYSTEM32\VERSION.dll
0x0000000066f40000 - 0x0000000067965000 	D:\Program\Xilinx\Vivado2019\Vivado\2019.1\tps\win64\jre9.0.4\bin\server\jvm.dll
0x00007ffa2d0c0000 - 0x00007ffa2d346000 	D:\Program\Xilinx\Vivado2019\Vivado\2019.1\lib\win64.o\librdi_sio.dll
0x00007ffa74fc0000 - 0x00007ffa74fc8000 	C:\WINDOWS\System32\PSAPI.DLL
0x00007ffa6ead0000 - 0x00007ffa6eaf4000 	C:\WINDOWS\SYSTEM32\WINMM.dll
0x00007ffa714e0000 - 0x00007ffa7151a000 	C:\WINDOWS\SYSTEM32\IPHLPAPI.DLL
0x00007ffa61a70000 - 0x00007ffa61b5f000 	C:\WINDOWS\SYSTEM32\MSVCR120.dll
0x00007ffa6ea50000 - 0x00007ffa6ea7d000 	C:\WINDOWS\SYSTEM32\WINMMBASE.dll
0x00007ffa717d0000 - 0x00007ffa71837000 	C:\WINDOWS\SYSTEM32\MSWSOCK.DLL
0x00007ffa23390000 - 0x00007ffa2584c000 	D:\Program\Xilinx\Vivado2019\Vivado\2019.1\lib\win64.o\librdi_tcltasks.dll
0x00007ffa5c410000 - 0x00007ffa5c488000 	D:\Program\Xilinx\Vivado2019\Vivado\2019.1\lib\win64.o\librdi_boarddep.dll
0x00007ffa32ac0000 - 0x00007ffa32c51000 	D:\Program\Xilinx\Vivado2019\Vivado\2019.1\lib\win64.o\librdi_board.dll
0x00007ffa4e290000 - 0x00007ffa4e37b000 	D:\Program\Xilinx\Vivado2019\Vivado\2019.1\lib\win64.o\librdi_chipscope.dll
0x00007ffa2b450000 - 0x00007ffa2b858000 	D:\Program\Xilinx\Vivado2019\Vivado\2019.1\lib\win64.o\librdi_bitstream.dll
0x00007ffa309b0000 - 0x00007ffa30b6d000 	D:\Program\Xilinx\Vivado2019\Vivado\2019.1\lib\win64.o\librdi_chipscopeimpl.dll
0x00007ffa47a90000 - 0x00007ffa47be6000 	D:\Program\Xilinx\Vivado2019\Vivado\2019.1\lib\win64.o\librdi_containers.dll
0x00007ffa219a0000 - 0x00007ffa2338a000 	D:\Program\Xilinx\Vivado2019\Vivado\2019.1\lib\win64.o\librdi_constraints.dll
0x00007ffa1fae0000 - 0x00007ffa21991000 	D:\Program\Xilinx\Vivado2019\Vivado\2019.1\lib\win64.o\librdi_coregen.dll
0x00007ffa1f400000 - 0x00007ffa1fada000 	D:\Program\Xilinx\Vivado2019\Vivado\2019.1\lib\win64.o\librdi_coregenipxact.dll
0x00007ffa2aa50000 - 0x00007ffa2ad6e000 	D:\Program\Xilinx\Vivado2019\Vivado\2019.1\lib\win64.o\librdi_dlyest.dll
0x00007ffa089e0000 - 0x00007ffa08f7a000 	D:\Program\Xilinx\Vivado2019\Vivado\2019.1\lib\win64.o\librdi_drc.dll
0x00007ffa1b3b0000 - 0x00007ffa1f3f3000 	D:\Program\Xilinx\Vivado2019\Vivado\2019.1\lib\win64.o\librdi_designutils.dll
0x00007ffa56a30000 - 0x00007ffa56af4000 	D:\Program\Xilinx\Vivado2019\Vivado\2019.1\lib\win64.o\librdi_dsp.dll
0x00007ffa08390000 - 0x00007ffa089dd000 	D:\Program\Xilinx\Vivado2019\Vivado\2019.1\lib\win64.o\librdi_filemgmt.dll
0x00007ffa080a0000 - 0x00007ffa08383000 	D:\Program\Xilinx\Vivado2019\Vivado\2019.1\lib\win64.o\librdi_guitools.dll
0x00007ffa4f750000 - 0x00007ffa4f7b5000 	D:\Program\Xilinx\Vivado2019\Vivado\2019.1\lib\win64.o\librdi_hdf.dll
0x00007ffa06ae0000 - 0x00007ffa080a0000 	D:\Program\Xilinx\Vivado2019\Vivado\2019.1\lib\win64.o\librdi_implflow.dll
0x00007ffa4e210000 - 0x00007ffa4e283000 	D:\Program\Xilinx\Vivado2019\Vivado\2019.1\lib\win64.o\librdi_memoryarray.dll
0x00007ffa064c0000 - 0x00007ffa06ad5000 	D:\Program\Xilinx\Vivado2019\Vivado\2019.1\lib\win64.o\librdi_memdata.dll
0x00007ffa62680000 - 0x00007ffa626cb000 	D:\Program\Xilinx\Vivado2019\Vivado\2019.1\lib\win64.o\librdi_pfi.dll
0x00007ffa03120000 - 0x00007ffa037c2000 	D:\Program\Xilinx\Vivado2019\Vivado\2019.1\lib\win64.o\librdi_netlist.dll
0x00007ffa037d0000 - 0x00007ffa064b6000 	D:\Program\Xilinx\Vivado2019\Vivado\2019.1\lib\win64.o\librdi_mig.dll
0x00007ffa00790000 - 0x00007ffa00a9f000 	D:\Program\Xilinx\Vivado2019\Vivado\2019.1\lib\win64.o\librdi_platform.dll
0x00007ffa08f80000 - 0x00007ffa1b3ac000 	D:\Program\Xilinx\Vivado2019\Vivado\2019.1\lib\win64.o\librdi_device.dll
0x00007ffa00040000 - 0x00007ffa0078a000 	D:\Program\Xilinx\Vivado2019\Vivado\2019.1\lib\win64.o\librdi_power.dll
0x00007ffa00aa0000 - 0x00007ffa03116000 	D:\Program\Xilinx\Vivado2019\Vivado\2019.1\lib\win64.o\librdi_place.dll
0x00007ff9ffac0000 - 0x00007ffa0003f000 	D:\Program\Xilinx\Vivado2019\Vivado\2019.1\lib\win64.o\librdi_project.dll
0x00007ff9fe8a0000 - 0x00007ff9fec91000 	D:\Program\Xilinx\Vivado2019\Vivado\2019.1\lib\win64.o\librdi_runs.dll
0x00007ff9ff3b0000 - 0x00007ff9ffab6000 	D:\Program\Xilinx\Vivado2019\Vivado\2019.1\lib\win64.o\librdi_rsb.dll
0x00007ffa46cd0000 - 0x00007ffa46dca000 	D:\Program\Xilinx\Vivado2019\Vivado\2019.1\lib\win64.o\librdi_runsbase.dll
0x00007ffa2a7f0000 - 0x00007ffa2aa46000 	D:\Program\Xilinx\Vivado2019\Vivado\2019.1\lib\win64.o\librdi_simdata.dll
0x00007ff9feca0000 - 0x00007ff9ff3a9000 	D:\Program\Xilinx\Vivado2019\Vivado\2019.1\lib\win64.o\librdi_psta.dll
0x00007ffa2cf40000 - 0x00007ffa2d0b2000 	D:\Program\Xilinx\Vivado2019\Vivado\2019.1\lib\win64.o\librdi_advchipscopeimpl.dll
0x00007ff9fda80000 - 0x00007ff9fe891000 	D:\Program\Xilinx\Vivado2019\Vivado\2019.1\lib\win64.o\librdi_timing.dll
0x00007ffa61890000 - 0x00007ffa618dc000 	D:\Program\Xilinx\Vivado2019\Vivado\2019.1\lib\win64.o\libboost_serialization.dll
0x00007ffa2b2b0000 - 0x00007ffa2b44f000 	D:\Program\Xilinx\Vivado2019\Vivado\2019.1\lib\win64.o\librdi_hip_devdesign.dll
0x00007ffa30c30000 - 0x00007ffa30cf2000 	D:\Program\Xilinx\Vivado2019\Vivado\2019.1\lib\win64.o\librdi_ipconfig_readwrite.dll
0x00007ffa50430000 - 0x00007ffa50473000 	D:\Program\Xilinx\Vivado2019\Vivado\2019.1\lib\win64.o\librdi_noc_frameworks.dll
0x00007ffa47950000 - 0x00007ffa479ee000 	D:\Program\Xilinx\Vivado2019\Vivado\2019.1\lib\win64.o\libise.dll
0x00007ff9fcf30000 - 0x00007ff9fda77000 	D:\Program\Xilinx\Vivado2019\Vivado\2019.1\lib\win64.o\libverific.dll

VM Arguments:
jvm_args: -Dsun.java2d.pmoffscreen=false -Dsun.java2d.xrender=false -Dsun.java2d.d3d=false -Dsun.awt.nopixfmt=true -Dsun.java2d.dpiaware=true -Dsun.java2d.uiScale.enabled=false -Xverify:none -Dswing.aatext=true -XX:-UsePerfData -Djdk.map.althashing.threshold=512 -XX:StringTableSize=4072 --add-opens=java.base/java.nio=ALL-UNNAMED --add-opens=java.desktop/sun.swing=ALL-UNNAMED --add-opens=java.desktop/javax.swing=ALL-UNNAMED --add-opens=java.desktop/javax.swing.tree=ALL-UNNAMED --add-opens=java.desktop/javax.swing.plaf.basic=ALL-UNNAMED --add-opens=java.desktop/javax.swing.plaf.synth=ALL-UNNAMED --add-opens=java.desktop/com.sun.awt=ALL-UNNAMED -XX:NewSize=60m -XX:MaxNewSize=60m -Xms128m -Xmx3072m -Xss5m 
java_command: <unknown>
java_class_path (initial): D:/Program/Xilinx/Vivado2019/Vivado/2019.1\lib\classes\alloy.jar;D:/Program/Xilinx/Vivado2019/Vivado/2019.1\lib\classes\autopilot.scelaborator.jar;D:/Program/Xilinx/Vivado2019/Vivado/2019.1\lib\classes\autopilot.sourceprocessor.jar;D:/Program/Xilinx/Vivado2019/Vivado/2019.1\lib\classes\autopilot.tbprocessor.jar;D:/Program/Xilinx/Vivado2019/Vivado/2019.1\lib\classes\batik-anim.jar;D:/Program/Xilinx/Vivado2019/Vivado/2019.1\lib\classes\batik-awt-util.jar;D:/Program/Xilinx/Vivado2019/Vivado/2019.1\lib\classes\batik-bridge.jar;D:/Program/Xilinx/Vivado2019/Vivado/2019.1\lib\classes\batik-codec.jar;D:/Program/Xilinx/Vivado2019/Vivado/2019.1\lib\classes\batik-css.jar;D:/Program/Xilinx/Vivado2019/Vivado/2019.1\lib\classes\batik-dom.jar;D:/Program/Xilinx/Vivado2019/Vivado/2019.1\lib\classes\batik-ext.jar;D:/Program/Xilinx/Vivado2019/Vivado/2019.1\lib\classes\batik-gui-util.jar;D:/Program/Xilinx/Vivado2019/Vivado/2019.1\lib\classes\batik-gvt.jar;D:/Program/Xilinx/Vivado2019/Vivado/2019.1\lib\classes\batik-parser.jar;D:/Program/Xilinx/Vivado2019/Vivado/2019.1\lib\classes\batik-script.jar;D:/Program/Xilinx/Vivado2019/Vivado/2019.1\lib\classes\batik-svg-dom.jar;D:/Program/Xilinx/Vivado2019/Vivado/2019.1\lib\classes\batik-swing.jar;D:/Program/Xilinx/Vivado2019/Vivado/2019.1\lib\classes\batik-transcoder.jar;D:/Program/Xilinx/Vivado2019/Vivado/2019.1\lib\classes\batik-util.jar;D:/Program/Xilinx/Vivado2019/Vivado/2019.1\lib\classes\batik-xml.jar;D:/Program/Xilinx/Vivado2019/Vivado/2019.1\lib\classes\com.google.gson_2.7.0.v20170129-0911.jar;D:/Program/Xilinx/Vivado2019/Vivado/2019.1\lib\classes\com.google.guava_21.0.0.v20170206-1425.jar;D:/Program/Xilinx/Vivado2019/Vivado/2019.1\lib\classes\com.google.inject_3.0.0.v201605172100.jar;D:/Program/Xilinx/Vivado2019/Vivado/2019.1\lib\classes\com.ibm.icu_4.4.2.v20110208.jar;D:/Program/Xilinx/Vivado2019/Vivado/2019.1\lib\classes\com.sigasi.hdt.annotations.runtime_4.3.0.201903071210.jar;D:/Program/Xilinx/Vivado201
Launcher Type: generic

Logging:
Log output configuration:
#0: stdout all=warning uptime,level,tags
#1: stderr all=off uptime,level,tags

Environment Variables:
PATH=D:/Program/Xilinx/Vivado2019/Vivado/2019.1/bin;D:/Program/Xilinx/Vivado2019/Vivado/2019.1/lib/win64.o;D:/Program/Xilinx/Vivado2019/Vivado/2019.1/tps/win64/jre9.0.4/bin/server;D:/Program/Xilinx/Vivado2019/Vivado/2019.1/tps/win64/jre9.0.4/bin;D:/Program/Xilinx/Vivado2019/SDK/2019.1/bin;D:/Program/Xilinx/Vivado2019/Vivado/2019.1/ids_lite/ISE/bin/nt64;D:/Program/Xilinx/Vivado2019/Vivado/2019.1/ids_lite/ISE/lib/nt64;C:\WINDOWS\system32;C:\WINDOWS;C:\WINDOWS\System32\Wbem;C:\WINDOWS\System32\WindowsPowerShell\v1.0\;C:\WINDOWS\System32\OpenSSH\;D:\Program\Git\cmd;D:\Program\Anaconda3\Scripts;C:\Program Files\heroku\bin;D:/Program/Xilinx/Vivado2019/Vivado/2019.1\tps\mingw\6.2.0\win64.o\nt\bin;D:/Program/Xilinx/Vivado2019/Vivado/2019.1\tps\mingw\6.2.0\win64.o\nt\libexec\gcc\x86_64-w64-mingw32\6.2.0;D:/Program/Xilinx/Vivado2019/Vivado/2019.1\tps\win64\python-2.7.5;D:/Program/Xilinx/Vivado2019/Vivado/2019.1\tps\win64\python-2.7.5\lib;D:/Program/Xilinx/Vivado2019/Vivado/2019.1\tps\win64\python-2.7.5\Lib\lib-tk;D:/Program/Xilinx/Vivado2019/Vivado/2019.1\tps\win64\python-2.7.5\lib\site-packages
USERNAME=Alex
OS=Windows_NT
PROCESSOR_IDENTIFIER=Intel64 Family 6 Model 158 Stepping 9, GenuineIntel



---------------  S Y S T E M  ---------------

OS: Windows 10 , 64 bit Build 18362 (10.0.18362.959)

CPU:total 8 (initial active 8) (4 cores per cpu, 2 threads per core) family 6 model 158 stepping 9, cmov, cx8, fxsr, mmx, sse, sse2, sse3, ssse3, sse4.1, sse4.2, popcnt, avx, avx2, aes, clmul, erms, rtm, 3dnowpref, lzcnt, ht, tsc, tscinvbit, bmi1, bmi2, adx, fma

Memory: 4k page, physical 33487108k(23441800k free), swap 38467844k(26253076k free)

vm_info: Java HotSpot(TM) 64-Bit Server VM (9.0.4+11) for windows-amd64 JRE (9.0.4+11), built on Dec 20 2017 02:18:54 by "mach5one" with MS VC++ 12.0 (VS2013)

END.
