Vivado Simulator 2019.1
Time resolution is 1 ps
$finish called at time : 0 fs : File "D:/Library_Projects_FPGA/GeopticCam/GeopticCam.srcs/sim_1/new/imx219_tb.sv" Line 87
Stopped at time : 0 fs : File "D:/Library_Projects_FPGA/GeopticCam/GeopticCam.sim/sim_1/behav/xsim/glbl.v" Line 57
Stopped at time : 0 fs : File "D:/Library_Projects_FPGA/GeopticCam/GeopticCam.sim/sim_1/behav/xsim/glbl.v" Line 58
Stopped at time : 0 fs : File "D:/Library_Projects_FPGA/GeopticCam/GeopticCam.sim/sim_1/behav/xsim/glbl.v" Line 59
Stopped at time : 0 fs : File "D:/Library_Projects_FPGA/GeopticCam/GeopticCam.sim/sim_1/behav/xsim/glbl.v" Line 65
Stopped at time : 0 fs : File "D:/Library_Projects_FPGA/GeopticCam/GeopticCam.sim/sim_1/behav/xsim/glbl.v" Line 66
Stopped at time : 0 fs : File "D:/Library_Projects_FPGA/GeopticCam/GeopticCam.srcs/sources_1/new/i2c_master.sv" Line 88
Stopped at time : 0 fs : File "D:/Library_Projects_FPGA/GeopticCam/GeopticCam.srcs/sources_1/new/i2c_master.sv" Line 109
Stopped at time : 0 fs : File "D:/Library_Projects_FPGA/GeopticCam/GeopticCam.srcs/sources_1/new/i2c_core.sv" Line 145
Stopped at time : 0 fs : File "D:/Library_Projects_FPGA/GeopticCam/GeopticCam.srcs/sources_1/new/i2c_core.sv" Line 146
Stopped at time : 0 fs : File "D:/Library_Projects_FPGA/GeopticCam/GeopticCam.sim/sim_1/behav/xsim/glbl.v" Line 52
Stopped at time : 0 fs : File "D:/Library_Projects_FPGA/GeopticCam/GeopticCam.sim/sim_1/behav/xsim/glbl.v" Line 54
Stopped at time : 0 fs : File "D:/Library_Projects_FPGA/GeopticCam/GeopticCam.sim/sim_1/behav/xsim/glbl.v" Line 53
Stopped at time : 0 fs : File "D:/Library_Projects_FPGA/GeopticCam/GeopticCam.sim/sim_1/behav/xsim/glbl.v" Line 67
Stopped at time : 0 fs : File "D:/Library_Projects_FPGA/GeopticCam/GeopticCam.sim/sim_1/behav/xsim/glbl.v" Line 53
Stopped at time : 20 ns : File "D:/Library_Projects_FPGA/GeopticCam/GeopticCam.srcs/sim_1/new/imx219_tb.sv" Line 55
Stopped at time : 20 ns : File "D:/Library_Projects_FPGA/GeopticCam/GeopticCam.srcs/sim_1/new/imx219_tb.sv" Line 54
Stopped at time : 20 ns : File "D:/Library_Projects_FPGA/GeopticCam/GeopticCam.srcs/sources_1/new/i2c_master.sv" Line 84
Stopped at time : 20 ns : File "D:/Library_Projects_FPGA/GeopticCam/GeopticCam.srcs/sources_1/new/i2c_master.sv" Line 84
Stopped at time : 20 ns : File "D:/Library_Projects_FPGA/GeopticCam/GeopticCam.srcs/sources_1/new/i2c_master.sv" Line 111
Stopped at time : 20 ns : File "D:/Library_Projects_FPGA/GeopticCam/GeopticCam.srcs/sources_1/new/i2c_master.sv" Line 111
Stopped at time : 20 ns : File "D:/Library_Projects_FPGA/GeopticCam/GeopticCam.srcs/sources_1/new/clock.sv" Line 49
Stopped at time : 20 ns : File "D:/Library_Projects_FPGA/GeopticCam/GeopticCam.srcs/sources_1/new/clock.sv" Line 45
Stopped at time : 20 ns : File "D:/Library_Projects_FPGA/GeopticCam/GeopticCam.srcs/sources_1/new/clock.sv" Line 58
Stopped at time : 20 ns : File "D:/Library_Projects_FPGA/GeopticCam/GeopticCam.srcs/sources_1/new/clock.sv" Line 60
Stopped at time : 20 ns : File "D:/Library_Projects_FPGA/GeopticCam/GeopticCam.srcs/sources_1/new/clock.sv" Line 61
Stopped at time : 20 ns : File "D:/Library_Projects_FPGA/GeopticCam/GeopticCam.srcs/sources_1/new/clock.sv" Line 61
Stopped at time : 20 ns : File "D:/Library_Projects_FPGA/GeopticCam/GeopticCam.srcs/sources_1/new/clock.sv" Line 62
Stopped at time : 20 ns : File "D:/Library_Projects_FPGA/GeopticCam/GeopticCam.srcs/sources_1/new/clock.sv" Line 56
Stopped at time : 20 ns : File "D:/Library_Projects_FPGA/GeopticCam/GeopticCam.srcs/sources_1/new/i2c_core.sv" Line 136
Stopped at time : 20 ns : File "D:/Library_Projects_FPGA/GeopticCam/GeopticCam.srcs/sources_1/new/i2c_core.sv" Line 132
Stopped at time : 20 ns : File "D:/Library_Projects_FPGA/GeopticCam/GeopticCam.srcs/sources_1/new/i2c_core.sv" Line 160
Stopped at time : 20 ns : File "D:/Library_Projects_FPGA/GeopticCam/GeopticCam.srcs/sources_1/new/i2c_core.sv" Line 163
Stopped at time : 20 ns : File "D:/Library_Projects_FPGA/GeopticCam/GeopticCam.srcs/sources_1/new/i2c_core.sv" Line 165
Stopped at time : 20 ns : File "D:/Library_Projects_FPGA/GeopticCam/GeopticCam.srcs/sources_1/new/i2c_core.sv" Line 167
Stopped at time : 20 ns : File "D:/Library_Projects_FPGA/GeopticCam/GeopticCam.srcs/sources_1/new/i2c_core.sv" Line 170
Stopped at time : 20 ns : File "D:/Library_Projects_FPGA/GeopticCam/GeopticCam.srcs/sources_1/new/i2c_core.sv" Line 178
Stopped at time : 20 ns : File "D:/Library_Projects_FPGA/GeopticCam/GeopticCam.srcs/sources_1/new/i2c_core.sv" Line 178
Stopped at time : 20 ns : File "D:/Library_Projects_FPGA/GeopticCam/GeopticCam.srcs/sources_1/new/i2c_core.sv" Line 182
Stopped at time : 20 ns : File "D:/Library_Projects_FPGA/GeopticCam/GeopticCam.srcs/sources_1/new/i2c_core.sv" Line 186
Stopped at time : 20 ns : File "D:/Library_Projects_FPGA/GeopticCam/GeopticCam.srcs/sources_1/new/i2c_core.sv" Line 188
Stopped at time : 20 ns : File "D:/Library_Projects_FPGA/GeopticCam/GeopticCam.srcs/sources_1/new/i2c_core.sv" Line 198
Stopped at time : 20 ns : File "D:/Library_Projects_FPGA/GeopticCam/GeopticCam.srcs/sources_1/new/i2c_core.sv" Line 158
Stopped at time : 20 ns : File "D:/Library_Projects_FPGA/GeopticCam/GeopticCam.srcs/sources_1/new/imx219.sv" Line 202
Stopped at time : 20 ns : File "D:/Library_Projects_FPGA/GeopticCam/GeopticCam.srcs/sources_1/new/imx219.sv" Line 204
Stopped at time : 20 ns : File "D:/Library_Projects_FPGA/GeopticCam/GeopticCam.srcs/sources_1/new/imx219.sv" Line 205
Stopped at time : 20 ns : File "D:/Library_Projects_FPGA/GeopticCam/GeopticCam.srcs/sources_1/new/imx219.sv" Line 200
Stopped at time : 20 ns : File "D:/Library_Projects_FPGA/GeopticCam/GeopticCam.srcs/sources_1/new/i2c_master.sv" Line 88
Stopped at time : 20 ns : File "D:/Library_Projects_FPGA/GeopticCam/GeopticCam.srcs/sources_1/new/i2c_master.sv" Line 98
Stopped at time : 20 ns : File "D:/Library_Projects_FPGA/GeopticCam/GeopticCam.srcs/sources_1/new/i2c_master.sv" Line 109
Stopped at time : 20 ns : File "D:/Library_Projects_FPGA/GeopticCam/GeopticCam.srcs/sources_1/new/i2c_master.sv" Line 95
Stopped at time : 20 ns : File "D:/Library_Projects_FPGA/GeopticCam/GeopticCam.srcs/sources_1/new/i2c_core.sv" Line 145
Stopped at time : 20 ns : File "D:/Library_Projects_FPGA/GeopticCam/GeopticCam.srcs/sources_1/new/i2c_core.sv" Line 146
Stopped at time : 20 ns : File "D:/Library_Projects_FPGA/GeopticCam/GeopticCam.srcs/sources_1/new/imx219.sv" Line 190
Stopped at time : 20 ns : File "D:/Library_Projects_FPGA/GeopticCam/GeopticCam.srcs/sources_1/new/imx219.sv" Line 192
Stopped at time : 20 ns : File "D:/Library_Projects_FPGA/GeopticCam/GeopticCam.srcs/sources_1/new/imx219.sv" Line 195
Stopped at time : 20 ns : File "D:/Library_Projects_FPGA/GeopticCam/GeopticCam.srcs/sources_1/new/imx219.sv" Line 198
Stopped at time : 40 ns : File "D:/Library_Projects_FPGA/GeopticCam/GeopticCam.srcs/sim_1/new/imx219_tb.sv" Line 55
Stopped at time : 40 ns : File "D:/Library_Projects_FPGA/GeopticCam/GeopticCam.srcs/sim_1/new/imx219_tb.sv" Line 54
Stopped at time : 60 ns : File "D:/Library_Projects_FPGA/GeopticCam/GeopticCam.srcs/sim_1/new/imx219_tb.sv" Line 55
Stopped at time : 60 ns : File "D:/Library_Projects_FPGA/GeopticCam/GeopticCam.srcs/sim_1/new/imx219_tb.sv" Line 54
Stopped at time : 60 ns : File "D:/Library_Projects_FPGA/GeopticCam/GeopticCam.srcs/sources_1/new/i2c_master.sv" Line 84
Stopped at time : 60 ns : File "D:/Library_Projects_FPGA/GeopticCam/GeopticCam.srcs/sources_1/new/i2c_master.sv" Line 84
Stopped at time : 60 ns : File "D:/Library_Projects_FPGA/GeopticCam/GeopticCam.srcs/sources_1/new/i2c_master.sv" Line 111
Stopped at time : 60 ns : File "D:/Library_Projects_FPGA/GeopticCam/GeopticCam.srcs/sources_1/new/i2c_master.sv" Line 111
Stopped at time : 60 ns : File "D:/Library_Projects_FPGA/GeopticCam/GeopticCam.srcs/sources_1/new/clock.sv" Line 49
Stopped at time : 60 ns : File "D:/Library_Projects_FPGA/GeopticCam/GeopticCam.srcs/sources_1/new/clock.sv" Line 45
Stopped at time : 60 ns : File "D:/Library_Projects_FPGA/GeopticCam/GeopticCam.srcs/sources_1/new/clock.sv" Line 58
Stopped at time : 60 ns : File "D:/Library_Projects_FPGA/GeopticCam/GeopticCam.srcs/sources_1/new/clock.sv" Line 60
Stopped at time : 60 ns : File "D:/Library_Projects_FPGA/GeopticCam/GeopticCam.srcs/sources_1/new/clock.sv" Line 61
Stopped at time : 60 ns : File "D:/Library_Projects_FPGA/GeopticCam/GeopticCam.srcs/sources_1/new/clock.sv" Line 61
Stopped at time : 60 ns : File "D:/Library_Projects_FPGA/GeopticCam/GeopticCam.srcs/sources_1/new/clock.sv" Line 62
Stopped at time : 60 ns : File "D:/Library_Projects_FPGA/GeopticCam/GeopticCam.srcs/sources_1/new/clock.sv" Line 56
Stopped at time : 60 ns : File "D:/Library_Projects_FPGA/GeopticCam/GeopticCam.srcs/sources_1/new/i2c_core.sv" Line 136
Stopped at time : 60 ns : File "D:/Library_Projects_FPGA/GeopticCam/GeopticCam.srcs/sources_1/new/i2c_core.sv" Line 132
Stopped at time : 60 ns : File "D:/Library_Projects_FPGA/GeopticCam/GeopticCam.srcs/sources_1/new/i2c_core.sv" Line 160
Stopped at time : 60 ns : File "D:/Library_Projects_FPGA/GeopticCam/GeopticCam.srcs/sources_1/new/i2c_core.sv" Line 163
Stopped at time : 60 ns : File "D:/Library_Projects_FPGA/GeopticCam/GeopticCam.srcs/sources_1/new/i2c_core.sv" Line 165
Stopped at time : 60 ns : File "D:/Library_Projects_FPGA/GeopticCam/GeopticCam.srcs/sources_1/new/i2c_core.sv" Line 167
Stopped at time : 60 ns : File "D:/Library_Projects_FPGA/GeopticCam/GeopticCam.srcs/sources_1/new/i2c_core.sv" Line 170
Stopped at time : 60 ns : File "D:/Library_Projects_FPGA/GeopticCam/GeopticCam.srcs/sources_1/new/i2c_core.sv" Line 178
Stopped at time : 60 ns : File "D:/Library_Projects_FPGA/GeopticCam/GeopticCam.srcs/sources_1/new/i2c_core.sv" Line 178
Stopped at time : 60 ns : File "D:/Library_Projects_FPGA/GeopticCam/GeopticCam.srcs/sources_1/new/i2c_core.sv" Line 182
Stopped at time : 60 ns : File "D:/Library_Projects_FPGA/GeopticCam/GeopticCam.srcs/sources_1/new/i2c_core.sv" Line 186
Stopped at time : 60 ns : File "D:/Library_Projects_FPGA/GeopticCam/GeopticCam.srcs/sources_1/new/i2c_core.sv" Line 188
Stopped at time : 60 ns : File "D:/Library_Projects_FPGA/GeopticCam/GeopticCam.srcs/sources_1/new/i2c_core.sv" Line 198
Stopped at time : 60 ns : File "D:/Library_Projects_FPGA/GeopticCam/GeopticCam.srcs/sources_1/new/i2c_core.sv" Line 158
Stopped at time : 60 ns : File "D:/Library_Projects_FPGA/GeopticCam/GeopticCam.srcs/sources_1/new/imx219.sv" Line 202
Stopped at time : 60 ns : File "D:/Library_Projects_FPGA/GeopticCam/GeopticCam.srcs/sources_1/new/imx219.sv" Line 208
Stopped at time : 60 ns : File "D:/Library_Projects_FPGA/GeopticCam/GeopticCam.srcs/sources_1/new/imx219.sv" Line 210
Stopped at time : 60 ns : File "D:/Library_Projects_FPGA/GeopticCam/GeopticCam.srcs/sources_1/new/imx219.sv" Line 219
Stopped at time : 60 ns : File "D:/Library_Projects_FPGA/GeopticCam/GeopticCam.srcs/sources_1/new/imx219.sv" Line 221
Stopped at time : 60 ns : File "D:/Library_Projects_FPGA/GeopticCam/GeopticCam.srcs/sources_1/new/imx219.sv" Line 222
Stopped at time : 60 ns : File "D:/Library_Projects_FPGA/GeopticCam/GeopticCam.srcs/sources_1/new/imx219.sv" Line 223
Stopped at time : 60 ns : File "D:/Library_Projects_FPGA/GeopticCam/GeopticCam.srcs/sources_1/new/imx219.sv" Line 224
Stopped at time : 60 ns : File "D:/Library_Projects_FPGA/GeopticCam/GeopticCam.srcs/sources_1/new/imx219.sv" Line 225
Stopped at time : 60 ns : File "D:/Library_Projects_FPGA/GeopticCam/GeopticCam.srcs/sources_1/new/imx219.sv" Line 200
Stopped at time : 60 ns : File "D:/Library_Projects_FPGA/GeopticCam/GeopticCam.srcs/sources_1/new/i2c_master.sv" Line 88
Stopped at time : 60 ns : File "D:/Library_Projects_FPGA/GeopticCam/GeopticCam.srcs/sources_1/new/i2c_master.sv" Line 92
Stopped at time : 60 ns : File "D:/Library_Projects_FPGA/GeopticCam/GeopticCam.srcs/sources_1/new/i2c_master.sv" Line 106
Stopped at time : 60 ns : File "D:/Library_Projects_FPGA/GeopticCam/GeopticCam.srcs/sources_1/new/i2c_master.sv" Line 102
Stopped at time : 80 ns : File "D:/Library_Projects_FPGA/GeopticCam/GeopticCam.srcs/sim_1/new/imx219_tb.sv" Line 55
Stopped at time : 80 ns : File "D:/Library_Projects_FPGA/GeopticCam/GeopticCam.srcs/sim_1/new/imx219_tb.sv" Line 54
Stopped at time : 100 ns : File "D:/Library_Projects_FPGA/GeopticCam/GeopticCam.sim/sim_1/behav/xsim/glbl.v" Line 60
Stopped at time : 100 ns : File "D:/Library_Projects_FPGA/GeopticCam/GeopticCam.sim/sim_1/behav/xsim/glbl.v" Line 61
Stopped at time : 100 ns : File "D:/Library_Projects_FPGA/GeopticCam/GeopticCam.srcs/sim_1/new/imx219_tb.sv" Line 55
Stopped at time : 100 ns : File "D:/Library_Projects_FPGA/GeopticCam/GeopticCam.srcs/sim_1/new/imx219_tb.sv" Line 54
Stopped at time : 100 ns : File "D:/Library_Projects_FPGA/GeopticCam/GeopticCam.sim/sim_1/behav/xsim/glbl.v" Line 52
Stopped at time : 100 ns : File "D:/Library_Projects_FPGA/GeopticCam/GeopticCam.sim/sim_1/behav/xsim/glbl.v" Line 54
Stopped at time : 100 ns : File "D:/Library_Projects_FPGA/GeopticCam/GeopticCam.srcs/sources_1/new/i2c_master.sv" Line 84
Stopped at time : 100 ns : File "D:/Library_Projects_FPGA/GeopticCam/GeopticCam.srcs/sources_1/new/i2c_master.sv" Line 84
Stopped at time : 100 ns : File "D:/Library_Projects_FPGA/GeopticCam/GeopticCam.srcs/sources_1/new/i2c_master.sv" Line 111
Stopped at time : 100 ns : File "D:/Library_Projects_FPGA/GeopticCam/GeopticCam.srcs/sources_1/new/i2c_master.sv" Line 111
Stopped at time : 100 ns : File "D:/Library_Projects_FPGA/GeopticCam/GeopticCam.srcs/sources_1/new/clock.sv" Line 49
Stopped at time : 100 ns : File "D:/Library_Projects_FPGA/GeopticCam/GeopticCam.srcs/sources_1/new/clock.sv" Line 45
Stopped at time : 100 ns : File "D:/Library_Projects_FPGA/GeopticCam/GeopticCam.srcs/sources_1/new/clock.sv" Line 58
Stopped at time : 100 ns : File "D:/Library_Projects_FPGA/GeopticCam/GeopticCam.srcs/sources_1/new/clock.sv" Line 60
Stopped at time : 100 ns : File "D:/Library_Projects_FPGA/GeopticCam/GeopticCam.srcs/sources_1/new/clock.sv" Line 61
Stopped at time : 100 ns : File "D:/Library_Projects_FPGA/GeopticCam/GeopticCam.srcs/sources_1/new/clock.sv" Line 61
Stopped at time : 100 ns : File "D:/Library_Projects_FPGA/GeopticCam/GeopticCam.srcs/sources_1/new/clock.sv" Line 62
Stopped at time : 100 ns : File "D:/Library_Projects_FPGA/GeopticCam/GeopticCam.srcs/sources_1/new/clock.sv" Line 56
Stopped at time : 100 ns : File "D:/Library_Projects_FPGA/GeopticCam/GeopticCam.srcs/sources_1/new/i2c_core.sv" Line 136
Stopped at time : 100 ns : File "D:/Library_Projects_FPGA/GeopticCam/GeopticCam.srcs/sources_1/new/i2c_core.sv" Line 132
Stopped at time : 100 ns : File "D:/Library_Projects_FPGA/GeopticCam/GeopticCam.srcs/sources_1/new/i2c_core.sv" Line 160
Stopped at time : 100 ns : File "D:/Library_Projects_FPGA/GeopticCam/GeopticCam.srcs/sources_1/new/i2c_core.sv" Line 163
Stopped at time : 100 ns : File "D:/Library_Projects_FPGA/GeopticCam/GeopticCam.srcs/sources_1/new/i2c_core.sv" Line 165
Stopped at time : 100 ns : File "D:/Library_Projects_FPGA/GeopticCam/GeopticCam.srcs/sources_1/new/i2c_core.sv" Line 167
Stopped at time : 100 ns : File "D:/Library_Projects_FPGA/GeopticCam/GeopticCam.srcs/sources_1/new/i2c_core.sv" Line 170
Stopped at time : 100 ns : File "D:/Library_Projects_FPGA/GeopticCam/GeopticCam.srcs/sources_1/new/i2c_core.sv" Line 178
Stopped at time : 100 ns : File "D:/Library_Projects_FPGA/GeopticCam/GeopticCam.srcs/sources_1/new/i2c_core.sv" Line 178
Stopped at time : 100 ns : File "D:/Library_Projects_FPGA/GeopticCam/GeopticCam.srcs/sources_1/new/i2c_core.sv" Line 182
Stopped at time : 100 ns : File "D:/Library_Projects_FPGA/GeopticCam/GeopticCam.srcs/sources_1/new/i2c_core.sv" Line 186
Stopped at time : 100 ns : File "D:/Library_Projects_FPGA/GeopticCam/GeopticCam.srcs/sources_1/new/i2c_core.sv" Line 188
Stopped at time : 100 ns : File "D:/Library_Projects_FPGA/GeopticCam/GeopticCam.srcs/sources_1/new/i2c_core.sv" Line 190
Stopped at time : 100 ns : File "D:/Library_Projects_FPGA/GeopticCam/GeopticCam.srcs/sources_1/new/i2c_core.sv" Line 191
Stopped at time : 100 ns : File "D:/Library_Projects_FPGA/GeopticCam/GeopticCam.srcs/sources_1/new/i2c_core.sv" Line 193
Stopped at time : 100 ns : File "D:/Library_Projects_FPGA/GeopticCam/GeopticCam.srcs/sources_1/new/i2c_core.sv" Line 195
Stopped at time : 100 ns : File "D:/Library_Projects_FPGA/GeopticCam/GeopticCam.srcs/sources_1/new/i2c_core.sv" Line 196
Stopped at time : 100 ns : File "D:/Library_Projects_FPGA/GeopticCam/GeopticCam.srcs/sources_1/new/i2c_core.sv" Line 198
Stopped at time : 100 ns : File "D:/Library_Projects_FPGA/GeopticCam/GeopticCam.srcs/sources_1/new/i2c_core.sv" Line 158
Stopped at time : 100 ns : File "D:/Library_Projects_FPGA/GeopticCam/GeopticCam.srcs/sources_1/new/imx219.sv" Line 202
Stopped at time : 100 ns : File "D:/Library_Projects_FPGA/GeopticCam/GeopticCam.srcs/sources_1/new/imx219.sv" Line 208
Stopped at time : 100 ns : File "D:/Library_Projects_FPGA/GeopticCam/GeopticCam.srcs/sources_1/new/imx219.sv" Line 210
Stopped at time : 100 ns : File "D:/Library_Projects_FPGA/GeopticCam/GeopticCam.srcs/sources_1/new/imx219.sv" Line 219
Stopped at time : 100 ns : File "D:/Library_Projects_FPGA/GeopticCam/GeopticCam.srcs/sources_1/new/imx219.sv" Line 227
Stopped at time : 100 ns : File "D:/Library_Projects_FPGA/GeopticCam/GeopticCam.srcs/sources_1/new/imx219.sv" Line 234
Stopped at time : 100 ns : File "D:/Library_Projects_FPGA/GeopticCam/GeopticCam.srcs/sources_1/new/imx219.sv" Line 243
Stopped at time : 100 ns : File "D:/Library_Projects_FPGA/GeopticCam/GeopticCam.srcs/sources_1/new/imx219.sv" Line 200
Stopped at time : 100 ns : File "D:/Library_Projects_FPGA/GeopticCam/GeopticCam.srcs/sources_1/new/i2c_core.sv" Line 92
Stopped at time : 100 ns : File "D:/Library_Projects_FPGA/GeopticCam/GeopticCam.srcs/sources_1/new/i2c_core.sv" Line 124
Stopped at time : 120 ns : File "D:/Library_Projects_FPGA/GeopticCam/GeopticCam.srcs/sim_1/new/imx219_tb.sv" Line 55
Stopped at time : 120 ns : File "D:/Library_Projects_FPGA/GeopticCam/GeopticCam.srcs/sim_1/new/imx219_tb.sv" Line 54
Stopped at time : 140 ns : File "D:/Library_Projects_FPGA/GeopticCam/GeopticCam.srcs/sim_1/new/imx219_tb.sv" Line 55
Stopped at time : 140 ns : File "D:/Library_Projects_FPGA/GeopticCam/GeopticCam.srcs/sim_1/new/imx219_tb.sv" Line 54
Stopped at time : 140 ns : File "D:/Library_Projects_FPGA/GeopticCam/GeopticCam.srcs/sources_1/new/i2c_master.sv" Line 84
Stopped at time : 140 ns : File "D:/Library_Projects_FPGA/GeopticCam/GeopticCam.srcs/sources_1/new/i2c_master.sv" Line 84
Stopped at time : 140 ns : File "D:/Library_Projects_FPGA/GeopticCam/GeopticCam.srcs/sources_1/new/i2c_master.sv" Line 111
Stopped at time : 140 ns : File "D:/Library_Projects_FPGA/GeopticCam/GeopticCam.srcs/sources_1/new/i2c_master.sv" Line 111
Stopped at time : 140 ns : File "D:/Library_Projects_FPGA/GeopticCam/GeopticCam.srcs/sources_1/new/clock.sv" Line 49
Stopped at time : 140 ns : File "D:/Library_Projects_FPGA/GeopticCam/GeopticCam.srcs/sources_1/new/clock.sv" Line 45
Stopped at time : 140 ns : File "D:/Library_Projects_FPGA/GeopticCam/GeopticCam.srcs/sources_1/new/clock.sv" Line 58
Stopped at time : 140 ns : File "D:/Library_Projects_FPGA/GeopticCam/GeopticCam.srcs/sources_1/new/clock.sv" Line 66
Stopped at time : 140 ns : File "D:/Library_Projects_FPGA/GeopticCam/GeopticCam.srcs/sources_1/new/clock.sv" Line 66
Stopped at time : 140 ns : File "D:/Library_Projects_FPGA/GeopticCam/GeopticCam.srcs/sources_1/new/clock.sv" Line 73
Stopped at time : 140 ns : File "D:/Library_Projects_FPGA/GeopticCam/GeopticCam.srcs/sources_1/new/clock.sv" Line 80
Stopped at time : 140 ns : File "D:/Library_Projects_FPGA/GeopticCam/GeopticCam.srcs/sources_1/new/clock.sv" Line 83
Stopped at time : 140 ns : File "D:/Library_Projects_FPGA/GeopticCam/GeopticCam.srcs/sources_1/new/clock.sv" Line 83
Stopped at time : 140 ns : File "D:/Library_Projects_FPGA/GeopticCam/GeopticCam.srcs/sources_1/new/clock.sv" Line 84
Stopped at time : 140 ns : File "D:/Library_Projects_FPGA/GeopticCam/GeopticCam.srcs/sources_1/new/clock.sv" Line 84
Stopped at time : 140 ns : File "D:/Library_Projects_FPGA/GeopticCam/GeopticCam.srcs/sources_1/new/clock.sv" Line 85
Stopped at time : 140 ns : File "D:/Library_Projects_FPGA/GeopticCam/GeopticCam.srcs/sources_1/new/clock.sv" Line 56
Stopped at time : 140 ns : File "D:/Library_Projects_FPGA/GeopticCam/GeopticCam.srcs/sources_1/new/i2c_core.sv" Line 136
Stopped at time : 140 ns : File "D:/Library_Projects_FPGA/GeopticCam/GeopticCam.srcs/sources_1/new/i2c_core.sv" Line 132
Stopped at time : 140 ns : File "D:/Library_Projects_FPGA/GeopticCam/GeopticCam.srcs/sources_1/new/i2c_core.sv" Line 160
Stopped at time : 140 ns : File "D:/Library_Projects_FPGA/GeopticCam/GeopticCam.srcs/sources_1/new/i2c_core.sv" Line 163
Stopped at time : 140 ns : File "D:/Library_Projects_FPGA/GeopticCam/GeopticCam.srcs/sources_1/new/i2c_core.sv" Line 165
Stopped at time : 140 ns : File "D:/Library_Projects_FPGA/GeopticCam/GeopticCam.srcs/sources_1/new/i2c_core.sv" Line 167
Stopped at time : 140 ns : File "D:/Library_Projects_FPGA/GeopticCam/GeopticCam.srcs/sources_1/new/i2c_core.sv" Line 170
Stopped at time : 140 ns : File "D:/Library_Projects_FPGA/GeopticCam/GeopticCam.srcs/sources_1/new/i2c_core.sv" Line 178
Stopped at time : 140 ns : File "D:/Library_Projects_FPGA/GeopticCam/GeopticCam.srcs/sources_1/new/i2c_core.sv" Line 178
Stopped at time : 140 ns : File "D:/Library_Projects_FPGA/GeopticCam/GeopticCam.srcs/sources_1/new/i2c_core.sv" Line 182
Stopped at time : 140 ns : File "D:/Library_Projects_FPGA/GeopticCam/GeopticCam.srcs/sources_1/new/i2c_core.sv" Line 186
Stopped at time : 140 ns : File "D:/Library_Projects_FPGA/GeopticCam/GeopticCam.srcs/sources_1/new/i2c_core.sv" Line 188
Stopped at time : 140 ns : File "D:/Library_Projects_FPGA/GeopticCam/GeopticCam.srcs/sources_1/new/i2c_core.sv" Line 198
Stopped at time : 140 ns : File "D:/Library_Projects_FPGA/GeopticCam/GeopticCam.srcs/sources_1/new/i2c_core.sv" Line 158
Stopped at time : 140 ns : File "D:/Library_Projects_FPGA/GeopticCam/GeopticCam.srcs/sources_1/new/imx219.sv" Line 202
Stopped at time : 140 ns : File "D:/Library_Projects_FPGA/GeopticCam/GeopticCam.srcs/sources_1/new/imx219.sv" Line 208
Stopped at time : 140 ns : File "D:/Library_Projects_FPGA/GeopticCam/GeopticCam.srcs/sources_1/new/imx219.sv" Line 210
Stopped at time : 140 ns : File "D:/Library_Projects_FPGA/GeopticCam/GeopticCam.srcs/sources_1/new/imx219.sv" Line 219
Stopped at time : 140 ns : File "D:/Library_Projects_FPGA/GeopticCam/GeopticCam.srcs/sources_1/new/imx219.sv" Line 227
Stopped at time : 140 ns : File "D:/Library_Projects_FPGA/GeopticCam/GeopticCam.srcs/sources_1/new/imx219.sv" Line 234
Stopped at time : 140 ns : File "D:/Library_Projects_FPGA/GeopticCam/GeopticCam.srcs/sources_1/new/imx219.sv" Line 243
Stopped at time : 140 ns : File "D:/Library_Projects_FPGA/GeopticCam/GeopticCam.srcs/sources_1/new/imx219.sv" Line 200
Stopped at time : 140 ns : File "D:/Library_Projects_FPGA/GeopticCam/GeopticCam.srcs/sources_1/new/i2c_core.sv" Line 92
Stopped at time : 140 ns : File "D:/Library_Projects_FPGA/GeopticCam/GeopticCam.srcs/sources_1/new/i2c_core.sv" Line 128
Stopped at time : 140 ns : File "D:/Library_Projects_FPGA/GeopticCam/GeopticCam.srcs/sources_1/new/i2c_master.sv" Line 88
Stopped at time : 160 ns : File "D:/Library_Projects_FPGA/GeopticCam/GeopticCam.srcs/sim_1/new/imx219_tb.sv" Line 55
Stopped at time : 160 ns : File "D:/Library_Projects_FPGA/GeopticCam/GeopticCam.srcs/sim_1/new/imx219_tb.sv" Line 54
Stopped at time : 180 ns : File "D:/Library_Projects_FPGA/GeopticCam/GeopticCam.srcs/sim_1/new/imx219_tb.sv" Line 55
Stopped at time : 180 ns : File "D:/Library_Projects_FPGA/GeopticCam/GeopticCam.srcs/sim_1/new/imx219_tb.sv" Line 54
Stopped at time : 180 ns : File "D:/Library_Projects_FPGA/GeopticCam/GeopticCam.srcs/sources_1/new/i2c_master.sv" Line 84
Stopped at time : 180 ns : File "D:/Library_Projects_FPGA/GeopticCam/GeopticCam.srcs/sources_1/new/i2c_master.sv" Line 84
Stopped at time : 180 ns : File "D:/Library_Projects_FPGA/GeopticCam/GeopticCam.srcs/sources_1/new/i2c_master.sv" Line 111
Stopped at time : 180 ns : File "D:/Library_Projects_FPGA/GeopticCam/GeopticCam.srcs/sources_1/new/i2c_master.sv" Line 111
Stopped at time : 180 ns : File "D:/Library_Projects_FPGA/GeopticCam/GeopticCam.srcs/sources_1/new/clock.sv" Line 49
Stopped at time : 180 ns : File "D:/Library_Projects_FPGA/GeopticCam/GeopticCam.srcs/sources_1/new/clock.sv" Line 45
Stopped at time : 180 ns : File "D:/Library_Projects_FPGA/GeopticCam/GeopticCam.srcs/sources_1/new/clock.sv" Line 58
Stopped at time : 180 ns : File "D:/Library_Projects_FPGA/GeopticCam/GeopticCam.srcs/sources_1/new/clock.sv" Line 66
Stopped at time : 180 ns : File "D:/Library_Projects_FPGA/GeopticCam/GeopticCam.srcs/sources_1/new/clock.sv" Line 66
Stopped at time : 180 ns : File "D:/Library_Projects_FPGA/GeopticCam/GeopticCam.srcs/sources_1/new/clock.sv" Line 73
Stopped at time : 180 ns : File "D:/Library_Projects_FPGA/GeopticCam/GeopticCam.srcs/sources_1/new/clock.sv" Line 80
Stopped at time : 180 ns : File "D:/Library_Projects_FPGA/GeopticCam/GeopticCam.srcs/sources_1/new/clock.sv" Line 83
Stopped at time : 180 ns : File "D:/Library_Projects_FPGA/GeopticCam/GeopticCam.srcs/sources_1/new/clock.sv" Line 83
Stopped at time : 180 ns : File "D:/Library_Projects_FPGA/GeopticCam/GeopticCam.srcs/sources_1/new/clock.sv" Line 84
Stopped at time : 180 ns : File "D:/Library_Projects_FPGA/GeopticCam/GeopticCam.srcs/sources_1/new/clock.sv" Line 84
Stopped at time : 180 ns : File "D:/Library_Projects_FPGA/GeopticCam/GeopticCam.srcs/sources_1/new/clock.sv" Line 85
Stopped at time : 180 ns : File "D:/Library_Projects_FPGA/GeopticCam/GeopticCam.srcs/sources_1/new/clock.sv" Line 56
Stopped at time : 180 ns : File "D:/Library_Projects_FPGA/GeopticCam/GeopticCam.srcs/sources_1/new/i2c_core.sv" Line 136
Stopped at time : 180 ns : File "D:/Library_Projects_FPGA/GeopticCam/GeopticCam.srcs/sources_1/new/i2c_core.sv" Line 132
Stopped at time : 180 ns : File "D:/Library_Projects_FPGA/GeopticCam/GeopticCam.srcs/sources_1/new/i2c_core.sv" Line 160
Stopped at time : 180 ns : File "D:/Library_Projects_FPGA/GeopticCam/GeopticCam.srcs/sources_1/new/i2c_core.sv" Line 163
Stopped at time : 180 ns : File "D:/Library_Projects_FPGA/GeopticCam/GeopticCam.srcs/sources_1/new/i2c_core.sv" Line 165
Stopped at time : 180 ns : File "D:/Library_Projects_FPGA/GeopticCam/GeopticCam.srcs/sources_1/new/i2c_core.sv" Line 167
Stopped at time : 180 ns : File "D:/Library_Projects_FPGA/GeopticCam/GeopticCam.srcs/sources_1/new/i2c_core.sv" Line 170
Stopped at time : 180 ns : File "D:/Library_Projects_FPGA/GeopticCam/GeopticCam.srcs/sources_1/new/i2c_core.sv" Line 178
Stopped at time : 180 ns : File "D:/Library_Projects_FPGA/GeopticCam/GeopticCam.srcs/sources_1/new/i2c_core.sv" Line 178
Stopped at time : 180 ns : File "D:/Library_Projects_FPGA/GeopticCam/GeopticCam.srcs/sources_1/new/i2c_core.sv" Line 182
Stopped at time : 180 ns : File "D:/Library_Projects_FPGA/GeopticCam/GeopticCam.srcs/sources_1/new/i2c_core.sv" Line 186
Stopped at time : 180 ns : File "D:/Library_Projects_FPGA/GeopticCam/GeopticCam.srcs/sources_1/new/i2c_core.sv" Line 207
Stopped at time : 180 ns : File "D:/Library_Projects_FPGA/GeopticCam/GeopticCam.srcs/sources_1/new/i2c_core.sv" Line 252
Stopped at time : 180 ns : File "D:/Library_Projects_FPGA/GeopticCam/GeopticCam.srcs/sources_1/new/i2c_core.sv" Line 158
Stopped at time : 180 ns : File "D:/Library_Projects_FPGA/GeopticCam/GeopticCam.srcs/sources_1/new/imx219.sv" Line 202
Stopped at time : 180 ns : File "D:/Library_Projects_FPGA/GeopticCam/GeopticCam.srcs/sources_1/new/imx219.sv" Line 208
Stopped at time : 180 ns : File "D:/Library_Projects_FPGA/GeopticCam/GeopticCam.srcs/sources_1/new/imx219.sv" Line 200
Stopped at time : 180 ns : File "D:/Library_Projects_FPGA/GeopticCam/GeopticCam.srcs/sources_1/new/i2c_core.sv" Line 92
Stopped at time : 180 ns : File "D:/Library_Projects_FPGA/GeopticCam/GeopticCam.srcs/sources_1/new/i2c_core.sv" Line 128
Stopped at time : 200 ns : File "D:/Library_Projects_FPGA/GeopticCam/GeopticCam.srcs/sim_1/new/imx219_tb.sv" Line 55
Stopped at time : 200 ns : File "D:/Library_Projects_FPGA/GeopticCam/GeopticCam.srcs/sim_1/new/imx219_tb.sv" Line 54
Stopped at time : 220 ns : File "D:/Library_Projects_FPGA/GeopticCam/GeopticCam.srcs/sim_1/new/imx219_tb.sv" Line 55
Stopped at time : 220 ns : File "D:/Library_Projects_FPGA/GeopticCam/GeopticCam.srcs/sim_1/new/imx219_tb.sv" Line 54
Stopped at time : 220 ns : File "D:/Library_Projects_FPGA/GeopticCam/GeopticCam.srcs/sources_1/new/i2c_master.sv" Line 84
Stopped at time : 220 ns : File "D:/Library_Projects_FPGA/GeopticCam/GeopticCam.srcs/sources_1/new/i2c_master.sv" Line 84
Stopped at time : 220 ns : File "D:/Library_Projects_FPGA/GeopticCam/GeopticCam.srcs/sources_1/new/i2c_master.sv" Line 111
Stopped at time : 220 ns : File "D:/Library_Projects_FPGA/GeopticCam/GeopticCam.srcs/sources_1/new/i2c_master.sv" Line 111
Stopped at time : 220 ns : File "D:/Library_Projects_FPGA/GeopticCam/GeopticCam.srcs/sources_1/new/clock.sv" Line 49
Stopped at time : 220 ns : File "D:/Library_Projects_FPGA/GeopticCam/GeopticCam.srcs/sources_1/new/clock.sv" Line 45
Stopped at time : 220 ns : File "D:/Library_Projects_FPGA/GeopticCam/GeopticCam.srcs/sources_1/new/clock.sv" Line 58
Stopped at time : 220 ns : File "D:/Library_Projects_FPGA/GeopticCam/GeopticCam.srcs/sources_1/new/clock.sv" Line 66
Stopped at time : 220 ns : File "D:/Library_Projects_FPGA/GeopticCam/GeopticCam.srcs/sources_1/new/clock.sv" Line 66
Stopped at time : 220 ns : File "D:/Library_Projects_FPGA/GeopticCam/GeopticCam.srcs/sources_1/new/clock.sv" Line 73
Stopped at time : 220 ns : File "D:/Library_Projects_FPGA/GeopticCam/GeopticCam.srcs/sources_1/new/clock.sv" Line 80
Stopped at time : 220 ns : File "D:/Library_Projects_FPGA/GeopticCam/GeopticCam.srcs/sources_1/new/clock.sv" Line 83
Stopped at time : 220 ns : File "D:/Library_Projects_FPGA/GeopticCam/GeopticCam.srcs/sources_1/new/clock.sv" Line 83
Stopped at time : 220 ns : File "D:/Library_Projects_FPGA/GeopticCam/GeopticCam.srcs/sources_1/new/clock.sv" Line 84
Stopped at time : 220 ns : File "D:/Library_Projects_FPGA/GeopticCam/GeopticCam.srcs/sources_1/new/clock.sv" Line 84
Stopped at time : 220 ns : File "D:/Library_Projects_FPGA/GeopticCam/GeopticCam.srcs/sources_1/new/clock.sv" Line 85
Stopped at time : 220 ns : File "D:/Library_Projects_FPGA/GeopticCam/GeopticCam.srcs/sources_1/new/clock.sv" Line 56
Stopped at time : 220 ns : File "D:/Library_Projects_FPGA/GeopticCam/GeopticCam.srcs/sources_1/new/i2c_core.sv" Line 136
Stopped at time : 220 ns : File "D:/Library_Projects_FPGA/GeopticCam/GeopticCam.srcs/sources_1/new/i2c_core.sv" Line 132
Stopped at time : 220 ns : File "D:/Library_Projects_FPGA/GeopticCam/GeopticCam.srcs/sources_1/new/i2c_core.sv" Line 160
Stopped at time : 220 ns : File "D:/Library_Projects_FPGA/GeopticCam/GeopticCam.srcs/sources_1/new/i2c_core.sv" Line 163
Stopped at time : 220 ns : File "D:/Library_Projects_FPGA/GeopticCam/GeopticCam.srcs/sources_1/new/i2c_core.sv" Line 165
Stopped at time : 220 ns : File "D:/Library_Projects_FPGA/GeopticCam/GeopticCam.srcs/sources_1/new/i2c_core.sv" Line 167
Stopped at time : 220 ns : File "D:/Library_Projects_FPGA/GeopticCam/GeopticCam.srcs/sources_1/new/i2c_core.sv" Line 170
Stopped at time : 220 ns : File "D:/Library_Projects_FPGA/GeopticCam/GeopticCam.srcs/sources_1/new/i2c_core.sv" Line 178
Stopped at time : 220 ns : File "D:/Library_Projects_FPGA/GeopticCam/GeopticCam.srcs/sources_1/new/i2c_core.sv" Line 178
Stopped at time : 220 ns : File "D:/Library_Projects_FPGA/GeopticCam/GeopticCam.srcs/sources_1/new/i2c_core.sv" Line 182
Stopped at time : 220 ns : File "D:/Library_Projects_FPGA/GeopticCam/GeopticCam.srcs/sources_1/new/i2c_core.sv" Line 186
Stopped at time : 220 ns : File "D:/Library_Projects_FPGA/GeopticCam/GeopticCam.srcs/sources_1/new/i2c_core.sv" Line 207
Stopped at time : 220 ns : File "D:/Library_Projects_FPGA/GeopticCam/GeopticCam.srcs/sources_1/new/i2c_core.sv" Line 252
Stopped at time : 220 ns : File "D:/Library_Projects_FPGA/GeopticCam/GeopticCam.srcs/sources_1/new/i2c_core.sv" Line 158
Stopped at time : 220 ns : File "D:/Library_Projects_FPGA/GeopticCam/GeopticCam.srcs/sources_1/new/imx219.sv" Line 202
Stopped at time : 220 ns : File "D:/Library_Projects_FPGA/GeopticCam/GeopticCam.srcs/sources_1/new/imx219.sv" Line 208
Stopped at time : 220 ns : File "D:/Library_Projects_FPGA/GeopticCam/GeopticCam.srcs/sources_1/new/imx219.sv" Line 200
Stopped at time : 220 ns : File "D:/Library_Projects_FPGA/GeopticCam/GeopticCam.srcs/sources_1/new/i2c_core.sv" Line 92
Stopped at time : 220 ns : File "D:/Library_Projects_FPGA/GeopticCam/GeopticCam.srcs/sources_1/new/i2c_core.sv" Line 128
Stopped at time : 240 ns : File "D:/Library_Projects_FPGA/GeopticCam/GeopticCam.srcs/sim_1/new/imx219_tb.sv" Line 55
Stopped at time : 240 ns : File "D:/Library_Projects_FPGA/GeopticCam/GeopticCam.srcs/sim_1/new/imx219_tb.sv" Line 54
Stopped at time : 260 ns : File "D:/Library_Projects_FPGA/GeopticCam/GeopticCam.srcs/sim_1/new/imx219_tb.sv" Line 55
Stopped at time : 260 ns : File "D:/Library_Projects_FPGA/GeopticCam/GeopticCam.srcs/sim_1/new/imx219_tb.sv" Line 54
Stopped at time : 260 ns : File "D:/Library_Projects_FPGA/GeopticCam/GeopticCam.srcs/sources_1/new/i2c_master.sv" Line 84
Stopped at time : 260 ns : File "D:/Library_Projects_FPGA/GeopticCam/GeopticCam.srcs/sources_1/new/i2c_master.sv" Line 84
Stopped at time : 260 ns : File "D:/Library_Projects_FPGA/GeopticCam/GeopticCam.srcs/sources_1/new/i2c_master.sv" Line 111
Stopped at time : 260 ns : File "D:/Library_Projects_FPGA/GeopticCam/GeopticCam.srcs/sources_1/new/i2c_master.sv" Line 111
Stopped at time : 260 ns : File "D:/Library_Projects_FPGA/GeopticCam/GeopticCam.srcs/sources_1/new/clock.sv" Line 49
Stopped at time : 260 ns : File "D:/Library_Projects_FPGA/GeopticCam/GeopticCam.srcs/sources_1/new/clock.sv" Line 45
Stopped at time : 260 ns : File "D:/Library_Projects_FPGA/GeopticCam/GeopticCam.srcs/sources_1/new/clock.sv" Line 58
Stopped at time : 260 ns : File "D:/Library_Projects_FPGA/GeopticCam/GeopticCam.srcs/sources_1/new/clock.sv" Line 66
Stopped at time : 260 ns : File "D:/Library_Projects_FPGA/GeopticCam/GeopticCam.srcs/sources_1/new/clock.sv" Line 66
Stopped at time : 260 ns : File "D:/Library_Projects_FPGA/GeopticCam/GeopticCam.srcs/sources_1/new/clock.sv" Line 73
Stopped at time : 260 ns : File "D:/Library_Projects_FPGA/GeopticCam/GeopticCam.srcs/sources_1/new/clock.sv" Line 80
Stopped at time : 260 ns : File "D:/Library_Projects_FPGA/GeopticCam/GeopticCam.srcs/sources_1/new/clock.sv" Line 83
Stopped at time : 260 ns : File "D:/Library_Projects_FPGA/GeopticCam/GeopticCam.srcs/sources_1/new/clock.sv" Line 83
Stopped at time : 260 ns : File "D:/Library_Projects_FPGA/GeopticCam/GeopticCam.srcs/sources_1/new/clock.sv" Line 84
Stopped at time : 260 ns : File "D:/Library_Projects_FPGA/GeopticCam/GeopticCam.srcs/sources_1/new/clock.sv" Line 84
Stopped at time : 260 ns : File "D:/Library_Projects_FPGA/GeopticCam/GeopticCam.srcs/sources_1/new/clock.sv" Line 85
Stopped at time : 260 ns : File "D:/Library_Projects_FPGA/GeopticCam/GeopticCam.srcs/sources_1/new/clock.sv" Line 56
Stopped at time : 260 ns : File "D:/Library_Projects_FPGA/GeopticCam/GeopticCam.srcs/sources_1/new/i2c_core.sv" Line 136
Stopped at time : 260 ns : File "D:/Library_Projects_FPGA/GeopticCam/GeopticCam.srcs/sources_1/new/i2c_core.sv" Line 132
Stopped at time : 260 ns : File "D:/Library_Projects_FPGA/GeopticCam/GeopticCam.srcs/sources_1/new/i2c_core.sv" Line 160
Stopped at time : 260 ns : File "D:/Library_Projects_FPGA/GeopticCam/GeopticCam.srcs/sources_1/new/i2c_core.sv" Line 163
Stopped at time : 260 ns : File "D:/Library_Projects_FPGA/GeopticCam/GeopticCam.srcs/sources_1/new/i2c_core.sv" Line 165
Stopped at time : 260 ns : File "D:/Library_Projects_FPGA/GeopticCam/GeopticCam.srcs/sources_1/new/i2c_core.sv" Line 167
Stopped at time : 260 ns : File "D:/Library_Projects_FPGA/GeopticCam/GeopticCam.srcs/sources_1/new/i2c_core.sv" Line 170
Stopped at time : 260 ns : File "D:/Library_Projects_FPGA/GeopticCam/GeopticCam.srcs/sources_1/new/i2c_core.sv" Line 178
Stopped at time : 260 ns : File "D:/Library_Projects_FPGA/GeopticCam/GeopticCam.srcs/sources_1/new/i2c_core.sv" Line 178
Stopped at time : 260 ns : File "D:/Library_Projects_FPGA/GeopticCam/GeopticCam.srcs/sources_1/new/i2c_core.sv" Line 182
Stopped at time : 260 ns : File "D:/Library_Projects_FPGA/GeopticCam/GeopticCam.srcs/sources_1/new/i2c_core.sv" Line 186
Stopped at time : 260 ns : File "D:/Library_Projects_FPGA/GeopticCam/GeopticCam.srcs/sources_1/new/i2c_core.sv" Line 207
Stopped at time : 260 ns : File "D:/Library_Projects_FPGA/GeopticCam/GeopticCam.srcs/sources_1/new/i2c_core.sv" Line 252
Stopped at time : 260 ns : File "D:/Library_Projects_FPGA/GeopticCam/GeopticCam.srcs/sources_1/new/i2c_core.sv" Line 158
Stopped at time : 260 ns : File "D:/Library_Projects_FPGA/GeopticCam/GeopticCam.srcs/sources_1/new/imx219.sv" Line 202
Stopped at time : 260 ns : File "D:/Library_Projects_FPGA/GeopticCam/GeopticCam.srcs/sources_1/new/imx219.sv" Line 208
Stopped at time : 260 ns : File "D:/Library_Projects_FPGA/GeopticCam/GeopticCam.srcs/sources_1/new/imx219.sv" Line 200
Stopped at time : 260 ns : File "D:/Library_Projects_FPGA/GeopticCam/GeopticCam.srcs/sources_1/new/i2c_core.sv" Line 92
Stopped at time : 260 ns : File "D:/Library_Projects_FPGA/GeopticCam/GeopticCam.srcs/sources_1/new/i2c_core.sv" Line 128
Stopped at time : 280 ns : File "D:/Library_Projects_FPGA/GeopticCam/GeopticCam.srcs/sim_1/new/imx219_tb.sv" Line 55
Stopped at time : 280 ns : File "D:/Library_Projects_FPGA/GeopticCam/GeopticCam.srcs/sim_1/new/imx219_tb.sv" Line 54
Stopped at time : 300 ns : File "D:/Library_Projects_FPGA/GeopticCam/GeopticCam.srcs/sim_1/new/imx219_tb.sv" Line 55
Stopped at time : 300 ns : File "D:/Library_Projects_FPGA/GeopticCam/GeopticCam.srcs/sim_1/new/imx219_tb.sv" Line 54
