
*** Running vivado
    with args -log mipi_dphy.vds -m64 -product Vivado -mode batch -messageDb vivado.pb -notrace -source mipi_dphy.tcl


****** Vivado v2019.1 (64-bit)
  **** SW Build 2552052 on Fri May 24 14:49:42 MDT 2019
  **** IP Build 2548770 on Fri May 24 18:01:18 MDT 2019
    ** Copyright 1986-2019 Xilinx, Inc. All Rights Reserved.

source mipi_dphy.tcl -notrace
Command: synth_design -top mipi_dphy -part xc7a35tftg256-2 -mode out_of_context
Starting synth_design
Attempting to get a license for feature 'Synthesis' and/or device 'xc7a35t'
INFO: [Common 17-349] Got license for feature 'Synthesis' and/or device 'xc7a35t'
INFO: [Device 21-403] Loading part xc7a35tftg256-2
INFO: Launching helper process for spawning children vivado processes
INFO: Helper process launched with PID 7532 
WARNING: [Synth 8-2507] parameter declaration becomes local in mipi_dphy_v4_1_3_rx_ppm_fifo with formal parameter declaration list [d:/Library_Projects_FPGA/GeopticCam/GeopticCam.srcs/sources_1/ip/mipi_dphy/hdl/mipi_dphy_v4_1_vl_rfs.sv:3713]
WARNING: [Synth 8-2507] parameter declaration becomes local in mipi_dphy_v4_1_3_rx_calib_cntrl with formal parameter declaration list [d:/Library_Projects_FPGA/GeopticCam/GeopticCam.srcs/sources_1/ip/mipi_dphy/hdl/mipi_dphy_v4_1_vl_rfs.sv:5186]
WARNING: [Synth 8-2507] parameter declaration becomes local in mipi_dphy_v4_1_3_rx_calib_cntrl with formal parameter declaration list [d:/Library_Projects_FPGA/GeopticCam/GeopticCam.srcs/sources_1/ip/mipi_dphy/hdl/mipi_dphy_v4_1_vl_rfs.sv:5187]
WARNING: [Synth 8-2507] parameter declaration becomes local in mipi_dphy_v4_1_3_rx_calib_cntrl with formal parameter declaration list [d:/Library_Projects_FPGA/GeopticCam/GeopticCam.srcs/sources_1/ip/mipi_dphy/hdl/mipi_dphy_v4_1_vl_rfs.sv:5188]
WARNING: [Synth 8-2507] parameter declaration becomes local in mipi_dphy_v4_1_3_rx_calib_cntrl with formal parameter declaration list [d:/Library_Projects_FPGA/GeopticCam/GeopticCam.srcs/sources_1/ip/mipi_dphy/hdl/mipi_dphy_v4_1_vl_rfs.sv:5189]
WARNING: [Synth 8-2507] parameter declaration becomes local in mipi_dphy_v4_1_3_rx_calib_cntrl with formal parameter declaration list [d:/Library_Projects_FPGA/GeopticCam/GeopticCam.srcs/sources_1/ip/mipi_dphy/hdl/mipi_dphy_v4_1_vl_rfs.sv:5190]
WARNING: [Synth 8-2507] parameter declaration becomes local in mipi_dphy_v4_1_3_rx_calib_cntrl with formal parameter declaration list [d:/Library_Projects_FPGA/GeopticCam/GeopticCam.srcs/sources_1/ip/mipi_dphy/hdl/mipi_dphy_v4_1_vl_rfs.sv:5191]
WARNING: [Synth 8-2507] parameter declaration becomes local in mipi_dphy_v4_1_3_rx_calib_cntrl with formal parameter declaration list [d:/Library_Projects_FPGA/GeopticCam/GeopticCam.srcs/sources_1/ip/mipi_dphy/hdl/mipi_dphy_v4_1_vl_rfs.sv:5192]
WARNING: [Synth 8-2507] parameter declaration becomes local in mipi_dphy_v4_1_3_rx_calib_cntrl with formal parameter declaration list [d:/Library_Projects_FPGA/GeopticCam/GeopticCam.srcs/sources_1/ip/mipi_dphy/hdl/mipi_dphy_v4_1_vl_rfs.sv:5193]
WARNING: [Synth 8-2507] parameter declaration becomes local in mipi_dphy_v4_1_3_tx_rst_logic with formal parameter declaration list [d:/Library_Projects_FPGA/GeopticCam/GeopticCam.srcs/sources_1/ip/mipi_dphy/hdl/mipi_dphy_v4_1_vl_rfs.sv:9748]
WARNING: [Synth 8-2507] parameter declaration becomes local in mipi_dphy_v4_1_3_rx_rst_logic with formal parameter declaration list [d:/Library_Projects_FPGA/GeopticCam/GeopticCam.srcs/sources_1/ip/mipi_dphy/hdl/mipi_dphy_v4_1_vl_rfs.sv:10262]
WARNING: [Synth 8-2507] parameter declaration becomes local in mipi_dphy_v4_1_3_tx_support_rst_logic with formal parameter declaration list [d:/Library_Projects_FPGA/GeopticCam/GeopticCam.srcs/sources_1/ip/mipi_dphy/hdl/mipi_dphy_v4_1_vl_rfs.sv:10993]
WARNING: [Synth 8-2507] parameter declaration becomes local in mipi_dphy_v4_1_3_rx_support_rst_logic with formal parameter declaration list [d:/Library_Projects_FPGA/GeopticCam/GeopticCam.srcs/sources_1/ip/mipi_dphy/hdl/mipi_dphy_v4_1_vl_rfs.sv:11368]
WARNING: [Synth 8-2507] parameter declaration becomes local in mipi_dphy_v4_1_3_rx_data_lane with formal parameter declaration list [d:/Library_Projects_FPGA/GeopticCam/GeopticCam.srcs/sources_1/ip/mipi_dphy/hdl/mipi_dphy_v4_1_vl_rfs.sv:13799]
WARNING: [Synth 8-2507] parameter declaration becomes local in mipi_dphy_v4_1_3_rx_data_lane with formal parameter declaration list [d:/Library_Projects_FPGA/GeopticCam/GeopticCam.srcs/sources_1/ip/mipi_dphy/hdl/mipi_dphy_v4_1_vl_rfs.sv:13800]
WARNING: [Synth 8-2507] parameter declaration becomes local in mipi_dphy_v4_1_3_rx_fab_top with formal parameter declaration list [d:/Library_Projects_FPGA/GeopticCam/GeopticCam.srcs/sources_1/ip/mipi_dphy/hdl/mipi_dphy_v4_1_vl_rfs.sv:24376]
WARNING: [Synth 8-2507] parameter declaration becomes local in mipi_dphy_v4_1_3_rx_fab_top with formal parameter declaration list [d:/Library_Projects_FPGA/GeopticCam/GeopticCam.srcs/sources_1/ip/mipi_dphy/hdl/mipi_dphy_v4_1_vl_rfs.sv:24377]
WARNING: [Synth 8-2507] parameter declaration becomes local in mipi_dphy_v4_1_3_rx_fab_top with formal parameter declaration list [d:/Library_Projects_FPGA/GeopticCam/GeopticCam.srcs/sources_1/ip/mipi_dphy/hdl/mipi_dphy_v4_1_vl_rfs.sv:24378]
WARNING: [Synth 8-2507] parameter declaration becomes local in mipi_dphy_v4_1_3_rx_fab_top with formal parameter declaration list [d:/Library_Projects_FPGA/GeopticCam/GeopticCam.srcs/sources_1/ip/mipi_dphy/hdl/mipi_dphy_v4_1_vl_rfs.sv:24412]
---------------------------------------------------------------------------------
Starting RTL Elaboration : Time (s): cpu = 00:00:04 ; elapsed = 00:00:05 . Memory (MB): peak = 824.000 ; gain = 187.195
---------------------------------------------------------------------------------
INFO: [Synth 8-6157] synthesizing module 'mipi_dphy' [d:/Library_Projects_FPGA/GeopticCam/GeopticCam.srcs/sources_1/ip/mipi_dphy/mipi_dphy.v:91]
	Parameter C_DPHY_MODE bound to: SLAVE - type: string 
	Parameter C_DPHY_LANES bound to: 2 - type: integer 
	Parameter C_HS_LINE_RATE bound to: 1000 - type: integer 
	Parameter C_XMIT_FIRST_DESKEW_SEQ bound to: false - type: string 
	Parameter C_XMIT_PERIODIC_DESKEW_SEQ bound to: false - type: string 
	Parameter C_SKEWCAL_FIRST_TIME bound to: 4096 - type: integer 
	Parameter C_SKEWCAL_PERIODIC_TIME bound to: 128 - type: integer 
	Parameter C_RCVE_DESKEW_SEQ bound to: false - type: string 
	Parameter C_LPX_PERIOD bound to: 50 - type: integer 
	Parameter C_STABLE_CLK_PERIOD bound to: 5.000000 - type: float 
	Parameter C_ESC_CLK_PERIOD bound to: 50.000000 - type: float 
	Parameter C_INIT bound to: 100000 - type: integer 
	Parameter C_WAKEUP bound to: 1000000 - type: integer 
	Parameter C_HS_TIMEOUT bound to: 65541 - type: integer 
	Parameter C_ESC_TIMEOUT bound to: 25600 - type: integer 
	Parameter MTBF_SYNC_STAGES bound to: 3 - type: integer 
	Parameter C_EN_TIMEOUT_REGS bound to: 0 - type: integer 
	Parameter DPHY_PRESET bound to: None - type: string 
	Parameter SUPPORT_LEVEL bound to: 1 - type: integer 
	Parameter C_EN_REG_IF bound to: 0 - type: integer 
	Parameter C_EN_DEBUG_REGS bound to: 0 - type: integer 
	Parameter C_EXAMPLE_SIMULATION bound to: false - type: string 
	Parameter C_TXPLL_CLKIN_PERIOD bound to: 8.000000 - type: float 
	Parameter C_DIV4_CLK_PERIOD bound to: 8.000000 - type: float 
	Parameter C_CAL_MODE bound to: FIXED - type: string 
	Parameter C_IDLY_TAP bound to: 0 - type: integer 
INFO: [Synth 8-6157] synthesizing module 'mipi_dphy_core' [d:/Library_Projects_FPGA/GeopticCam/GeopticCam.srcs/sources_1/ip/mipi_dphy/mipi_dphy_core.v:93]
	Parameter C_DPHY_MODE bound to: SLAVE - type: string 
	Parameter C_DPHY_LANES bound to: 2 - type: integer 
	Parameter C_HS_LINE_RATE bound to: 1000 - type: integer 
	Parameter C_XMIT_FIRST_DESKEW_SEQ bound to: false - type: string 
	Parameter C_XMIT_PERIODIC_DESKEW_SEQ bound to: false - type: string 
	Parameter C_SKEWCAL_FIRST_TIME bound to: 4096 - type: integer 
	Parameter C_SKEWCAL_PERIODIC_TIME bound to: 128 - type: integer 
	Parameter C_RCVE_DESKEW_SEQ bound to: false - type: string 
	Parameter C_LPX_PERIOD bound to: 50 - type: integer 
	Parameter C_STABLE_CLK_PERIOD bound to: 5.000000 - type: float 
	Parameter C_ESC_CLK_PERIOD bound to: 50.000000 - type: float 
	Parameter C_INIT bound to: 100000 - type: integer 
	Parameter C_WAKEUP bound to: 1000000 - type: integer 
	Parameter C_HS_TIMEOUT bound to: 65541 - type: integer 
	Parameter C_ESC_TIMEOUT bound to: 25600 - type: integer 
	Parameter MTBF_SYNC_STAGES bound to: 3 - type: integer 
	Parameter C_EN_TIMEOUT_REGS bound to: 0 - type: integer 
	Parameter DPHY_PRESET bound to: None - type: string 
	Parameter SUPPORT_LEVEL bound to: 1 - type: integer 
	Parameter C_EN_REG_IF bound to: 0 - type: integer 
	Parameter C_EN_DEBUG_REGS bound to: 0 - type: integer 
	Parameter C_EXAMPLE_SIMULATION bound to: false - type: string 
	Parameter C_TXPLL_CLKIN_PERIOD bound to: 8.000000 - type: float 
	Parameter C_DIV4_CLK_PERIOD bound to: 8.000000 - type: float 
	Parameter C_CAL_MODE bound to: FIXED - type: string 
	Parameter C_IDLY_TAP bound to: 0 - type: integer 
INFO: [Synth 8-6157] synthesizing module 'mipi_dphy_c1' [d:/Library_Projects_FPGA/GeopticCam/GeopticCam.srcs/sources_1/ip/mipi_dphy/mipi_dphy_c1.v:100]
	Parameter C_IS_7SERIES bound to: TRUE - type: string 
	Parameter C_DPHY_MODE bound to: SLAVE - type: string 
	Parameter C_DPHY_LANES bound to: 2 - type: integer 
	Parameter C_HS_LINE_RATE bound to: 1000 - type: integer 
	Parameter C_XMIT_FIRST_DESKEW_SEQ bound to: false - type: string 
	Parameter C_XMIT_PERIODIC_DESKEW_SEQ bound to: false - type: string 
	Parameter C_SKEWCAL_FIRST_TIME bound to: 4096 - type: integer 
	Parameter C_SKEWCAL_PERIODIC_TIME bound to: 128 - type: integer 
	Parameter C_RCVE_DESKEW_SEQ bound to: false - type: string 
	Parameter C_LPX_PERIOD bound to: 50 - type: integer 
	Parameter C_STABLE_CLK_PERIOD bound to: 5.000000 - type: float 
	Parameter C_ESC_CLK_PERIOD bound to: 50.000000 - type: float 
	Parameter C_INIT bound to: 100000 - type: integer 
	Parameter C_WAKEUP bound to: 1000000 - type: integer 
	Parameter C_EN_ULPS_WAKEUP_CNT bound to: FALSE - type: string 
	Parameter C_EN_HS_OBUFTDS bound to: FALSE - type: string 
	Parameter C_USE_LANE0_TXREADYHS bound to: FALSE - type: string 
	Parameter C_HS_SETTLE_NS bound to: 145 - type: integer 
	Parameter C_HS_TIMEOUT bound to: 65541 - type: integer 
	Parameter C_ESC_TIMEOUT bound to: 25600 - type: integer 
	Parameter MTBF_SYNC_STAGES bound to: 3 - type: integer 
	Parameter C_EN_TIMEOUT_REGS bound to: 0 - type: integer 
	Parameter DPHY_PRESET bound to: None - type: string 
	Parameter SUPPORT_LEVEL bound to: 1 - type: integer 
	Parameter C_EN_REG_IF bound to: 0 - type: integer 
	Parameter C_EN_DEBUG_REGS bound to: 0 - type: integer 
	Parameter C_EXAMPLE_SIMULATION bound to: false - type: string 
	Parameter C_TXPLL_CLKIN_PERIOD bound to: 8.000000 - type: float 
	Parameter C_DIV4_CLK_PERIOD bound to: 8.000000 - type: float 
	Parameter C_CAL_MODE bound to: FIXED - type: string 
	Parameter C_IDLY_TAP bound to: 0 - type: integer 
INFO: [Synth 8-6157] synthesizing module 'mipi_dphy_support' [d:/Library_Projects_FPGA/GeopticCam/GeopticCam.srcs/sources_1/ip/mipi_dphy/mipi_dphy/support/mipi_dphy_support.v:102]
	Parameter C_IS_7SERIES bound to: TRUE - type: string 
	Parameter C_SHARE_IDLYCTRL bound to: false - type: string 
	Parameter C_DL0_IO_SWAP bound to: 0 - type: integer 
	Parameter C_DL1_IO_SWAP bound to: 0 - type: integer 
	Parameter C_DL2_IO_SWAP bound to: 0 - type: integer 
	Parameter C_DL3_IO_SWAP bound to: 0 - type: integer 
	Parameter C_DL4_IO_SWAP bound to: 0 - type: integer 
	Parameter C_DL5_IO_SWAP bound to: 0 - type: integer 
	Parameter C_DL6_IO_SWAP bound to: 0 - type: integer 
	Parameter C_DL7_IO_SWAP bound to: 0 - type: integer 
	Parameter C_EN_CLK300M bound to: FALSE - type: string 
	Parameter C_DPHY_MODE bound to: SLAVE - type: string 
	Parameter C_DPHY_LANES bound to: 2 - type: integer 
	Parameter C_HS_LINE_RATE bound to: 1000 - type: integer 
	Parameter C_XMIT_FIRST_DESKEW_SEQ bound to: false - type: string 
	Parameter C_XMIT_PERIODIC_DESKEW_SEQ bound to: false - type: string 
	Parameter C_SKEWCAL_FIRST_TIME bound to: 4096 - type: integer 
	Parameter C_SKEWCAL_PERIODIC_TIME bound to: 128 - type: integer 
	Parameter C_RCVE_DESKEW_SEQ bound to: false - type: string 
	Parameter C_LPX_PERIOD bound to: 50 - type: integer 
	Parameter C_STABLE_CLK_PERIOD bound to: 5.000000 - type: float 
	Parameter C_ESC_CLK_PERIOD bound to: 50.000000 - type: float 
	Parameter C_INIT bound to: 100000 - type: integer 
	Parameter C_WAKEUP bound to: 1000000 - type: integer 
	Parameter C_EN_ULPS_WAKEUP_CNT bound to: FALSE - type: string 
	Parameter C_EN_HS_OBUFTDS bound to: FALSE - type: string 
	Parameter C_USE_LANE0_TXREADYHS bound to: FALSE - type: string 
	Parameter C_HS_SETTLE_NS bound to: 145 - type: integer 
	Parameter C_HS_TIMEOUT bound to: 65541 - type: integer 
	Parameter C_ESC_TIMEOUT bound to: 25600 - type: integer 
	Parameter MTBF_SYNC_STAGES bound to: 3 - type: integer 
	Parameter C_EN_TIMEOUT_REGS bound to: 0 - type: integer 
	Parameter DPHY_PRESET bound to: None - type: string 
	Parameter SUPPORT_LEVEL bound to: 1 - type: integer 
	Parameter C_EN_REG_IF bound to: 0 - type: integer 
	Parameter C_EN_DEBUG_REGS bound to: 0 - type: integer 
	Parameter C_EXAMPLE_SIMULATION bound to: false - type: string 
	Parameter C_TXPLL_CLKIN_PERIOD bound to: 8.000000 - type: float 
	Parameter C_DIV4_CLK_PERIOD bound to: 8.000000 - type: float 
	Parameter C_CAL_MODE bound to: FIXED - type: string 
	Parameter C_IDLY_TAP bound to: 0 - type: integer 
WARNING: [Synth 8-7023] instance 'dphy_rx_fab_top' of module 'mipi_dphy_v4_1_3_rx_fab_top' has 310 connections declared, but only 282 given [d:/Library_Projects_FPGA/GeopticCam/GeopticCam.srcs/sources_1/ip/mipi_dphy/mipi_dphy/support/mipi_dphy_support.v:680]
INFO: [Synth 8-6157] synthesizing module 'IBUFDS' [D:/Program/Xilinx/Vivado2019/Vivado/2019.1/scripts/rt/data/unisim_comp.v:32871]
INFO: [Synth 8-6155] done synthesizing module 'IBUFDS' (10#1) [D:/Program/Xilinx/Vivado2019/Vivado/2019.1/scripts/rt/data/unisim_comp.v:32871]
INFO: [Synth 8-6157] synthesizing module 'ISERDESE2' [D:/Program/Xilinx/Vivado2019/Vivado/2019.1/scripts/rt/data/unisim_comp.v:38491]
INFO: [Synth 8-6155] done synthesizing module 'ISERDESE2' (11#1) [D:/Program/Xilinx/Vivado2019/Vivado/2019.1/scripts/rt/data/unisim_comp.v:38491]
INFO: [Synth 8-6157] synthesizing module 'BUFIO' [D:/Program/Xilinx/Vivado2019/Vivado/2019.1/scripts/rt/data/unisim_comp.v:1336]
INFO: [Synth 8-6155] done synthesizing module 'BUFIO' (12#1) [D:/Program/Xilinx/Vivado2019/Vivado/2019.1/scripts/rt/data/unisim_comp.v:1336]
INFO: [Synth 8-6157] synthesizing module 'BUFR' [D:/Program/Xilinx/Vivado2019/Vivado/2019.1/scripts/rt/data/unisim_comp.v:1402]
INFO: [Synth 8-6155] done synthesizing module 'BUFR' (13#1) [D:/Program/Xilinx/Vivado2019/Vivado/2019.1/scripts/rt/data/unisim_comp.v:1402]
WARNING: [Synth 8-7023] instance 'mipi_dphy_rx_ioi_i' of module 'mipi_dphy_v4_1_3_rx_ioi_7series' has 19 connections declared, but only 18 given [d:/Library_Projects_FPGA/GeopticCam/GeopticCam.srcs/sources_1/ip/mipi_dphy/mipi_dphy/support/mipi_dphy_support.v:1127]
WARNING: [Synth 8-3848] Net rx_dl2_lp_dp_w in module/entity mipi_dphy_support does not have driver. [d:/Library_Projects_FPGA/GeopticCam/GeopticCam.srcs/sources_1/ip/mipi_dphy/mipi_dphy/support/mipi_dphy_support.v:408]
WARNING: [Synth 8-3848] Net rx_dl2_lp_dn_w in module/entity mipi_dphy_support does not have driver. [d:/Library_Projects_FPGA/GeopticCam/GeopticCam.srcs/sources_1/ip/mipi_dphy/mipi_dphy/support/mipi_dphy_support.v:409]
WARNING: [Synth 8-3848] Net rx_dl2_hs_dp_w in module/entity mipi_dphy_support does not have driver. [d:/Library_Projects_FPGA/GeopticCam/GeopticCam.srcs/sources_1/ip/mipi_dphy/mipi_dphy/support/mipi_dphy_support.v:411]
WARNING: [Synth 8-3848] Net rx_dl3_lp_dp_w in module/entity mipi_dphy_support does not have driver. [d:/Library_Projects_FPGA/GeopticCam/GeopticCam.srcs/sources_1/ip/mipi_dphy/mipi_dphy/support/mipi_dphy_support.v:421]
WARNING: [Synth 8-3848] Net rx_dl3_lp_dn_w in module/entity mipi_dphy_support does not have driver. [d:/Library_Projects_FPGA/GeopticCam/GeopticCam.srcs/sources_1/ip/mipi_dphy/mipi_dphy/support/mipi_dphy_support.v:422]
WARNING: [Synth 8-3848] Net rx_dl3_hs_dp_w in module/entity mipi_dphy_support does not have driver. [d:/Library_Projects_FPGA/GeopticCam/GeopticCam.srcs/sources_1/ip/mipi_dphy/mipi_dphy/support/mipi_dphy_support.v:424]
WARNING: [Synth 8-3848] Net rx_dl4_lp_dp_w in module/entity mipi_dphy_support does not have driver. [d:/Library_Projects_FPGA/GeopticCam/GeopticCam.srcs/sources_1/ip/mipi_dphy/mipi_dphy/support/mipi_dphy_support.v:436]
WARNING: [Synth 8-3848] Net rx_dl4_lp_dn_w in module/entity mipi_dphy_support does not have driver. [d:/Library_Projects_FPGA/GeopticCam/GeopticCam.srcs/sources_1/ip/mipi_dphy/mipi_dphy/support/mipi_dphy_support.v:437]
WARNING: [Synth 8-3848] Net rx_dl4_hs_dp_w in module/entity mipi_dphy_support does not have driver. [d:/Library_Projects_FPGA/GeopticCam/GeopticCam.srcs/sources_1/ip/mipi_dphy/mipi_dphy/support/mipi_dphy_support.v:439]
WARNING: [Synth 8-3848] Net rx_dl5_lp_dp_w in module/entity mipi_dphy_support does not have driver. [d:/Library_Projects_FPGA/GeopticCam/GeopticCam.srcs/sources_1/ip/mipi_dphy/mipi_dphy/support/mipi_dphy_support.v:451]
WARNING: [Synth 8-3848] Net rx_dl5_lp_dn_w in module/entity mipi_dphy_support does not have driver. [d:/Library_Projects_FPGA/GeopticCam/GeopticCam.srcs/sources_1/ip/mipi_dphy/mipi_dphy/support/mipi_dphy_support.v:452]
WARNING: [Synth 8-3848] Net rx_dl5_hs_dp_w in module/entity mipi_dphy_support does not have driver. [d:/Library_Projects_FPGA/GeopticCam/GeopticCam.srcs/sources_1/ip/mipi_dphy/mipi_dphy/support/mipi_dphy_support.v:454]
WARNING: [Synth 8-3848] Net rx_dl6_lp_dp_w in module/entity mipi_dphy_support does not have driver. [d:/Library_Projects_FPGA/GeopticCam/GeopticCam.srcs/sources_1/ip/mipi_dphy/mipi_dphy/support/mipi_dphy_support.v:466]
WARNING: [Synth 8-3848] Net rx_dl6_lp_dn_w in module/entity mipi_dphy_support does not have driver. [d:/Library_Projects_FPGA/GeopticCam/GeopticCam.srcs/sources_1/ip/mipi_dphy/mipi_dphy/support/mipi_dphy_support.v:467]
WARNING: [Synth 8-3848] Net rx_dl6_hs_dp_w in module/entity mipi_dphy_support does not have driver. [d:/Library_Projects_FPGA/GeopticCam/GeopticCam.srcs/sources_1/ip/mipi_dphy/mipi_dphy/support/mipi_dphy_support.v:469]
WARNING: [Synth 8-3848] Net rx_dl7_lp_dp_w in module/entity mipi_dphy_support does not have driver. [d:/Library_Projects_FPGA/GeopticCam/GeopticCam.srcs/sources_1/ip/mipi_dphy/mipi_dphy/support/mipi_dphy_support.v:481]
WARNING: [Synth 8-3848] Net rx_dl7_lp_dn_w in module/entity mipi_dphy_support does not have driver. [d:/Library_Projects_FPGA/GeopticCam/GeopticCam.srcs/sources_1/ip/mipi_dphy/mipi_dphy/support/mipi_dphy_support.v:482]
WARNING: [Synth 8-3848] Net rx_dl7_hs_dp_w in module/entity mipi_dphy_support does not have driver. [d:/Library_Projects_FPGA/GeopticCam/GeopticCam.srcs/sources_1/ip/mipi_dphy/mipi_dphy/support/mipi_dphy_support.v:484]
INFO: [Synth 8-6155] done synthesizing module 'mipi_dphy_support' (15#1) [d:/Library_Projects_FPGA/GeopticCam/GeopticCam.srcs/sources_1/ip/mipi_dphy/mipi_dphy/support/mipi_dphy_support.v:102]
INFO: [Synth 8-6155] done synthesizing module 'mipi_dphy_c1' (16#1) [d:/Library_Projects_FPGA/GeopticCam/GeopticCam.srcs/sources_1/ip/mipi_dphy/mipi_dphy_c1.v:100]
INFO: [Synth 8-6155] done synthesizing module 'mipi_dphy_core' (17#1) [d:/Library_Projects_FPGA/GeopticCam/GeopticCam.srcs/sources_1/ip/mipi_dphy/mipi_dphy_core.v:93]
INFO: [Synth 8-6155] done synthesizing module 'mipi_dphy' (18#1) [d:/Library_Projects_FPGA/GeopticCam/GeopticCam.srcs/sources_1/ip/mipi_dphy/mipi_dphy.v:91]
WARNING: [Synth 8-3331] design mipi_dphy_v4_1_3_rx_ioi_7series has unconnected port system_reset
WARNING: [Synth 8-3331] design mipi_dphy_v4_1_3_rx_ioi_7series has unconnected port io_reset
WARNING: [Synth 8-3331] design mipi_dphy_v4_1_3_rx_ioi_7series has unconnected port rx_clk_active
WARNING: [Synth 8-3331] design mipi_dphy_v4_1_3_rx_ioi_7series has unconnected port cal_start
WARNING: [Synth 8-3331] design mipi_dphy_v4_1_3_rx_ioi_7series has unconnected port tap_val_pass_in[7]
WARNING: [Synth 8-3331] design mipi_dphy_v4_1_3_rx_ioi_7series has unconnected port tap_val_pass_in[6]
WARNING: [Synth 8-3331] design mipi_dphy_v4_1_3_rx_ioi_7series has unconnected port tap_val_pass_in[5]
WARNING: [Synth 8-3331] design mipi_dphy_v4_1_3_rx_ioi_7series has unconnected port tap_val_pass_in[4]
WARNING: [Synth 8-3331] design mipi_dphy_v4_1_3_rx_ioi_7series has unconnected port tap_val_pass_in[3]
WARNING: [Synth 8-3331] design mipi_dphy_v4_1_3_rx_ioi_7series has unconnected port tap_val_pass_in[2]
WARNING: [Synth 8-3331] design mipi_dphy_v4_1_3_rx_ioi_7series has unconnected port tap_val_pass_in[1]
WARNING: [Synth 8-3331] design mipi_dphy_v4_1_3_rx_ioi_7series has unconnected port tap_val_pass_in[0]
WARNING: [Synth 8-3331] design mipi_dphy_v4_1_3_rx_ioi_7series has unconnected port tap_ioi_dyn[63]
WARNING: [Synth 8-3331] design mipi_dphy_v4_1_3_rx_ioi_7series has unconnected port tap_ioi_dyn[62]
WARNING: [Synth 8-3331] design mipi_dphy_v4_1_3_rx_ioi_7series has unconnected port tap_ioi_dyn[61]
WARNING: [Synth 8-3331] design mipi_dphy_v4_1_3_rx_ioi_7series has unconnected port tap_ioi_dyn[60]
WARNING: [Synth 8-3331] design mipi_dphy_v4_1_3_rx_ioi_7series has unconnected port tap_ioi_dyn[59]
WARNING: [Synth 8-3331] design mipi_dphy_v4_1_3_rx_ioi_7series has unconnected port tap_ioi_dyn[58]
WARNING: [Synth 8-3331] design mipi_dphy_v4_1_3_rx_ioi_7series has unconnected port tap_ioi_dyn[57]
WARNING: [Synth 8-3331] design mipi_dphy_v4_1_3_rx_ioi_7series has unconnected port tap_ioi_dyn[56]
WARNING: [Synth 8-3331] design mipi_dphy_v4_1_3_rx_ioi_7series has unconnected port tap_ioi_dyn[55]
WARNING: [Synth 8-3331] design mipi_dphy_v4_1_3_rx_ioi_7series has unconnected port tap_ioi_dyn[54]
WARNING: [Synth 8-3331] design mipi_dphy_v4_1_3_rx_ioi_7series has unconnected port tap_ioi_dyn[53]
WARNING: [Synth 8-3331] design mipi_dphy_v4_1_3_rx_ioi_7series has unconnected port tap_ioi_dyn[52]
WARNING: [Synth 8-3331] design mipi_dphy_v4_1_3_rx_ioi_7series has unconnected port tap_ioi_dyn[51]
WARNING: [Synth 8-3331] design mipi_dphy_v4_1_3_rx_ioi_7series has unconnected port tap_ioi_dyn[50]
WARNING: [Synth 8-3331] design mipi_dphy_v4_1_3_rx_ioi_7series has unconnected port tap_ioi_dyn[49]
WARNING: [Synth 8-3331] design mipi_dphy_v4_1_3_rx_ioi_7series has unconnected port tap_ioi_dyn[48]
WARNING: [Synth 8-3331] design mipi_dphy_v4_1_3_rx_ioi_7series has unconnected port tap_ioi_dyn[47]
WARNING: [Synth 8-3331] design mipi_dphy_v4_1_3_rx_ioi_7series has unconnected port tap_ioi_dyn[46]
WARNING: [Synth 8-3331] design mipi_dphy_v4_1_3_rx_ioi_7series has unconnected port tap_ioi_dyn[45]
WARNING: [Synth 8-3331] design mipi_dphy_v4_1_3_rx_ioi_7series has unconnected port tap_ioi_dyn[44]
WARNING: [Synth 8-3331] design mipi_dphy_v4_1_3_rx_ioi_7series has unconnected port tap_ioi_dyn[43]
WARNING: [Synth 8-3331] design mipi_dphy_v4_1_3_rx_ioi_7series has unconnected port tap_ioi_dyn[42]
WARNING: [Synth 8-3331] design mipi_dphy_v4_1_3_rx_ioi_7series has unconnected port tap_ioi_dyn[41]
WARNING: [Synth 8-3331] design mipi_dphy_v4_1_3_rx_ioi_7series has unconnected port tap_ioi_dyn[40]
WARNING: [Synth 8-3331] design mipi_dphy_v4_1_3_rx_ioi_7series has unconnected port tap_ioi_dyn[39]
WARNING: [Synth 8-3331] design mipi_dphy_v4_1_3_rx_ioi_7series has unconnected port tap_ioi_dyn[38]
WARNING: [Synth 8-3331] design mipi_dphy_v4_1_3_rx_ioi_7series has unconnected port tap_ioi_dyn[37]
WARNING: [Synth 8-3331] design mipi_dphy_v4_1_3_rx_ioi_7series has unconnected port tap_ioi_dyn[36]
WARNING: [Synth 8-3331] design mipi_dphy_v4_1_3_rx_ioi_7series has unconnected port tap_ioi_dyn[35]
WARNING: [Synth 8-3331] design mipi_dphy_v4_1_3_rx_ioi_7series has unconnected port tap_ioi_dyn[34]
WARNING: [Synth 8-3331] design mipi_dphy_v4_1_3_rx_ioi_7series has unconnected port tap_ioi_dyn[33]
WARNING: [Synth 8-3331] design mipi_dphy_v4_1_3_rx_ioi_7series has unconnected port tap_ioi_dyn[32]
WARNING: [Synth 8-3331] design mipi_dphy_v4_1_3_rx_ioi_7series has unconnected port tap_ioi_dyn[31]
WARNING: [Synth 8-3331] design mipi_dphy_v4_1_3_rx_ioi_7series has unconnected port tap_ioi_dyn[30]
WARNING: [Synth 8-3331] design mipi_dphy_v4_1_3_rx_ioi_7series has unconnected port tap_ioi_dyn[29]
WARNING: [Synth 8-3331] design mipi_dphy_v4_1_3_rx_ioi_7series has unconnected port tap_ioi_dyn[28]
WARNING: [Synth 8-3331] design mipi_dphy_v4_1_3_rx_ioi_7series has unconnected port tap_ioi_dyn[27]
WARNING: [Synth 8-3331] design mipi_dphy_v4_1_3_rx_ioi_7series has unconnected port tap_ioi_dyn[26]
WARNING: [Synth 8-3331] design mipi_dphy_v4_1_3_rx_ioi_7series has unconnected port tap_ioi_dyn[25]
WARNING: [Synth 8-3331] design mipi_dphy_v4_1_3_rx_ioi_7series has unconnected port tap_ioi_dyn[24]
WARNING: [Synth 8-3331] design mipi_dphy_v4_1_3_rx_ioi_7series has unconnected port tap_ioi_dyn[23]
WARNING: [Synth 8-3331] design mipi_dphy_v4_1_3_rx_ioi_7series has unconnected port tap_ioi_dyn[22]
WARNING: [Synth 8-3331] design mipi_dphy_v4_1_3_rx_ioi_7series has unconnected port tap_ioi_dyn[21]
WARNING: [Synth 8-3331] design mipi_dphy_v4_1_3_rx_ioi_7series has unconnected port tap_ioi_dyn[20]
WARNING: [Synth 8-3331] design mipi_dphy_v4_1_3_rx_ioi_7series has unconnected port tap_ioi_dyn[19]
WARNING: [Synth 8-3331] design mipi_dphy_v4_1_3_rx_ioi_7series has unconnected port tap_ioi_dyn[18]
WARNING: [Synth 8-3331] design mipi_dphy_v4_1_3_rx_ioi_7series has unconnected port tap_ioi_dyn[17]
WARNING: [Synth 8-3331] design mipi_dphy_v4_1_3_rx_ioi_7series has unconnected port tap_ioi_dyn[16]
WARNING: [Synth 8-3331] design mipi_dphy_v4_1_3_rx_ioi_7series has unconnected port tap_ioi_dyn[15]
WARNING: [Synth 8-3331] design mipi_dphy_v4_1_3_rx_ioi_7series has unconnected port tap_ioi_dyn[14]
WARNING: [Synth 8-3331] design mipi_dphy_v4_1_3_rx_ioi_7series has unconnected port tap_ioi_dyn[13]
WARNING: [Synth 8-3331] design mipi_dphy_v4_1_3_rx_ioi_7series has unconnected port tap_ioi_dyn[12]
WARNING: [Synth 8-3331] design mipi_dphy_v4_1_3_rx_ioi_7series has unconnected port tap_ioi_dyn[11]
WARNING: [Synth 8-3331] design mipi_dphy_v4_1_3_rx_ioi_7series has unconnected port tap_ioi_dyn[10]
WARNING: [Synth 8-3331] design mipi_dphy_v4_1_3_rx_ioi_7series has unconnected port tap_ioi_dyn[9]
WARNING: [Synth 8-3331] design mipi_dphy_v4_1_3_rx_ioi_7series has unconnected port tap_ioi_dyn[8]
WARNING: [Synth 8-3331] design mipi_dphy_v4_1_3_rx_ioi_7series has unconnected port tap_ioi_dyn[7]
WARNING: [Synth 8-3331] design mipi_dphy_v4_1_3_rx_ioi_7series has unconnected port tap_ioi_dyn[6]
WARNING: [Synth 8-3331] design mipi_dphy_v4_1_3_rx_ioi_7series has unconnected port tap_ioi_dyn[5]
WARNING: [Synth 8-3331] design mipi_dphy_v4_1_3_rx_ioi_7series has unconnected port tap_ioi_dyn[4]
WARNING: [Synth 8-3331] design mipi_dphy_v4_1_3_rx_ioi_7series has unconnected port tap_ioi_dyn[3]
WARNING: [Synth 8-3331] design mipi_dphy_v4_1_3_rx_ioi_7series has unconnected port tap_ioi_dyn[2]
WARNING: [Synth 8-3331] design mipi_dphy_v4_1_3_rx_ioi_7series has unconnected port tap_ioi_dyn[1]
WARNING: [Synth 8-3331] design mipi_dphy_v4_1_3_rx_ioi_7series has unconnected port tap_ioi_dyn[0]
WARNING: [Synth 8-3331] design mipi_dphy_v4_1_3_rx_sync_cell__parameterized0 has unconnected port prmry_aclk
WARNING: [Synth 8-3331] design mipi_dphy_v4_1_3_rx_sync_cell__parameterized0 has unconnected port prmry_rst_n
WARNING: [Synth 8-3331] design mipi_dphy_v4_1_3_rx_sync_cell__parameterized0 has unconnected port prmry_vect_in[1]
WARNING: [Synth 8-3331] design mipi_dphy_v4_1_3_rx_sync_cell__parameterized0 has unconnected port prmry_vect_in[0]
WARNING: [Synth 8-3331] design mipi_dphy_v4_1_3_rx_sync_cell__parameterized1 has unconnected port prmry_aclk
WARNING: [Synth 8-3331] design mipi_dphy_v4_1_3_rx_sync_cell__parameterized1 has unconnected port prmry_rst_n
WARNING: [Synth 8-3331] design mipi_dphy_v4_1_3_rx_sync_cell__parameterized1 has unconnected port prmry_vect_in[1]
WARNING: [Synth 8-3331] design mipi_dphy_v4_1_3_rx_sync_cell__parameterized1 has unconnected port prmry_vect_in[0]
WARNING: [Synth 8-3331] design mipi_dphy_v4_1_3_rx_sync_cell__parameterized1 has unconnected port scndry_rst_n
WARNING: [Synth 8-3331] design mipi_dphy_v4_1_3_rx_data_lane_sm has unconnected port init_reg[31]
WARNING: [Synth 8-3331] design mipi_dphy_v4_1_3_rx_data_lane_sm has unconnected port init_reg[30]
WARNING: [Synth 8-3331] design mipi_dphy_v4_1_3_rx_data_lane_sm has unconnected port init_reg[29]
WARNING: [Synth 8-3331] design mipi_dphy_v4_1_3_rx_data_lane_sm has unconnected port init_reg[28]
WARNING: [Synth 8-3331] design mipi_dphy_v4_1_3_rx_data_lane_sm has unconnected port init_reg[27]
WARNING: [Synth 8-3331] design mipi_dphy_v4_1_3_rx_data_lane_sm has unconnected port init_reg[26]
WARNING: [Synth 8-3331] design mipi_dphy_v4_1_3_rx_data_lane_sm has unconnected port init_reg[25]
WARNING: [Synth 8-3331] design mipi_dphy_v4_1_3_rx_data_lane_sm has unconnected port init_reg[24]
WARNING: [Synth 8-3331] design mipi_dphy_v4_1_3_rx_data_lane_sm has unconnected port init_reg[23]
WARNING: [Synth 8-3331] design mipi_dphy_v4_1_3_rx_data_lane_sm has unconnected port init_reg[22]
WARNING: [Synth 8-3331] design mipi_dphy_v4_1_3_rx_data_lane_sm has unconnected port init_reg[21]
WARNING: [Synth 8-3331] design mipi_dphy_v4_1_3_rx_data_lane_sm has unconnected port init_reg[20]
WARNING: [Synth 8-3331] design mipi_dphy_v4_1_3_rx_data_lane_sm has unconnected port init_reg[19]
WARNING: [Synth 8-3331] design mipi_dphy_v4_1_3_rx_data_lane_sm has unconnected port init_reg[18]
WARNING: [Synth 8-3331] design mipi_dphy_v4_1_3_rx_data_lane_sm has unconnected port init_reg[17]
INFO: [Common 17-14] Message 'Synth 8-3331' appears 100 times and further instances of the messages will be disabled. Use the Tcl command set_msg_config to change the current settings.
---------------------------------------------------------------------------------
Finished RTL Elaboration : Time (s): cpu = 00:00:06 ; elapsed = 00:00:07 . Memory (MB): peak = 895.629 ; gain = 258.824
---------------------------------------------------------------------------------

Report Check Netlist: 
+------+------------------+-------+---------+-------+------------------+
|      |Item              |Errors |Warnings |Status |Description       |
+------+------------------+-------+---------+-------+------------------+
|1     |multi_driven_nets |      0|        0|Passed |Multi driven nets |
+------+------------------+-------+---------+-------+------------------+
---------------------------------------------------------------------------------
Start Handling Custom Attributes
---------------------------------------------------------------------------------
---------------------------------------------------------------------------------
Finished Handling Custom Attributes : Time (s): cpu = 00:00:06 ; elapsed = 00:00:07 . Memory (MB): peak = 895.629 ; gain = 258.824
---------------------------------------------------------------------------------
---------------------------------------------------------------------------------
Finished RTL Optimization Phase 1 : Time (s): cpu = 00:00:06 ; elapsed = 00:00:07 . Memory (MB): peak = 895.629 ; gain = 258.824
---------------------------------------------------------------------------------
INFO: [Netlist 29-17] Analyzing 6 Unisim elements for replacement
INFO: [Netlist 29-28] Unisim Transformation completed in 0 CPU seconds
INFO: [Project 1-570] Preparing netlist for logic optimization

Processing XDC Constraints
Initializing timing engine
Parsing XDC File [d:/Library_Projects_FPGA/GeopticCam/GeopticCam.srcs/sources_1/ip/mipi_dphy/mipi_dphy_ooc.xdc] for cell 'inst'
Finished Parsing XDC File [d:/Library_Projects_FPGA/GeopticCam/GeopticCam.srcs/sources_1/ip/mipi_dphy/mipi_dphy_ooc.xdc] for cell 'inst'
Parsing XDC File [d:/Library_Projects_FPGA/GeopticCam/GeopticCam.srcs/sources_1/ip/mipi_dphy/mipi_dphy.xdc] for cell 'inst'
Finished Parsing XDC File [d:/Library_Projects_FPGA/GeopticCam/GeopticCam.srcs/sources_1/ip/mipi_dphy/mipi_dphy.xdc] for cell 'inst'
Parsing XDC File [D:/Library_Projects_FPGA/GeopticCam/GeopticCam.runs/mipi_dphy_synth_1/dont_touch.xdc]
Finished Parsing XDC File [D:/Library_Projects_FPGA/GeopticCam/GeopticCam.runs/mipi_dphy_synth_1/dont_touch.xdc]
Parsing XDC File [d:/Library_Projects_FPGA/GeopticCam/GeopticCam.srcs/sources_1/ip/mipi_dphy/mipi_dphy_clocks.xdc] for cell 'inst'
Finished Parsing XDC File [d:/Library_Projects_FPGA/GeopticCam/GeopticCam.srcs/sources_1/ip/mipi_dphy/mipi_dphy_clocks.xdc] for cell 'inst'
Completed Processing XDC Constraints

Netlist sorting complete. Time (s): cpu = 00:00:00 ; elapsed = 00:00:00.001 . Memory (MB): peak = 1016.883 ; gain = 0.000
INFO: [Project 1-111] Unisim Transformation Summary:
No Unisim elements were transformed.

INFO: [Timing 38-2] Deriving generated clocks
Constraint Validation Runtime : Time (s): cpu = 00:00:00 ; elapsed = 00:00:00.113 . Memory (MB): peak = 1028.789 ; gain = 11.906
---------------------------------------------------------------------------------
Finished Constraint Validation : Time (s): cpu = 00:00:11 ; elapsed = 00:00:13 . Memory (MB): peak = 1028.789 ; gain = 391.984
---------------------------------------------------------------------------------
---------------------------------------------------------------------------------
Start Loading Part and Timing Information
---------------------------------------------------------------------------------
Loading part: xc7a35tftg256-2
---------------------------------------------------------------------------------
Finished Loading Part and Timing Information : Time (s): cpu = 00:00:11 ; elapsed = 00:00:13 . Memory (MB): peak = 1028.789 ; gain = 391.984
---------------------------------------------------------------------------------
---------------------------------------------------------------------------------
Start Applying 'set_property' XDC Constraints
---------------------------------------------------------------------------------
Applied set_property DONT_TOUCH = true for inst. (constraint file  D:/Library_Projects_FPGA/GeopticCam/GeopticCam.runs/mipi_dphy_synth_1/dont_touch.xdc, line 9).
---------------------------------------------------------------------------------
Finished applying 'set_property' XDC Constraints : Time (s): cpu = 00:00:11 ; elapsed = 00:00:13 . Memory (MB): peak = 1028.789 ; gain = 391.984
---------------------------------------------------------------------------------
INFO: [Synth 8-802] inferred FSM for state register 'rst_blk_state_reg' in module 'mipi_dphy_v4_1_3_rx_rst_logic_7series'
INFO: [Synth 8-802] inferred FSM for state register 'rst_blk_state_reg' in module 'mipi_dphy_v4_1_3_rx_support_rst_logic'
INFO: [Synth 8-802] inferred FSM for state register 'dl_rx_state_reg' in module 'mipi_dphy_v4_1_3_rx_data_lane_sm'
INFO: [Synth 8-802] inferred FSM for state register 'gen_hs_high_rates_spec_v1_1.dl_state_reg' in module 'mipi_dphy_v4_1_3_rx_data_lane'
---------------------------------------------------------------------------------------------------
                   State |                     New Encoding |                Previous Encoding 
---------------------------------------------------------------------------------------------------
               RST_BEGIN |                               00 |                               00
          RESET_FSM_DONE |                               01 |                               10
         WAIT_FOR_ENABLE |                               10 |                               01
---------------------------------------------------------------------------------------------------
INFO: [Synth 8-3354] encoded FSM with state register 'rst_blk_state_reg' using encoding 'sequential' in module 'mipi_dphy_v4_1_3_rx_rst_logic_7series'
---------------------------------------------------------------------------------------------------
                   State |                     New Encoding |                Previous Encoding 
---------------------------------------------------------------------------------------------------
               RST_BEGIN |                              000 |                              000
       ASSERT_ALL_RESETS |                              001 |                              001
       RELEASE_PHY_RESET |                              010 |                              010
          RESET_FSM_DONE |                              011 |                              100
              CHECK_SRST |                              100 |                              011
---------------------------------------------------------------------------------------------------
INFO: [Synth 8-3354] encoded FSM with state register 'rst_blk_state_reg' using encoding 'sequential' in module 'mipi_dphy_v4_1_3_rx_support_rst_logic'
---------------------------------------------------------------------------------------------------
                   State |                     New Encoding |                Previous Encoding 
---------------------------------------------------------------------------------------------------
             DL_RX_BEGIN |                            01101 |                            00000
         DL_RX_INIT_DONE |                            01100 |                            00001
              DL_RX_STOP |                            00001 |                            00010
           DL_RX_LP_RQST |                            01000 |                            00111
          DL_RX_LP_YIELD |                            10000 |                            01000
          DL_RX_ESC_RQST |                            10010 |                            01001
            DL_RX_ESC_GO |                            01111 |                            01010
         DL_RX_ESC_MARK0 |                            00101 |                            01100
         DL_RX_ESC_MARK1 |                            00100 |                            01011
         DL_RX_ESC_SPACE |                            00010 |                            01101
           DL_RX_ULPSESC |                            00011 |                            01111
     DL_RX_ULPSESC_MARK1 |                            01110 |                            10000
         DL_RX_ERR_CTRL2 |                            00110 |                            10011
           DL_RX_HS_RQST |                            00111 |                            00011
           DL_RX_HS_SYNC |                            01011 |                            00100
            DL_RX_HS_RUN |                            10011 |                            00101
          DL_RX_HS_ABORT |                            10001 |                            00110
         DL_RX_ERR_CTRL0 |                            01001 |                            10001
         DL_RX_ERR_CTRL1 |                            01010 |                            10010
---------------------------------------------------------------------------------------------------
INFO: [Synth 8-3354] encoded FSM with state register 'dl_rx_state_reg' using encoding 'sequential' in module 'mipi_dphy_v4_1_3_rx_data_lane_sm'
---------------------------------------------------------------------------------------------------
                   State |                     New Encoding |                Previous Encoding 
---------------------------------------------------------------------------------------------------
                DL_START |                               00 |                               00
                 DL_STOP |                               01 |                               01
               DL_ACTIVE |                               10 |                               10
---------------------------------------------------------------------------------------------------
INFO: [Synth 8-3354] encoded FSM with state register 'gen_hs_high_rates_spec_v1_1.dl_state_reg' using encoding 'sequential' in module 'mipi_dphy_v4_1_3_rx_data_lane'
---------------------------------------------------------------------------------
Finished RTL Optimization Phase 2 : Time (s): cpu = 00:00:13 ; elapsed = 00:00:15 . Memory (MB): peak = 1028.789 ; gain = 391.984
---------------------------------------------------------------------------------

Report RTL Partitions: 
+-+--------------+------------+----------+
| |RTL Partition |Replication |Instances |
+-+--------------+------------+----------+
+-+--------------+------------+----------+
---------------------------------------------------------------------------------
Start RTL Component Statistics 
---------------------------------------------------------------------------------
Detailed RTL Component Info : 
+---Adders : 
	   2 Input     16 Bit       Adders := 1     
	   2 Input      8 Bit       Adders := 4     
	   2 Input      5 Bit       Adders := 5     
	   2 Input      4 Bit       Adders := 3     
	   2 Input      2 Bit       Adders := 2     
+---Registers : 
	               32 Bit    Registers := 4     
	               16 Bit    Registers := 3     
	                8 Bit    Registers := 12    
	                5 Bit    Registers := 6     
	                4 Bit    Registers := 6     
	                3 Bit    Registers := 2     
	                2 Bit    Registers := 8     
	                1 Bit    Registers := 283   
+---Muxes : 
	   2 Input     32 Bit        Muxes := 4     
	   2 Input     16 Bit        Muxes := 3     
	   2 Input      8 Bit        Muxes := 4     
	  19 Input      8 Bit        Muxes := 2     
	   2 Input      5 Bit        Muxes := 8     
	  45 Input      5 Bit        Muxes := 2     
	   2 Input      4 Bit        Muxes := 7     
	   3 Input      4 Bit        Muxes := 3     
	   4 Input      4 Bit        Muxes := 2     
	   6 Input      4 Bit        Muxes := 2     
	   2 Input      3 Bit        Muxes := 3     
	  12 Input      3 Bit        Muxes := 1     
	   6 Input      3 Bit        Muxes := 2     
	   3 Input      2 Bit        Muxes := 3     
	   2 Input      2 Bit        Muxes := 10    
	  14 Input      2 Bit        Muxes := 2     
	   8 Input      2 Bit        Muxes := 2     
	   3 Input      1 Bit        Muxes := 21    
	   2 Input      1 Bit        Muxes := 277   
	  14 Input      1 Bit        Muxes := 11    
	   4 Input      1 Bit        Muxes := 4     
	   5 Input      1 Bit        Muxes := 55    
	   8 Input      1 Bit        Muxes := 4     
	  19 Input      1 Bit        Muxes := 38    
	  10 Input      1 Bit        Muxes := 2     
---------------------------------------------------------------------------------
Finished RTL Component Statistics 
---------------------------------------------------------------------------------
---------------------------------------------------------------------------------
Start RTL Hierarchical Component Statistics 
---------------------------------------------------------------------------------
Hierarchical RTL Component report 
Module mipi_dphy_v4_1_3_rx_rst_sync 
Detailed RTL Component Info : 
+---Registers : 
	                1 Bit    Registers := 3     
Module mipi_dphy_v4_1_3_rx_sync_cell 
Detailed RTL Component Info : 
+---Registers : 
	                1 Bit    Registers := 6     
Module mipi_dphy_v4_1_3_rx_rst_logic_7series 
Detailed RTL Component Info : 
+---Registers : 
	                1 Bit    Registers := 2     
+---Muxes : 
	   3 Input      2 Bit        Muxes := 1     
	   2 Input      2 Bit        Muxes := 2     
	   3 Input      1 Bit        Muxes := 4     
Module mipi_dphy_v4_1_3_rx_sync_cell__parameterized0 
Detailed RTL Component Info : 
+---Registers : 
	                1 Bit    Registers := 6     
Module mipi_dphy_v4_1_3_rx_rst_sync__parameterized0 
Detailed RTL Component Info : 
+---Registers : 
	                1 Bit    Registers := 3     
Module mipi_dphy_v4_1_3_rx_sync_cell__parameterized1 
Detailed RTL Component Info : 
+---Registers : 
	                1 Bit    Registers := 6     
Module mipi_dphy_v4_1_3_rx_clk_lane 
Detailed RTL Component Info : 
+---Adders : 
	   2 Input      5 Bit       Adders := 1     
+---Registers : 
	                5 Bit    Registers := 1     
	                4 Bit    Registers := 1     
	                2 Bit    Registers := 2     
	                1 Bit    Registers := 21    
+---Muxes : 
	   2 Input      5 Bit        Muxes := 2     
	   2 Input      4 Bit        Muxes := 6     
	   3 Input      4 Bit        Muxes := 3     
	   2 Input      3 Bit        Muxes := 1     
	  14 Input      2 Bit        Muxes := 2     
	   2 Input      1 Bit        Muxes := 36    
	  14 Input      1 Bit        Muxes := 11    
	   4 Input      1 Bit        Muxes := 2     
Module mipi_dphy_v4_1_3_rx_support_rst_logic 
Detailed RTL Component Info : 
+---Registers : 
	                1 Bit    Registers := 5     
+---Muxes : 
	  12 Input      3 Bit        Muxes := 1     
	   2 Input      1 Bit        Muxes := 18    
	   5 Input      1 Bit        Muxes := 7     
Module mipi_dphy_v4_1_3_rx_sync_cell__parameterized2 
Detailed RTL Component Info : 
+---Registers : 
	                1 Bit    Registers := 6     
Module mipi_dphy_v4_1_3_rx_sot_det_align 
Detailed RTL Component Info : 
+---Registers : 
	               16 Bit    Registers := 1     
	                8 Bit    Registers := 2     
	                3 Bit    Registers := 1     
	                1 Bit    Registers := 6     
+---Muxes : 
	   2 Input     16 Bit        Muxes := 1     
	   6 Input      3 Bit        Muxes := 1     
	   2 Input      3 Bit        Muxes := 1     
	   5 Input      1 Bit        Muxes := 24    
	   8 Input      1 Bit        Muxes := 1     
	   2 Input      1 Bit        Muxes := 2     
Module mipi_dphy_v4_1_3_rx_data_lane_sm 
Detailed RTL Component Info : 
+---Adders : 
	   2 Input      8 Bit       Adders := 1     
	   2 Input      5 Bit       Adders := 1     
	   2 Input      4 Bit       Adders := 1     
	   2 Input      2 Bit       Adders := 1     
+---Registers : 
	               32 Bit    Registers := 1     
	                8 Bit    Registers := 3     
	                5 Bit    Registers := 1     
	                4 Bit    Registers := 2     
	                2 Bit    Registers := 3     
	                1 Bit    Registers := 29    
+---Muxes : 
	   2 Input      8 Bit        Muxes := 2     
	  19 Input      8 Bit        Muxes := 1     
	   2 Input      5 Bit        Muxes := 2     
	  45 Input      5 Bit        Muxes := 1     
	   4 Input      4 Bit        Muxes := 1     
	   6 Input      4 Bit        Muxes := 1     
	   2 Input      2 Bit        Muxes := 1     
	   8 Input      2 Bit        Muxes := 1     
	   2 Input      1 Bit        Muxes := 94    
	   8 Input      1 Bit        Muxes := 1     
	   3 Input      1 Bit        Muxes := 3     
	   4 Input      1 Bit        Muxes := 1     
	  19 Input      1 Bit        Muxes := 19    
	  10 Input      1 Bit        Muxes := 1     
Module mipi_dphy_v4_1_3_rx_data_lane 
Detailed RTL Component Info : 
+---Adders : 
	   2 Input      8 Bit       Adders := 1     
	   2 Input      5 Bit       Adders := 1     
+---Registers : 
	               32 Bit    Registers := 1     
	                8 Bit    Registers := 1     
	                5 Bit    Registers := 1     
	                1 Bit    Registers := 8     
+---Muxes : 
	   2 Input     32 Bit        Muxes := 2     
	   2 Input      5 Bit        Muxes := 1     
	   3 Input      2 Bit        Muxes := 1     
	   2 Input      2 Bit        Muxes := 3     
	   2 Input      1 Bit        Muxes := 14    
	   3 Input      1 Bit        Muxes := 5     
Module mipi_dphy_v4_1_3_rx_fab_top 
Detailed RTL Component Info : 
+---Adders : 
	   2 Input     16 Bit       Adders := 1     
	   2 Input      4 Bit       Adders := 1     
+---Registers : 
	               16 Bit    Registers := 1     
	                4 Bit    Registers := 1     
	                1 Bit    Registers := 4     
+---Muxes : 
	   2 Input     16 Bit        Muxes := 1     
	   2 Input      4 Bit        Muxes := 1     
	   3 Input      1 Bit        Muxes := 1     
	   2 Input      1 Bit        Muxes := 3     
Module mipi_dphy_v4_1_3_rx_ioi_7series 
Detailed RTL Component Info : 
+---Registers : 
	                5 Bit    Registers := 1     
	                1 Bit    Registers := 3     
---------------------------------------------------------------------------------
Finished RTL Hierarchical Component Statistics
---------------------------------------------------------------------------------
---------------------------------------------------------------------------------
Start Part Resource Summary
---------------------------------------------------------------------------------
Part Resources:
DSPs: 90 (col length:60)
BRAMs: 100 (col length: RAMB18 60 RAMB36 30)
---------------------------------------------------------------------------------
Finished Part Resource Summary
---------------------------------------------------------------------------------
---------------------------------------------------------------------------------
Start Cross Boundary and Area Optimization
---------------------------------------------------------------------------------
Warning: Parallel synthesis criteria is not met 
INFO: [Synth 8-3333] propagating constant 0 across sequential element (inst/\inst/mipi_dphy_rx_support_i/slave_rx.dphy_rx_fab_top /\u_rx_support_rst_logic/time_out_r_reg )
INFO: [Synth 8-3333] propagating constant 0 across sequential element (inst/\inst/mipi_dphy_rx_support_i/slave_rx.u_rx_rst_logic_7series /\FSM_sequential_rst_blk_state_reg[1] )
INFO: [Synth 8-3332] Sequential element (FSM_sequential_rst_blk_state_reg[1]) is unused and will be removed from module mipi_dphy_v4_1_3_rx_rst_logic_7series.
INFO: [Synth 8-3333] propagating constant 0 across sequential element (inst/\inst/mipi_dphy_rx_support_i/slave_rx.dphy_rx_fab_top /\u_rx_support_rst_logic/FSM_sequential_rst_blk_state_reg[2] )
INFO: [Synth 8-3332] Sequential element (u_rx_support_rst_logic/FSM_sequential_rst_blk_state_reg[2]) is unused and will be removed from module mipi_dphy_v4_1_3_rx_fab_top.
---------------------------------------------------------------------------------
Finished Cross Boundary and Area Optimization : Time (s): cpu = 00:00:20 ; elapsed = 00:00:22 . Memory (MB): peak = 1028.789 ; gain = 391.984
---------------------------------------------------------------------------------

Report RTL Partitions: 
+-+--------------+------------+----------+
| |RTL Partition |Replication |Instances |
+-+--------------+------------+----------+
+-+--------------+------------+----------+
---------------------------------------------------------------------------------
Start Applying XDC Timing Constraints
---------------------------------------------------------------------------------
---------------------------------------------------------------------------------
Finished Applying XDC Timing Constraints : Time (s): cpu = 00:00:26 ; elapsed = 00:00:28 . Memory (MB): peak = 1028.789 ; gain = 391.984
---------------------------------------------------------------------------------
---------------------------------------------------------------------------------
Start Timing Optimization
---------------------------------------------------------------------------------
---------------------------------------------------------------------------------
Finished Timing Optimization : Time (s): cpu = 00:00:29 ; elapsed = 00:00:31 . Memory (MB): peak = 1040.492 ; gain = 403.688
---------------------------------------------------------------------------------

Report RTL Partitions: 
+-+--------------+------------+----------+
| |RTL Partition |Replication |Instances |
+-+--------------+------------+----------+
+-+--------------+------------+----------+
---------------------------------------------------------------------------------
Start Technology Mapping
---------------------------------------------------------------------------------
INFO: [Synth 8-3332] Sequential element (FSM_sequential_rst_blk_state_reg[0]) is unused and will be removed from module mipi_dphy_v4_1_3_rx_rst_logic_7series.
---------------------------------------------------------------------------------
Finished Technology Mapping : Time (s): cpu = 00:00:30 ; elapsed = 00:00:32 . Memory (MB): peak = 1042.066 ; gain = 405.262
---------------------------------------------------------------------------------

Report RTL Partitions: 
+-+--------------+------------+----------+
| |RTL Partition |Replication |Instances |
+-+--------------+------------+----------+
+-+--------------+------------+----------+
---------------------------------------------------------------------------------
Start IO Insertion
---------------------------------------------------------------------------------
---------------------------------------------------------------------------------
Start Flattening Before IO Insertion
---------------------------------------------------------------------------------
---------------------------------------------------------------------------------
Finished Flattening Before IO Insertion
---------------------------------------------------------------------------------
---------------------------------------------------------------------------------
Start Final Netlist Cleanup
---------------------------------------------------------------------------------
---------------------------------------------------------------------------------
Finished Final Netlist Cleanup
---------------------------------------------------------------------------------
---------------------------------------------------------------------------------
Finished IO Insertion : Time (s): cpu = 00:00:32 ; elapsed = 00:00:34 . Memory (MB): peak = 1047.855 ; gain = 411.051
---------------------------------------------------------------------------------

Report Check Netlist: 
+------+------------------+-------+---------+-------+------------------+
|      |Item              |Errors |Warnings |Status |Description       |
+------+------------------+-------+---------+-------+------------------+
|1     |multi_driven_nets |      0|        0|Passed |Multi driven nets |
+------+------------------+-------+---------+-------+------------------+
---------------------------------------------------------------------------------
Start Renaming Generated Instances
---------------------------------------------------------------------------------
---------------------------------------------------------------------------------
Finished Renaming Generated Instances : Time (s): cpu = 00:00:32 ; elapsed = 00:00:34 . Memory (MB): peak = 1047.855 ; gain = 411.051
---------------------------------------------------------------------------------

Report RTL Partitions: 
+-+--------------+------------+----------+
| |RTL Partition |Replication |Instances |
+-+--------------+------------+----------+
+-+--------------+------------+----------+
---------------------------------------------------------------------------------
Start Rebuilding User Hierarchy
---------------------------------------------------------------------------------
---------------------------------------------------------------------------------
Finished Rebuilding User Hierarchy : Time (s): cpu = 00:00:32 ; elapsed = 00:00:34 . Memory (MB): peak = 1047.855 ; gain = 411.051
---------------------------------------------------------------------------------
---------------------------------------------------------------------------------
Start Renaming Generated Ports
---------------------------------------------------------------------------------
---------------------------------------------------------------------------------
Finished Renaming Generated Ports : Time (s): cpu = 00:00:32 ; elapsed = 00:00:34 . Memory (MB): peak = 1047.855 ; gain = 411.051
---------------------------------------------------------------------------------
---------------------------------------------------------------------------------
Start Handling Custom Attributes
---------------------------------------------------------------------------------
---------------------------------------------------------------------------------
Finished Handling Custom Attributes : Time (s): cpu = 00:00:32 ; elapsed = 00:00:34 . Memory (MB): peak = 1047.855 ; gain = 411.051
---------------------------------------------------------------------------------
---------------------------------------------------------------------------------
Start Renaming Generated Nets
---------------------------------------------------------------------------------
---------------------------------------------------------------------------------
Finished Renaming Generated Nets : Time (s): cpu = 00:00:32 ; elapsed = 00:00:34 . Memory (MB): peak = 1047.855 ; gain = 411.051
---------------------------------------------------------------------------------
---------------------------------------------------------------------------------
Start Writing Synthesis Report
---------------------------------------------------------------------------------

Report BlackBoxes: 
+-+--------------+----------+
| |BlackBox name |Instances |
+-+--------------+----------+
+-+--------------+----------+

Report Cell Usage: 
+------+----------+------+
|      |Cell      |Count |
+------+----------+------+
|1     |BUFIO     |     1|
|2     |BUFR      |     1|
|3     |CARRY4    |    16|
|4     |ISERDESE2 |     2|
|5     |LUT1      |   486|
|6     |LUT2      |    88|
|7     |LUT3      |   100|
|8     |LUT4      |    99|
|9     |LUT5      |   155|
|10    |LUT6      |   355|
|11    |FDCE      |    72|
|12    |FDPE      |    12|
|13    |FDRE      |   472|
|14    |FDSE      |     2|
|15    |IBUFDS    |     3|
+------+----------+------+

Report Instance Areas: 
+------+-------------------------------------------------------------+-------------------------------------------------+------+
|      |Instance                                                     |Module                                           |Cells |
+------+-------------------------------------------------------------+-------------------------------------------------+------+
|1     |top                                                          |                                                 |  1864|
|2     |  inst                                                       |mipi_dphy_core                                   |  1864|
|3     |    inst                                                     |mipi_dphy_c1                                     |  1864|
|4     |      mipi_dphy_rx_support_i                                 |mipi_dphy_support                                |  1864|
|5     |        \slave_rx.u_core_rst_coreclk_sync_rx_i               |mipi_dphy_v4_1_3_rx_rst_sync__2                  |     3|
|6     |        \slave_rx.cl_enable_sync_support_i                   |mipi_dphy_v4_1_3_rx_sync_cell__1                 |    25|
|7     |        \slave_rx.u_rx_rst_logic_7series                     |mipi_dphy_v4_1_3_rx_rst_logic_7series            |    27|
|8     |          core_rst_sync_i                                    |mipi_dphy_v4_1_3_rx_sync_cell__2                 |    25|
|9     |        \slave_rx.dphy_rx_fab_top                            |mipi_dphy_v4_1_3_rx_fab_top                      |  1797|
|10    |          maxfrm_wait_done_sync_i                            |mipi_dphy_v4_1_3_rx_sync_cell                    |    26|
|11    |          cl_enable_sync_fab_top_i                           |mipi_dphy_v4_1_3_rx_sync_cell__parameterized0    |    25|
|12    |          clk_active_r_sync                                  |mipi_dphy_v4_1_3_rx_sync_cell__parameterized0_0  |    25|
|13    |          \en_rx_rst_sync_initval.u_sys_rst_byteclk_sync_i   |mipi_dphy_v4_1_3_rx_rst_sync__parameterized0     |     3|
|14    |          \gen_rx_clk_lane.dphy_rx_clk_lane                  |mipi_dphy_v4_1_3_rx_clk_lane                     |   216|
|15    |            cl_enable_sync_i                                 |mipi_dphy_v4_1_3_rx_sync_cell__parameterized0_17 |    30|
|16    |            lp_state_sync0_i                                 |mipi_dphy_v4_1_3_rx_sync_cell__parameterized1_18 |    48|
|17    |            lp_state_sync1_i                                 |mipi_dphy_v4_1_3_rx_sync_cell__parameterized1_19 |    38|
|18    |          \gen_rx_data_lane[0].rx_data_lane_inst             |mipi_dphy_v4_1_3_rx_data_lane                    |   698|
|19    |            \gen_calib_result.u_tap_comp_rst_byteclk_sync_i  |mipi_dphy_v4_1_3_rx_rst_sync__1                  |     3|
|20    |            \gen_calib_result.cal_done_sync_i                |mipi_dphy_v4_1_3_rx_sync_cell__parameterized0_8  |    25|
|21    |            \gen_hs_high_rates_spec_v1_1.rx_sot_det_align_i  |mipi_dphy_v4_1_3_rx_sot_det_align_9              |   184|
|22    |              en_hs_lpn_sync_i                               |mipi_dphy_v4_1_3_rx_sync_cell__parameterized1_16 |    25|
|23    |            \gen_rx_data_lane_sm.rx_data_lane_sm             |mipi_dphy_v4_1_3_rx_data_lane_sm_10              |   435|
|24    |              dl_enable_sync_i                               |mipi_dphy_v4_1_3_rx_sync_cell__parameterized0_12 |    61|
|25    |              dl_forcerxmode_sync_i                          |mipi_dphy_v4_1_3_rx_sync_cell__parameterized0_13 |    26|
|26    |              lp_state_sync0_i                               |mipi_dphy_v4_1_3_rx_sync_cell__parameterized1_14 |    52|
|27    |              lp_state_sync1_i                               |mipi_dphy_v4_1_3_rx_sync_cell__parameterized1_15 |    48|
|28    |            rxactivehs_sync_i                                |mipi_dphy_v4_1_3_rx_sync_cell__parameterized0_11 |    27|
|29    |          \gen_rx_data_lane[1].rx_data_lane_inst             |mipi_dphy_v4_1_3_rx_data_lane_1                  |   691|
|30    |            \gen_calib_result.u_tap_comp_rst_byteclk_sync_i  |mipi_dphy_v4_1_3_rx_rst_sync                     |     3|
|31    |            \gen_calib_result.cal_done_sync_i                |mipi_dphy_v4_1_3_rx_sync_cell__parameterized0_2  |    25|
|32    |            \gen_hs_high_rates_spec_v1_1.rx_sot_det_align_i  |mipi_dphy_v4_1_3_rx_sot_det_align                |   178|
|33    |              en_hs_lpn_sync_i                               |mipi_dphy_v4_1_3_rx_sync_cell__parameterized1_7  |    25|
|34    |            \gen_rx_data_lane_sm.rx_data_lane_sm             |mipi_dphy_v4_1_3_rx_data_lane_sm                 |   434|
|35    |              dl_enable_sync_i                               |mipi_dphy_v4_1_3_rx_sync_cell__parameterized0_4  |    61|
|36    |              dl_forcerxmode_sync_i                          |mipi_dphy_v4_1_3_rx_sync_cell__parameterized0_5  |    26|
|37    |              lp_state_sync0_i                               |mipi_dphy_v4_1_3_rx_sync_cell__parameterized1    |    52|
|38    |              lp_state_sync1_i                               |mipi_dphy_v4_1_3_rx_sync_cell__parameterized1_6  |    48|
|39    |            rxactivehs_sync_i                                |mipi_dphy_v4_1_3_rx_sync_cell__parameterized0_3  |    27|
|40    |          init_done_div4clk_sync_i                           |mipi_dphy_v4_1_3_rx_sync_cell__parameterized2    |    25|
|41    |          u_rx_support_rst_logic                             |mipi_dphy_v4_1_3_rx_support_rst_logic            |    59|
|42    |            core_rst_sync_i                                  |mipi_dphy_v4_1_3_rx_sync_cell__3                 |    25|
|43    |            phy_rdy_sync_i                                   |mipi_dphy_v4_1_3_rx_sync_cell__4                 |    25|
|44    |        \slave_rx.mipi_dphy_rx_ioi_i                         |mipi_dphy_v4_1_3_rx_ioi_7series                  |    12|
+------+-------------------------------------------------------------+-------------------------------------------------+------+
---------------------------------------------------------------------------------
Finished Writing Synthesis Report : Time (s): cpu = 00:00:32 ; elapsed = 00:00:34 . Memory (MB): peak = 1047.855 ; gain = 411.051
---------------------------------------------------------------------------------
Synthesis finished with 0 errors, 0 critical warnings and 998 warnings.
Synthesis Optimization Runtime : Time (s): cpu = 00:00:24 ; elapsed = 00:00:32 . Memory (MB): peak = 1047.855 ; gain = 277.891
Synthesis Optimization Complete : Time (s): cpu = 00:00:32 ; elapsed = 00:00:34 . Memory (MB): peak = 1047.855 ; gain = 411.051
INFO: [Project 1-571] Translating synthesized netlist
INFO: [Netlist 29-17] Analyzing 22 Unisim elements for replacement
INFO: [Netlist 29-28] Unisim Transformation completed in 0 CPU seconds
INFO: [Project 1-570] Preparing netlist for logic optimization
INFO: [Opt 31-138] Pushed 1 inverter(s) to 2 load pin(s).
Netlist sorting complete. Time (s): cpu = 00:00:00 ; elapsed = 00:00:00 . Memory (MB): peak = 1047.855 ; gain = 0.000
INFO: [Project 1-111] Unisim Transformation Summary:
No Unisim elements were transformed.

INFO: [Common 17-83] Releasing license: Synthesis
45 Infos, 139 Warnings, 0 Critical Warnings and 0 Errors encountered.
synth_design completed successfully
synth_design: Time (s): cpu = 00:00:38 ; elapsed = 00:00:40 . Memory (MB): peak = 1047.855 ; gain = 657.148
Netlist sorting complete. Time (s): cpu = 00:00:00 ; elapsed = 00:00:00 . Memory (MB): peak = 1047.855 ; gain = 0.000
WARNING: [Constraints 18-5210] No constraints selected for write.
Resolution: This message can indicate that there are no constraints for the design, or it can indicate that the used_in flags are set such that the constraints are ignored. This later case is used when running synth_design to not write synthesis constraints to the resulting checkpoint. Instead, project constraints are read when the synthesized design is opened.
INFO: [Common 17-1381] The checkpoint 'D:/Library_Projects_FPGA/GeopticCam/GeopticCam.runs/mipi_dphy_synth_1/mipi_dphy.dcp' has been generated.
WARNING: [Common 17-576] 'use_project_ipc' is deprecated. This option is deprecated and no longer used.
INFO: [Coretcl 2-1648] Added synthesis output to IP cache for IP mipi_dphy, cache-ID = b9303dfc4962ac50
INFO: [Coretcl 2-1174] Renamed 43 cell refs.
Netlist sorting complete. Time (s): cpu = 00:00:00 ; elapsed = 00:00:00.001 . Memory (MB): peak = 1047.855 ; gain = 0.000
WARNING: [Constraints 18-5210] No constraints selected for write.
Resolution: This message can indicate that there are no constraints for the design, or it can indicate that the used_in flags are set such that the constraints are ignored. This later case is used when running synth_design to not write synthesis constraints to the resulting checkpoint. Instead, project constraints are read when the synthesized design is opened.
INFO: [Common 17-1381] The checkpoint 'D:/Library_Projects_FPGA/GeopticCam/GeopticCam.runs/mipi_dphy_synth_1/mipi_dphy.dcp' has been generated.
INFO: [runtcl-4] Executing : report_utilization -file mipi_dphy_utilization_synth.rpt -pb mipi_dphy_utilization_synth.pb
INFO: [Common 17-206] Exiting Vivado at Wed Sep 22 16:40:17 2021...
